[113726][1738408541787][main][info]["Booting Postman 11.28.4, linux-6.12.7-arch1-1 on x64"]
[113726][1738408541792][main][info]["EventBus~initialize - Success"]
[113726][1738408541795][main][info]["Proxy configuration has not been setup"]
[113726][1738408541796][main][info]["CloudProxyManager~init - Success"]
[113726][1738408541871][main][info]["performShellDataMigration: Starting shell data migration"]
[113726][1738408541872][main][info]["migrateShellData:Starting"]
[113726][1738408541879][main][info]["migrateShellData: Old storage cleaned up"]
[113726][1738408542203][main][info]["migrateShellData: Got data from shell. Writing to storage"]
[113726][1738408542212][main][info]["performShellDataMigration: Migration successful on try count 1"]
[113726][1738408542217][main][error]["Main~booting: Failed",{"code":"MODULE_NOT_FOUND","requireStack":["/opt/postman/app/resources/app/node_modules/@postman-app/app-updater/src/autoUpdater/LinuxAutoUpdater.js","/opt/postman/app/resources/app/node_modules/@postman-app/app-updater/src/index.js","/opt/postman/app/resources/app/services/UpdaterHandler.js","/opt/postman/app/resources/app/main.js",null],"name":"Error","message":"Cannot find module '@postman/hermes'\nRequire stack:\n- /opt/postman/app/resources/app/node_modules/@postman-app/app-updater/src/autoUpdater/LinuxAutoUpdater.js\n- /opt/postman/app/resources/app/node_modules/@postman-app/app-updater/src/index.js\n- /opt/postman/app/resources/app/services/UpdaterHandler.js\n- /opt/postman/app/resources/app/main.js\n- ","stack":"Error: Cannot find module '@postman/hermes'\nRequire stack:\n- /opt/postman/app/resources/app/node_modules/@postman-app/app-updater/src/autoUpdater/LinuxAutoUpdater.js\n- /opt/postman/app/resources/app/node_modules/@postman-app/app-updater/src/index.js\n- /opt/postman/app/resources/app/services/UpdaterHandler.js\n- /opt/postman/app/resources/app/main.js\n- \n    at Module._resolveFilename (node:internal/modules/cjs/loader:1152:15)\n    at s._resolveFilename (node:electron/js2c/browser_init:2:121381)\n    at Module._load (node:internal/modules/cjs/loader:993:27)\n    at c._load (node:electron/js2c/node_init:2:17025)\n    at Module.require (node:internal/modules/cjs/loader:1240:19)\n    at require (node:internal/modules/helpers:179:18)\n    at Object.<anonymous> (/opt/postman/app/resources/app/node_modules/@postman-app/app-updater/src/autoUpdater/LinuxAutoUpdater.js:1:16)\n    at Module._compile (node:internal/modules/cjs/loader:1373:14)\n    at Module._extensions..js (node:internal/modules/cjs/loader:1432:10)\n    at Module.load (node:internal/modules/cjs/loader:1215:32)"}]
[113726][1738408542220][main][info]["LeaderSelection: Initialized successfully"]
[113726][1738408542221][main][info]["VersionDependencyService: Initialized successfully"]
[113726][1738408542241][main][info]["GPU detected VID 4318 DID 7942 ACTIVE true"]
[113726][1738408542244][main][info]["shellController~init: Success"]
[113726][1738408542244][main][info]["shellMeta~init: Success"]
[113726][1738408542244][main][info]["partitionMigrationService: State of V7 partition:"]
[113726][1738408542245][main][info]["partitionMigrationService: V7 partitions",[]]
[113726][1738408542245][main][info]["partitionMigrationService~rectifyNamespaceOfScratchPadPartition: There is no partition with scratchpad namespace"]
[113726][1738408542246][main][info]["partitionMigrationService~rectifyNamespaceOfScratchPadPartition: There is no transit partition which could have been used for scratchpad"]
[113726][1738408542246][main][info]["partitionMigrationService~init: Success"]
[113726][1738408542246][main][info]["partitionMigrationService~runV8PartitionsIntegrity: Two way migration~ removing the following partitions from v8",[]]
[113726][1738408542247][main][info]["userPartitionService~_rectifyTheActivePartitionOfApplication: Setting the active partition to ",null]
[113726][1738408542271][main][info]["Generated root certificate for linux"]
[113726][1738408542293][main][info]["newAccountRegionPreferenceService~getPreferenceWithFallback - Preference not found in storage."]
[113726][1738408542293][main][info]["newAccountRegionPreferenceService~getToggleMenuTemplate - Using preference:","useUSRegion"]
[113726][1738408542307][main][info]["userPartitionService~init: Success"]
[113726][1738408542334][main][info]["userPartitionService: State of v8 partition system:"]
[113726][1738408542335][main][info]["shell~init~getPartitionToLoad: loading scratchpad partition"]
[113726][1738408542335][main][info]["userPartitionService: List of partitions:",[]]
[113726][1738408542335][main][info]["userPartitionService: users global meta:",{}]
[113726][1738408542350][main][info]["Main:windowManager~newRequesterWindow: Fetch and update runtime config: undefined"]
[113726][1738408542493][main][info]["proxyCertificateService~ensureRootCAPresence: Deleting and creating new certificates"]
[113726][1738408546868][main][info]["RuntimeIPCAgent~started: Success"]
[113726][1738408546888][main][info]["Main~scratchpadThemeAction:: action: set, value: dark"]
[113726][1738408546893][main][info]["Main~scratchpadThemeAction:: action: set, value: dark"]
[113726][1738408546915][main][info]["Main~scratchpadThemeAction:: action: set, value: dark"]
[113726][1738408546941][main][info]["windowManager: First requester booted successfully."]
[113726][1738408546942][main][info]["windowManager~restoreWindows: Restoring requester windows"]
[113726][1738408546943][main][info]["Main~AppEvents - Received booted event for process requester.Version undefined UI Version: undefined Desktop Platform Version: 11.28.4"]
[113726][1738408558678][main][info]["VersionDependencyService: Resetting UI version as user logged out/switched account"]
[113726][1738408558679][main][info]["Main - model-events~user - (users, add) received"]
[113726][1738408559106][main][info]["AuthHandler~open: Received dom-ready event."]
[113726][1738408559110][main][info]["AuthHandler~open: Received did-finish-load event."]
[113726][1738408559282][main][warn]["AuthHandler~open: Current app is not default protocol client - Falling back to polling mechanism."]
[113726][1738408559284][main][info]["newAccountRegionPreferenceService~getPreferenceWithFallback - Preference not found in storage."]
[113726][1738408559285][main][info]["newAccountRegionPreferenceService~getRegionPreference - Using preference:","useUSRegion"]
[113726][1738408559285][main][info]["AuthHandler~open: new Account region preference:","us"]
[113726][1738408559285][main][info]["AuthHandler~open: get multiLoginToken token."]
[113726][1738408559286][main][info]["AuthHandler~open: Publishing initialize event to auth-window channel."]
[113726][1738408568457][main][info]["userPartitionService: State of v8 partition system:"]
[113726][1738408568457][main][info]["shell~init~getPartitionToLoad: loading scratchpad partition"]
[113726][1738408568458][main][info]["userPartitionService: List of partitions:",[{"partitionId":"2e2ab100-132d-4931-a23a-2f019896dcd7","namespace":"scratchPad","userId":0,"teamId":0,"isDirty":false}]]
[113726][1738408568458][main][info]["userPartitionService: users global meta:",{}]
[113726][1738408568458][main][info]["Main:windowManager~newRequesterWindow: Fetch and update runtime config: undefined"]
[113726][1738408571393][main][info]["Main~scratchpadThemeAction:: action: set, value: dark"]
[113726][1738408571398][main][info]["Main~scratchpadThemeAction:: action: set, value: dark"]
[113726][1738408571409][main][info]["Main~scratchpadThemeAction:: action: set, value: dark"]
[113726][1738408571443][main][info]["windowManager: First requester booted successfully."]
[113726][1738408571443][main][info]["windowManager~restoreWindows: Restoring requester windows"]
[113726][1738408571444][main][info]["Main~AppEvents - Received booted event for process requester.Version undefined UI Version: undefined Desktop Platform Version: 11.28.4"]
[113726][1738408580198][main][info]["VersionDependencyService: Resetting UI version as user logged out/switched account"]
[113726][1738408580199][main][info]["Main - model-events~user - (users, add) received"]
[113726][1738408580600][main][info]["AuthHandler~open: Received dom-ready event."]
[113726][1738408580604][main][info]["AuthHandler~open: Received did-finish-load event."]
[113726][1738408580774][main][warn]["AuthHandler~open: Current app is not default protocol client - Falling back to polling mechanism."]
[113726][1738408580776][main][info]["newAccountRegionPreferenceService~getPreferenceWithFallback - Preference not found in storage."]
[113726][1738408580777][main][info]["newAccountRegionPreferenceService~getRegionPreference - Using preference:","useUSRegion"]
[113726][1738408580777][main][info]["AuthHandler~open: new Account region preference:","us"]
[113726][1738408580777][main][info]["AuthHandler~open: get multiLoginToken token."]
[113726][1738408580777][main][info]["AuthHandler~open: Publishing initialize event to auth-window channel."]
[113726][1738408617960][main][info]["Shell~init~loginUser: associating the user ","41721286"," with transit partition"]
[113726][1738408617961][main][info]["userPartitionService~getNewPartitionId: creating a partition with userId and teamId as 0"]
[113726][1738408617983][main][info]["userPartitionService~associateTransitPartition: ",{"partitionId":"d4a0008c-4925-4292-8c35-f95b3f16ed98","context":{"namespace":"users","userId":"41721286","teamId":"0","region":"us"}}]
[113726][1738408618007][main][info]["userPartitionService: State of v8 partition system:"]
[113726][1738408618008][main][info]["userPartitionService: List of partitions:",[{"partitionId":"d4a0008c-4925-4292-8c35-f95b3f16ed98","namespace":"users","userId":"41721286","teamId":"0","lastUpdated":"2025-02-01T11:16:57.983Z"},{"partitionId":"2e2ab100-132d-4931-a23a-2f019896dcd7","namespace":"scratchPad","userId":0,"teamId":0,"isDirty":false}]]
[113726][1738408618008][main][info]["userPartitionService: users global meta:",{}]
[113726][1738408618016][main][info]["Main:windowManager~newRequesterWindow: Fetch and update runtime config: us"]
[113726][1738408622173][main][info]["Main~getRemoteInitPath:: "]
[113726][1738408622307][main][info]["Main - model-events~user - (user, update) received"]
[113726][1738408622307][main][info]["Main~reload: https://desktop.postman.com/?desktopVersion=11.28.4&userId=41721286&teamId=0&region=us"]
[113726][1738408622772][main][info]["INTERCEPTOR CONNECTIVITY: Connecting to Interceptor Bridge"]
[113726][1738408622786][main][info]["windowManager: First requester booted successfully."]
[113726][1738408622787][main][info]["windowManager~restoreWindows: Restoring requester windows"]
[113726][1738408622787][main][info]["Main~AppEvents - Received booted event for process requester.Version 11.29.4 UI Version: 11.29.4-ui-250122-2337 Desktop Platform Version: 11.28.4"]
[113726][1738408622931][main][info]["Main~getRemoteInitPath:: "]
[113726][1738408624786][main][info]["Main~getRemoteInitPath:: "]
[113726][1738408624880][main][info]["Main - model-events~user - (user, update) received"]
[113726][1738408625360][main][info]["Main~AppEvents - Received booted event for process requester.Version 11.29.4 UI Version: 11.29.4-ui-250122-2337 Desktop Platform Version: 11.28.4"]
[113726][1738408625430][main][info]["Main~getRemoteInitPath:: "]
[113726][1738408625798][main][info]["INTERCEPTOR CONNECTIVITY: Attempting to start websocket server on port 15611"]
[113726][1738408625977][main][info]["Main~getPlatformLaunchPerfMetrics"]
[113726][1738408625986][main][info]["Main - model-events~user - (user, bootstrapUser) received"]
[113726][1738408625986][main][info]["model-events~user - bootstrapUser received"]
[113726][1738408626017][main][info]["Main - model-events~user - (user, bootstrapUser) received"]
[113726][1738408626017][main][info]["model-events~user - bootstrapUser received"]
[113726][1738408650330][main][error]["Error while retrieving user key from keychain",{"name":"Error","message":"The name is not activatable","stack":"Error: The name is not activatable"}]
[113726][1738408711904][main][info]["WindowManager~closeHandler - Closed Window (id: 6 )"]
[113726][1738408711933][main][info]["Quitting app"]
[33938][1738501389352][main][info]["Booting Postman 11.28.4, linux-6.12.7-arch1-1 on x64"]
[33938][1738501389357][main][info]["EventBus~initialize - Success"]
[33938][1738501389362][main][info]["Proxy configuration has not been setup"]
[33938][1738501389363][main][info]["CloudProxyManager~init - Success"]
[33938][1738501389460][main][info]["performShellDataMigration: Migration has already been done. Bailing out"]
[33938][1738501389464][main][error]["Main~booting: Failed",{"code":"MODULE_NOT_FOUND","requireStack":["/opt/postman/app/resources/app/node_modules/@postman-app/app-updater/src/autoUpdater/LinuxAutoUpdater.js","/opt/postman/app/resources/app/node_modules/@postman-app/app-updater/src/index.js","/opt/postman/app/resources/app/services/UpdaterHandler.js","/opt/postman/app/resources/app/main.js",null],"name":"Error","message":"Cannot find module '@postman/hermes'\nRequire stack:\n- /opt/postman/app/resources/app/node_modules/@postman-app/app-updater/src/autoUpdater/LinuxAutoUpdater.js\n- /opt/postman/app/resources/app/node_modules/@postman-app/app-updater/src/index.js\n- /opt/postman/app/resources/app/services/UpdaterHandler.js\n- /opt/postman/app/resources/app/main.js\n- ","stack":"Error: Cannot find module '@postman/hermes'\nRequire stack:\n- /opt/postman/app/resources/app/node_modules/@postman-app/app-updater/src/autoUpdater/LinuxAutoUpdater.js\n- /opt/postman/app/resources/app/node_modules/@postman-app/app-updater/src/index.js\n- /opt/postman/app/resources/app/services/UpdaterHandler.js\n- /opt/postman/app/resources/app/main.js\n- \n    at Module._resolveFilename (node:internal/modules/cjs/loader:1152:15)\n    at s._resolveFilename (node:electron/js2c/browser_init:2:121381)\n    at Module._load (node:internal/modules/cjs/loader:993:27)\n    at c._load (node:electron/js2c/node_init:2:17025)\n    at Module.require (node:internal/modules/cjs/loader:1240:19)\n    at require (node:internal/modules/helpers:179:18)\n    at Object.<anonymous> (/opt/postman/app/resources/app/node_modules/@postman-app/app-updater/src/autoUpdater/LinuxAutoUpdater.js:1:16)\n    at Module._compile (node:internal/modules/cjs/loader:1373:14)\n    at Module._extensions..js (node:internal/modules/cjs/loader:1432:10)\n    at Module.load (node:internal/modules/cjs/loader:1215:32)"}]
[33938][1738501389468][main][info]["LeaderSelection: Initialized successfully"]
[33938][1738501389469][main][info]["VersionDependencyService: Initialized successfully"]
[33938][1738501389490][main][info]["GPU detected VID 4318 DID 7942 ACTIVE true"]
[33938][1738501389492][main][info]["shellController~init: Success"]
[33938][1738501389493][main][info]["shellMeta~init: Success"]
[33938][1738501389493][main][info]["partitionMigrationService: State of V7 partition:"]
[33938][1738501389493][main][info]["partitionMigrationService: V7 partitions",[]]
[33938][1738501389494][main][info]["partitionMigrationService~rectifyNamespaceOfScratchPadPartition: There is no partition with scratchpad namespace"]
[33938][1738501389494][main][info]["partitionMigrationService~rectifyNamespaceOfScratchPadPartition: There is no transit partition which could have been used for scratchpad"]
[33938][1738501389494][main][info]["partitionMigrationService~init: Success"]
[33938][1738501389495][main][info]["partitionMigrationService~runV8PartitionsIntegrity: Two way migration~ removing the following partitions from v8",[]]
[33938][1738501389496][main][info]["userPartitionService~getRecentV8UserPartition: recent v8 user context partition ","d4a0008c-4925-4292-8c35-f95b3f16ed98"]
[33938][1738501389497][main][info]["userPartitionService~_rectifyTheActivePartitionOfApplication: Setting the active partition to ","d4a0008c-4925-4292-8c35-f95b3f16ed98"]
[33938][1738501389509][main][info]["newAccountRegionPreferenceService~getPreferenceWithFallback - Preference not found in storage."]
[33938][1738501389510][main][info]["newAccountRegionPreferenceService~getToggleMenuTemplate - Using preference:","useUSRegion"]
[33938][1738501389526][main][info]["userPartitionService~init: Success"]
[33938][1738501389554][main][info]["userPartitionService: State of v8 partition system:"]
[33938][1738501389555][main][info]["shell~init~getPartitionToLoad: loading active partition"]
[33938][1738501389555][main][info]["userPartitionService: List of partitions:",[{"partitionId":"d4a0008c-4925-4292-8c35-f95b3f16ed98","namespace":"users","userId":"41721286","teamId":"0","lastUpdated":"2025-02-01T11:16:57.983Z"},{"partitionId":"2e2ab100-132d-4931-a23a-2f019896dcd7","namespace":"scratchPad","userId":0,"teamId":0,"isDirty":false}]]
[33938][1738501389556][main][info]["userPartitionService: users global meta:",{}]
[33938][1738501389556][main][info]["Main:windowManager~newRequesterWindow: Fetch and update runtime config: us"]
[33938][1738501392575][main][info]["Main~getRemoteInitPath:: "]
[33938][1738501392691][main][info]["INTERCEPTOR CONNECTIVITY: Connecting to Interceptor Bridge"]
[33938][1738501392718][main][info]["windowManager: First requester booted successfully."]
[33938][1738501392719][main][info]["windowManager~restoreWindows: Restoring requester windows"]
[33938][1738501392719][main][info]["Main~AppEvents - Received booted event for process requester.Version 11.29.4 UI Version: 11.29.4-ui-250122-2337 Desktop Platform Version: 11.28.4"]
[33938][1738501392867][main][info]["Main~getRemoteInitPath:: "]
[33938][1738501393249][main][info]["INTERCEPTOR CONNECTIVITY: Attempting to start websocket server on port 15611"]
[33938][1738501393357][main][info]["Main~getPlatformLaunchPerfMetrics"]
[33938][1738501396665][main][info]["RuntimeIPCAgent~started: Success"]
[33938][1738501397042][main][error]["Error while retrieving user key from keychain",{"name":"Error","message":"The name is not activatable","stack":"Error: The name is not activatable"}]
[33938][1738501397056][main][info]["Main - model-events~user - (user, bootstrapUser) received"]
[33938][1738501397057][main][info]["model-events~user - bootstrapUser received"]
[33938][1738509446410][main][info]["Quitting app"]
[33938][1738509446488][main][error]["Main~handleUncaughtError - Uncaught errors",{"errno":-5,"code":"EIO","syscall":"write","name":"Error","message":"write EIO","stack":"Error: write EIO\n    at afterWriteDispatched (node:internal/stream_base_commons:161:15)\n    at writeGeneric (node:internal/stream_base_commons:152:3)\n    at Socket._writeGeneric (node:net:953:11)\n    at Socket._write (node:net:965:8)\n    at writeOrBuffer (node:internal/streams/writable:564:12)\n    at _write (node:internal/streams/writable:493:10)\n    at Writable.write (node:internal/streams/writable:502:10)\n    at Console.log (/opt/postman/app/resources/app/node_modules/winston/lib/winston/transports/console.js:77:23)\n    at Console._write (/opt/postman/app/resources/app/node_modules/winston-transport/index.js:103:17)\n    at doWrite (/opt/postman/app/resources/app/node_modules/readable-stream/lib/_stream_writable.js:409:139)\n    at writeOrBuffer (/opt/postman/app/resources/app/node_modules/readable-stream/lib/_stream_writable.js:398:5)\n    at Writable.write (/opt/postman/app/resources/app/node_modules/readable-stream/lib/_stream_writable.js:307:11)\n    at DerivedLogger.ondata (/opt/postman/app/resources/app/node_modules/winston/node_modules/readable-stream/lib/_stream_readable.js:619:20)\n    at DerivedLogger.emit (node:events:519:28)\n    at DerivedLogger.emit (node:domain:488:12)\n    at addChunk (/opt/postman/app/resources/app/node_modules/winston/node_modules/readable-stream/lib/_stream_readable.js:291:12)"}]
[33938][1738509446498][main][error]["Main~handleUncaughtError - Uncaught errors",{"errno":-5,"code":"EIO","syscall":"write","name":"Error","message":"write EIO","stack":"Error: write EIO\n    at afterWriteDispatched (node:internal/stream_base_commons:161:15)\n    at writeGeneric (node:internal/stream_base_commons:152:3)\n    at Socket._writeGeneric (node:net:953:11)\n    at Socket._write (node:net:965:8)\n    at writeOrBuffer (node:internal/streams/writable:564:12)\n    at _write (node:internal/streams/writable:493:10)\n    at Writable.write (node:internal/streams/writable:502:10)\n    at Console.log (/opt/postman/app/resources/app/node_modules/winston/lib/winston/transports/console.js:77:23)\n    at Console._write (/opt/postman/app/resources/app/node_modules/winston-transport/index.js:103:17)\n    at doWrite (/opt/postman/app/resources/app/node_modules/readable-stream/lib/_stream_writable.js:409:139)\n    at writeOrBuffer (/opt/postman/app/resources/app/node_modules/readable-stream/lib/_stream_writable.js:398:5)\n    at Writable.write (/opt/postman/app/resources/app/node_modules/readable-stream/lib/_stream_writable.js:307:11)\n    at DerivedLogger.ondata (/opt/postman/app/resources/app/node_modules/winston/node_modules/readable-stream/lib/_stream_readable.js:619:20)\n    at DerivedLogger.emit (node:events:519:28)\n    at DerivedLogger.emit (node:domain:488:12)\n    at addChunk (/opt/postman/app/resources/app/node_modules/winston/node_modules/readable-stream/lib/_stream_readable.js:291:12)"}]
[33938][1738509446504][main][error]["Main~handleUncaughtError - Uncaught errors",{"errno":-5,"code":"EIO","syscall":"write","name":"Error","message":"write EIO","stack":"Error: write EIO\n    at afterWriteDispatched (node:internal/stream_base_commons:161:15)\n    at writeGeneric (node:internal/stream_base_commons:152:3)\n    at Socket._writeGeneric (node:net:953:11)\n    at Socket._write (node:net:965:8)\n    at writeOrBuffer (node:internal/streams/writable:564:12)\n    at _write (node:internal/streams/writable:493:10)\n    at Writable.write (node:internal/streams/writable:502:10)\n    at console.value (node:internal/console/constructor:311:16)\n    at console.error (node:internal/console/constructor:395:26)\n    at console.error (/opt/postman/app/resources/app/node_modules/@sentry/node/dist/integrations/console.js:58:35)\n    at Object.logAndExitProcess (/opt/postman/app/resources/app/node_modules/@sentry/node/dist/integrations/utils/errorhandling.js:11:13)\n    at OnUncaughtException.handler (/opt/postman/app/resources/app/node_modules/@sentry/node/dist/integrations/onuncaughtexception.js:82:33)\n    at process.emit (node:events:531:35)\n    at process.processEmit [as emit] (/opt/postman/app/resources/app/node_modules/signal-exit/index.js:199:34)\n    at process._fatalException (node:internal/process/execution:188:25)"}]
[33938][1738509446508][main][error]["Main~handleUncaughtError - Uncaught errors",{"errno":-5,"code":"EIO","syscall":"write","name":"Error","message":"write EIO","stack":"Error: write EIO\n    at afterWriteDispatched (node:internal/stream_base_commons:161:15)\n    at writeGeneric (node:internal/stream_base_commons:152:3)\n    at Socket._writeGeneric (node:net:953:11)\n    at Socket._write (node:net:965:8)\n    at writeOrBuffer (node:internal/streams/writable:564:12)\n    at _write (node:internal/streams/writable:493:10)\n    at Writable.write (node:internal/streams/writable:502:10)\n    at Console.log (/opt/postman/app/resources/app/node_modules/winston/lib/winston/transports/console.js:77:23)\n    at Console._write (/opt/postman/app/resources/app/node_modules/winston-transport/index.js:103:17)\n    at doWrite (/opt/postman/app/resources/app/node_modules/readable-stream/lib/_stream_writable.js:409:139)\n    at writeOrBuffer (/opt/postman/app/resources/app/node_modules/readable-stream/lib/_stream_writable.js:398:5)\n    at Writable.write (/opt/postman/app/resources/app/node_modules/readable-stream/lib/_stream_writable.js:307:11)\n    at DerivedLogger.ondata (/opt/postman/app/resources/app/node_modules/winston/node_modules/readable-stream/lib/_stream_readable.js:619:20)\n    at DerivedLogger.emit (node:events:519:28)\n    at DerivedLogger.emit (node:domain:488:12)\n    at addChunk (/opt/postman/app/resources/app/node_modules/winston/node_modules/readable-stream/lib/_stream_readable.js:291:12)"}]
[33938][1738509446510][main][error]["Main~handleUncaughtError - Uncaught errors",{"errno":-5,"code":"EIO","syscall":"write","name":"Error","message":"write EIO","stack":"Error: write EIO\n    at afterWriteDispatched (node:internal/stream_base_commons:161:15)\n    at writeGeneric (node:internal/stream_base_commons:152:3)\n    at Socket._writeGeneric (node:net:953:11)\n    at Socket._write (node:net:965:8)\n    at writeOrBuffer (node:internal/streams/writable:564:12)\n    at _write (node:internal/streams/writable:493:10)\n    at Writable.write (node:internal/streams/writable:502:10)\n    at console.value (node:internal/console/constructor:311:16)\n    at console.error (node:internal/console/constructor:395:26)\n    at console.error (/opt/postman/app/resources/app/node_modules/@sentry/node/dist/integrations/console.js:58:35)\n    at Object.logAndExitProcess (/opt/postman/app/resources/app/node_modules/@sentry/node/dist/integrations/utils/errorhandling.js:11:13)\n    at OnUncaughtException.handler (/opt/postman/app/resources/app/node_modules/@sentry/node/dist/integrations/onuncaughtexception.js:82:33)\n    at process.emit (node:events:531:35)\n    at process.processEmit [as emit] (/opt/postman/app/resources/app/node_modules/signal-exit/index.js:199:34)\n    at process._fatalException (node:internal/process/execution:188:25)"}]
[33938][1738509446513][main][error]["Main~handleUncaughtError - Uncaught errors",{"errno":-5,"code":"EIO","syscall":"write","name":"Error","message":"write EIO","stack":"Error: write EIO\n    at afterWriteDispatched (node:internal/stream_base_commons:161:15)\n    at writeGeneric (node:internal/stream_base_commons:152:3)\n    at Socket._writeGeneric (node:net:953:11)\n    at Socket._write (node:net:965:8)\n    at writeOrBuffer (node:internal/streams/writable:564:12)\n    at _write (node:internal/streams/writable:493:10)\n    at Writable.write (node:internal/streams/writable:502:10)\n    at Console.log (/opt/postman/app/resources/app/node_modules/winston/lib/winston/transports/console.js:77:23)\n    at Console._write (/opt/postman/app/resources/app/node_modules/winston-transport/index.js:103:17)\n    at doWrite (/opt/postman/app/resources/app/node_modules/readable-stream/lib/_stream_writable.js:409:139)\n    at writeOrBuffer (/opt/postman/app/resources/app/node_modules/readable-stream/lib/_stream_writable.js:398:5)\n    at Writable.write (/opt/postman/app/resources/app/node_modules/readable-stream/lib/_stream_writable.js:307:11)\n    at DerivedLogger.ondata (/opt/postman/app/resources/app/node_modules/winston/node_modules/readable-stream/lib/_stream_readable.js:619:20)\n    at DerivedLogger.emit (node:events:519:28)\n    at DerivedLogger.emit (node:domain:488:12)\n    at addChunk (/opt/postman/app/resources/app/node_modules/winston/node_modules/readable-stream/lib/_stream_readable.js:291:12)"}]
[33938][1738509446517][main][error]["Main~handleUncaughtError - Uncaught errors",{"errno":-5,"code":"EIO","syscall":"write","name":"Error","message":"write EIO","stack":"Error: write EIO\n    at afterWriteDispatched (node:internal/stream_base_commons:161:15)\n    at writeGeneric (node:internal/stream_base_commons:152:3)\n    at Socket._writeGeneric (node:net:953:11)\n    at Socket._write (node:net:965:8)\n    at writeOrBuffer (node:internal/streams/writable:564:12)\n    at _write (node:internal/streams/writable:493:10)\n    at Writable.write (node:internal/streams/writable:502:10)\n    at console.value (node:internal/console/constructor:311:16)\n    at console.error (node:internal/console/constructor:395:26)\n    at console.error (/opt/postman/app/resources/app/node_modules/@sentry/node/dist/integrations/console.js:58:35)\n    at Object.logAndExitProcess (/opt/postman/app/resources/app/node_modules/@sentry/node/dist/integrations/utils/errorhandling.js:11:13)\n    at OnUncaughtException.handler (/opt/postman/app/resources/app/node_modules/@sentry/node/dist/integrations/onuncaughtexception.js:82:33)\n    at process.emit (node:events:531:35)\n    at process.processEmit [as emit] (/opt/postman/app/resources/app/node_modules/signal-exit/index.js:199:34)\n    at process._fatalException (node:internal/process/execution:188:25)"}]
[33938][1738509446520][main][error]["Main~handleUncaughtError - Uncaught errors",{"errno":-5,"code":"EIO","syscall":"write","name":"Error","message":"write EIO","stack":"Error: write EIO\n    at afterWriteDispatched (node:internal/stream_base_commons:161:15)\n    at writeGeneric (node:internal/stream_base_commons:152:3)\n    at Socket._writeGeneric (node:net:953:11)\n    at Socket._write (node:net:965:8)\n    at writeOrBuffer (node:internal/streams/writable:564:12)\n    at _write (node:internal/streams/writable:493:10)\n    at Writable.write (node:internal/streams/writable:502:10)\n    at Console.log (/opt/postman/app/resources/app/node_modules/winston/lib/winston/transports/console.js:77:23)\n    at Console._write (/opt/postman/app/resources/app/node_modules/winston-transport/index.js:103:17)\n    at doWrite (/opt/postman/app/resources/app/node_modules/readable-stream/lib/_stream_writable.js:409:139)\n    at writeOrBuffer (/opt/postman/app/resources/app/node_modules/readable-stream/lib/_stream_writable.js:398:5)\n    at Writable.write (/opt/postman/app/resources/app/node_modules/readable-stream/lib/_stream_writable.js:307:11)\n    at DerivedLogger.ondata (/opt/postman/app/resources/app/node_modules/winston/node_modules/readable-stream/lib/_stream_readable.js:619:20)\n    at DerivedLogger.emit (node:events:519:28)\n    at DerivedLogger.emit (node:domain:488:12)\n    at addChunk (/opt/postman/app/resources/app/node_modules/winston/node_modules/readable-stream/lib/_stream_readable.js:291:12)"}]
[33938][1738509446521][main][error]["Main~handleUncaughtError - Uncaught errors",{"errno":-5,"code":"EIO","syscall":"write","name":"Error","message":"write EIO","stack":"Error: write EIO\n    at afterWriteDispatched (node:internal/stream_base_commons:161:15)\n    at writeGeneric (node:internal/stream_base_commons:152:3)\n    at Socket._writeGeneric (node:net:953:11)\n    at Socket._write (node:net:965:8)\n    at writeOrBuffer (node:internal/streams/writable:564:12)\n    at _write (node:internal/streams/writable:493:10)\n    at Writable.write (node:internal/streams/writable:502:10)\n    at console.value (node:internal/console/constructor:311:16)\n    at console.error (node:internal/console/constructor:395:26)\n    at console.error (/opt/postman/app/resources/app/node_modules/@sentry/node/dist/integrations/console.js:58:35)\n    at Object.logAndExitProcess (/opt/postman/app/resources/app/node_modules/@sentry/node/dist/integrations/utils/errorhandling.js:11:13)\n    at OnUncaughtException.handler (/opt/postman/app/resources/app/node_modules/@sentry/node/dist/integrations/onuncaughtexception.js:82:33)\n    at process.emit (node:events:531:35)\n    at process.processEmit [as emit] (/opt/postman/app/resources/app/node_modules/signal-exit/index.js:199:34)\n    at process._fatalException (node:internal/process/execution:188:25)"}]
[33938][1738509446522][main][error]["Main~handleUncaughtError - Uncaught errors",{"errno":-5,"code":"EIO","syscall":"write","name":"Error","message":"write EIO","stack":"Error: write EIO\n    at afterWriteDispatched (node:internal/stream_base_commons:161:15)\n    at writeGeneric (node:internal/stream_base_commons:152:3)\n    at Socket._writeGeneric (node:net:953:11)\n    at Socket._write (node:net:965:8)\n    at writeOrBuffer (node:internal/streams/writable:564:12)\n    at _write (node:internal/streams/writable:493:10)\n    at Writable.write (node:internal/streams/writable:502:10)\n    at Console.log (/opt/postman/app/resources/app/node_modules/winston/lib/winston/transports/console.js:77:23)\n    at Console._write (/opt/postman/app/resources/app/node_modules/winston-transport/index.js:103:17)\n    at doWrite (/opt/postman/app/resources/app/node_modules/readable-stream/lib/_stream_writable.js:409:139)\n    at writeOrBuffer (/opt/postman/app/resources/app/node_modules/readable-stream/lib/_stream_writable.js:398:5)\n    at Writable.write (/opt/postman/app/resources/app/node_modules/readable-stream/lib/_stream_writable.js:307:11)\n    at DerivedLogger.ondata (/opt/postman/app/resources/app/node_modules/winston/node_modules/readable-stream/lib/_stream_readable.js:619:20)\n    at DerivedLogger.emit (node:events:519:28)\n    at DerivedLogger.emit (node:domain:488:12)\n    at addChunk (/opt/postman/app/resources/app/node_modules/winston/node_modules/readable-stream/lib/_stream_readable.js:291:12)"}]
[33938][1738509446529][main][error]["Main~handleUncaughtError - Uncaught errors",{"errno":-5,"code":"EIO","syscall":"write","name":"Error","message":"write EIO","stack":"Error: write EIO\n    at afterWriteDispatched (node:internal/stream_base_commons:161:15)\n    at writeGeneric (node:internal/stream_base_commons:152:3)\n    at Socket._writeGeneric (node:net:953:11)\n    at Socket._write (node:net:965:8)\n    at writeOrBuffer (node:internal/streams/writable:564:12)\n    at _write (node:internal/streams/writable:493:10)\n    at Writable.write (node:internal/streams/writable:502:10)\n    at console.value (node:internal/console/constructor:311:16)\n    at console.error (node:internal/console/constructor:395:26)\n    at console.error (/opt/postman/app/resources/app/node_modules/@sentry/node/dist/integrations/console.js:58:35)\n    at Object.logAndExitProcess (/opt/postman/app/resources/app/node_modules/@sentry/node/dist/integrations/utils/errorhandling.js:11:13)\n    at OnUncaughtException.handler (/opt/postman/app/resources/app/node_modules/@sentry/node/dist/integrations/onuncaughtexception.js:82:33)\n    at process.emit (node:events:531:35)\n    at process.processEmit [as emit] (/opt/postman/app/resources/app/node_modules/signal-exit/index.js:199:34)\n    at process._fatalException (node:internal/process/execution:188:25)"}]
[33938][1738509446531][main][error]["Main~handleUncaughtError - Uncaught errors",{"errno":-5,"code":"EIO","syscall":"write","name":"Error","message":"write EIO","stack":"Error: write EIO\n    at afterWriteDispatched (node:internal/stream_base_commons:161:15)\n    at writeGeneric (node:internal/stream_base_commons:152:3)\n    at Socket._writeGeneric (node:net:953:11)\n    at Socket._write (node:net:965:8)\n    at writeOrBuffer (node:internal/streams/writable:564:12)\n    at _write (node:internal/streams/writable:493:10)\n    at Writable.write (node:internal/streams/writable:502:10)\n    at Console.log (/opt/postman/app/resources/app/node_modules/winston/lib/winston/transports/console.js:77:23)\n    at Console._write (/opt/postman/app/resources/app/node_modules/winston-transport/index.js:103:17)\n    at doWrite (/opt/postman/app/resources/app/node_modules/readable-stream/lib/_stream_writable.js:409:139)\n    at writeOrBuffer (/opt/postman/app/resources/app/node_modules/readable-stream/lib/_stream_writable.js:398:5)\n    at Writable.write (/opt/postman/app/resources/app/node_modules/readable-stream/lib/_stream_writable.js:307:11)\n    at DerivedLogger.ondata (/opt/postman/app/resources/app/node_modules/winston/node_modules/readable-stream/lib/_stream_readable.js:619:20)\n    at DerivedLogger.emit (node:events:519:28)\n    at DerivedLogger.emit (node:domain:488:12)\n    at addChunk (/opt/postman/app/resources/app/node_modules/winston/node_modules/readable-stream/lib/_stream_readable.js:291:12)"}]
[44349][1739108803764][main][info]["Booting Postman 11.28.4, linux-6.12.7-arch1-1 on x64"]
[44349][1739108803769][main][info]["EventBus~initialize - Success"]
[44349][1739108803775][main][info]["Proxy configuration has not been setup"]
[44349][1739108803776][main][info]["CloudProxyManager~init - Success"]
[44349][1739108803856][main][info]["performShellDataMigration: Migration has already been done. Bailing out"]
[44349][1739108803859][main][error]["Main~booting: Failed",{"code":"MODULE_NOT_FOUND","requireStack":["/opt/postman/app/resources/app/node_modules/@postman-app/app-updater/src/autoUpdater/LinuxAutoUpdater.js","/opt/postman/app/resources/app/node_modules/@postman-app/app-updater/src/index.js","/opt/postman/app/resources/app/services/UpdaterHandler.js","/opt/postman/app/resources/app/main.js",null],"name":"Error","message":"Cannot find module '@postman/hermes'\nRequire stack:\n- /opt/postman/app/resources/app/node_modules/@postman-app/app-updater/src/autoUpdater/LinuxAutoUpdater.js\n- /opt/postman/app/resources/app/node_modules/@postman-app/app-updater/src/index.js\n- /opt/postman/app/resources/app/services/UpdaterHandler.js\n- /opt/postman/app/resources/app/main.js\n- ","stack":"Error: Cannot find module '@postman/hermes'\nRequire stack:\n- /opt/postman/app/resources/app/node_modules/@postman-app/app-updater/src/autoUpdater/LinuxAutoUpdater.js\n- /opt/postman/app/resources/app/node_modules/@postman-app/app-updater/src/index.js\n- /opt/postman/app/resources/app/services/UpdaterHandler.js\n- /opt/postman/app/resources/app/main.js\n- \n    at Module._resolveFilename (node:internal/modules/cjs/loader:1152:15)\n    at s._resolveFilename (node:electron/js2c/browser_init:2:121381)\n    at Module._load (node:internal/modules/cjs/loader:993:27)\n    at c._load (node:electron/js2c/node_init:2:17025)\n    at Module.require (node:internal/modules/cjs/loader:1240:19)\n    at require (node:internal/modules/helpers:179:18)\n    at Object.<anonymous> (/opt/postman/app/resources/app/node_modules/@postman-app/app-updater/src/autoUpdater/LinuxAutoUpdater.js:1:16)\n    at Module._compile (node:internal/modules/cjs/loader:1373:14)\n    at Module._extensions..js (node:internal/modules/cjs/loader:1432:10)\n    at Module.load (node:internal/modules/cjs/loader:1215:32)"}]
[44349][1739108803862][main][info]["LeaderSelection: Initialized successfully"]
[44349][1739108803863][main][info]["VersionDependencyService: Initialized successfully"]
[44349][1739108803880][main][info]["GPU detected VID 4318 DID 7942 ACTIVE true"]
[44349][1739108803882][main][info]["shellController~init: Success"]
[44349][1739108803883][main][info]["shellMeta~init: Success"]
[44349][1739108803883][main][info]["partitionMigrationService: State of V7 partition:"]
[44349][1739108803883][main][info]["partitionMigrationService: V7 partitions",[]]
[44349][1739108803883][main][info]["partitionMigrationService~rectifyNamespaceOfScratchPadPartition: There is no partition with scratchpad namespace"]
[44349][1739108803884][main][info]["partitionMigrationService~rectifyNamespaceOfScratchPadPartition: There is no transit partition which could have been used for scratchpad"]
[44349][1739108803884][main][info]["partitionMigrationService~init: Success"]
[44349][1739108803885][main][info]["partitionMigrationService~runV8PartitionsIntegrity: Two way migration~ removing the following partitions from v8",[]]
[44349][1739108803886][main][info]["userPartitionService~getRecentV8UserPartition: recent v8 user context partition ","d4a0008c-4925-4292-8c35-f95b3f16ed98"]
[44349][1739108803886][main][info]["userPartitionService~_rectifyTheActivePartitionOfApplication: Setting the active partition to ","d4a0008c-4925-4292-8c35-f95b3f16ed98"]
[44349][1739108803896][main][info]["newAccountRegionPreferenceService~getPreferenceWithFallback - Preference not found in storage."]
[44349][1739108803896][main][info]["newAccountRegionPreferenceService~getToggleMenuTemplate - Using preference:","useUSRegion"]
[44349][1739108803910][main][info]["userPartitionService~init: Success"]
[44349][1739108803934][main][info]["userPartitionService: State of v8 partition system:"]
[44349][1739108803934][main][info]["shell~init~getPartitionToLoad: loading active partition"]
[44349][1739108803934][main][info]["userPartitionService: List of partitions:",[{"partitionId":"d4a0008c-4925-4292-8c35-f95b3f16ed98","namespace":"users","userId":"41721286","teamId":"0","lastUpdated":"2025-02-01T11:16:57.983Z"},{"partitionId":"2e2ab100-132d-4931-a23a-2f019896dcd7","namespace":"scratchPad","userId":0,"teamId":0,"isDirty":false}]]
[44349][1739108803935][main][info]["userPartitionService: users global meta:",{}]
[44349][1739108803935][main][info]["Main:windowManager~newRequesterWindow: Fetch and update runtime config: us"]
[44349][1739108805357][main][info]["Main~getRemoteInitPath:: "]
[44349][1739108805444][main][info]["INTERCEPTOR CONNECTIVITY: Connecting to Interceptor Bridge"]
[44349][1739108805465][main][info]["windowManager: First requester booted successfully."]
[44349][1739108805465][main][info]["windowManager~restoreWindows: Restoring requester windows"]
[44349][1739108805466][main][info]["Main~AppEvents - Received booted event for process requester.Version 11.29.4 UI Version: 11.29.4-ui-250122-2337 Desktop Platform Version: 11.28.4"]
[44349][1739108805582][main][info]["Main~getRemoteInitPath:: "]
[44349][1739108808110][main][info]["RuntimeIPCAgent~started: Success"]
[44349][1739108808124][main][info]["Main~getPlatformLaunchPerfMetrics"]
[44349][1739108813849][main][info]["sendAnalytics: Error while sending request",{"name":"TypeError","message":"fetch failed","stack":"TypeError: fetch failed\n    at node:internal/deps/undici/undici:12502:13\n    at process.processTicksAndRejections (node:internal/process/task_queues:95:5)"}]
[44349][1739108813856][main][info]["sendAnalytics: Error while sending request",{"name":"TypeError","message":"fetch failed","stack":"TypeError: fetch failed\n    at node:internal/deps/undici/undici:12502:13\n    at process.processTicksAndRejections (node:internal/process/task_queues:95:5)"}]
[44349][1739108813911][main][info]["sendAnalytics: Error while sending request",{"name":"TypeError","message":"fetch failed","stack":"TypeError: fetch failed\n    at node:internal/deps/undici/undici:12502:13\n    at process.processTicksAndRejections (node:internal/process/task_queues:95:5)"}]
[44349][1739108821037][main][info]["INTERCEPTOR CONNECTIVITY: Attempting to start websocket server on port 15611"]
[44349][1739108821920][main][info]["Main - model-events~user - (user, bootstrapUser) received"]
[44349][1739108821920][main][info]["model-events~user - bootstrapUser received"]
[44349][1739108822150][main][error]["Error while retrieving user key from keychain",{"name":"Error","message":"The name is not activatable","stack":"Error: The name is not activatable"}]
[44349][1739109389049][main][info]["sendAnalytics: Error while sending request",{"name":"TypeError","message":"fetch failed","stack":"TypeError: fetch failed\n    at node:internal/deps/undici/undici:12502:13\n    at process.processTicksAndRejections (node:internal/process/task_queues:95:5)"}]
[44349][1739110023112][main][info]["sendAnalytics: Error while sending request",{"name":"TypeError","message":"fetch failed","stack":"TypeError: fetch failed\n    at node:internal/deps/undici/undici:12502:13\n    at process.processTicksAndRejections (node:internal/process/task_queues:95:5)"}]
[44349][1739110036494][main][info]["sendAnalytics: Error while sending request",{"name":"TypeError","message":"fetch failed","stack":"TypeError: fetch failed\n    at node:internal/deps/undici/undici:12502:13\n    at process.processTicksAndRejections (node:internal/process/task_queues:95:5)"}]
[44349][1739111360319][main][info]["Quitting app"]
[44349][1739111360336][main][error]["Main~handleUncaughtError - Uncaught errors",{"errno":-5,"code":"EIO","syscall":"write","name":"Error","message":"write EIO","stack":"Error: write EIO\n    at afterWriteDispatched (node:internal/stream_base_commons:161:15)\n    at writeGeneric (node:internal/stream_base_commons:152:3)\n    at Socket._writeGeneric (node:net:953:11)\n    at Socket._write (node:net:965:8)\n    at writeOrBuffer (node:internal/streams/writable:564:12)\n    at _write (node:internal/streams/writable:493:10)\n    at Writable.write (node:internal/streams/writable:502:10)\n    at Console.log (/opt/postman/app/resources/app/node_modules/winston/lib/winston/transports/console.js:77:23)\n    at Console._write (/opt/postman/app/resources/app/node_modules/winston-transport/index.js:103:17)\n    at doWrite (/opt/postman/app/resources/app/node_modules/readable-stream/lib/_stream_writable.js:409:139)\n    at writeOrBuffer (/opt/postman/app/resources/app/node_modules/readable-stream/lib/_stream_writable.js:398:5)\n    at Writable.write (/opt/postman/app/resources/app/node_modules/readable-stream/lib/_stream_writable.js:307:11)\n    at DerivedLogger.ondata (/opt/postman/app/resources/app/node_modules/winston/node_modules/readable-stream/lib/_stream_readable.js:619:20)\n    at DerivedLogger.emit (node:events:519:28)\n    at DerivedLogger.emit (node:domain:488:12)\n    at addChunk (/opt/postman/app/resources/app/node_modules/winston/node_modules/readable-stream/lib/_stream_readable.js:291:12)"}]
[44349][1739111360339][main][error]["Main~handleUncaughtError - Uncaught errors",{"errno":-5,"code":"EIO","syscall":"write","name":"Error","message":"write EIO","stack":"Error: write EIO\n    at afterWriteDispatched (node:internal/stream_base_commons:161:15)\n    at writeGeneric (node:internal/stream_base_commons:152:3)\n    at Socket._writeGeneric (node:net:953:11)\n    at Socket._write (node:net:965:8)\n    at writeOrBuffer (node:internal/streams/writable:564:12)\n    at _write (node:internal/streams/writable:493:10)\n    at Writable.write (node:internal/streams/writable:502:10)\n    at Console.log (/opt/postman/app/resources/app/node_modules/winston/lib/winston/transports/console.js:77:23)\n    at Console._write (/opt/postman/app/resources/app/node_modules/winston-transport/index.js:103:17)\n    at doWrite (/opt/postman/app/resources/app/node_modules/readable-stream/lib/_stream_writable.js:409:139)\n    at writeOrBuffer (/opt/postman/app/resources/app/node_modules/readable-stream/lib/_stream_writable.js:398:5)\n    at Writable.write (/opt/postman/app/resources/app/node_modules/readable-stream/lib/_stream_writable.js:307:11)\n    at DerivedLogger.ondata (/opt/postman/app/resources/app/node_modules/winston/node_modules/readable-stream/lib/_stream_readable.js:619:20)\n    at DerivedLogger.emit (node:events:519:28)\n    at DerivedLogger.emit (node:domain:488:12)\n    at addChunk (/opt/postman/app/resources/app/node_modules/winston/node_modules/readable-stream/lib/_stream_readable.js:291:12)"}]
[44349][1739111360341][main][error]["Main~handleUncaughtError - Uncaught errors",{"errno":-5,"code":"EIO","syscall":"write","name":"Error","message":"write EIO","stack":"Error: write EIO\n    at afterWriteDispatched (node:internal/stream_base_commons:161:15)\n    at writeGeneric (node:internal/stream_base_commons:152:3)\n    at Socket._writeGeneric (node:net:953:11)\n    at Socket._write (node:net:965:8)\n    at writeOrBuffer (node:internal/streams/writable:564:12)\n    at _write (node:internal/streams/writable:493:10)\n    at Writable.write (node:internal/streams/writable:502:10)\n    at console.value (node:internal/console/constructor:311:16)\n    at console.error (node:internal/console/constructor:395:26)\n    at console.error (/opt/postman/app/resources/app/node_modules/@sentry/node/dist/integrations/console.js:58:35)\n    at Object.logAndExitProcess (/opt/postman/app/resources/app/node_modules/@sentry/node/dist/integrations/utils/errorhandling.js:11:13)\n    at OnUncaughtException.handler (/opt/postman/app/resources/app/node_modules/@sentry/node/dist/integrations/onuncaughtexception.js:82:33)\n    at process.emit (node:events:531:35)\n    at process.processEmit [as emit] (/opt/postman/app/resources/app/node_modules/signal-exit/index.js:199:34)\n    at process._fatalException (node:internal/process/execution:188:25)"}]
[44349][1739111360341][main][error]["Main~handleUncaughtError - Uncaught errors",{"errno":-5,"code":"EIO","syscall":"write","name":"Error","message":"write EIO","stack":"Error: write EIO\n    at afterWriteDispatched (node:internal/stream_base_commons:161:15)\n    at writeGeneric (node:internal/stream_base_commons:152:3)\n    at Socket._writeGeneric (node:net:953:11)\n    at Socket._write (node:net:965:8)\n    at writeOrBuffer (node:internal/streams/writable:564:12)\n    at _write (node:internal/streams/writable:493:10)\n    at Writable.write (node:internal/streams/writable:502:10)\n    at Console.log (/opt/postman/app/resources/app/node_modules/winston/lib/winston/transports/console.js:77:23)\n    at Console._write (/opt/postman/app/resources/app/node_modules/winston-transport/index.js:103:17)\n    at doWrite (/opt/postman/app/resources/app/node_modules/readable-stream/lib/_stream_writable.js:409:139)\n    at writeOrBuffer (/opt/postman/app/resources/app/node_modules/readable-stream/lib/_stream_writable.js:398:5)\n    at Writable.write (/opt/postman/app/resources/app/node_modules/readable-stream/lib/_stream_writable.js:307:11)\n    at DerivedLogger.ondata (/opt/postman/app/resources/app/node_modules/winston/node_modules/readable-stream/lib/_stream_readable.js:619:20)\n    at DerivedLogger.emit (node:events:519:28)\n    at DerivedLogger.emit (node:domain:488:12)\n    at addChunk (/opt/postman/app/resources/app/node_modules/winston/node_modules/readable-stream/lib/_stream_readable.js:291:12)"}]
[44349][1739111360342][main][error]["Main~handleUncaughtError - Uncaught errors",{"errno":-5,"code":"EIO","syscall":"write","name":"Error","message":"write EIO","stack":"Error: write EIO\n    at afterWriteDispatched (node:internal/stream_base_commons:161:15)\n    at writeGeneric (node:internal/stream_base_commons:152:3)\n    at Socket._writeGeneric (node:net:953:11)\n    at Socket._write (node:net:965:8)\n    at writeOrBuffer (node:internal/streams/writable:564:12)\n    at _write (node:internal/streams/writable:493:10)\n    at Writable.write (node:internal/streams/writable:502:10)\n    at console.value (node:internal/console/constructor:311:16)\n    at console.error (node:internal/console/constructor:395:26)\n    at console.error (/opt/postman/app/resources/app/node_modules/@sentry/node/dist/integrations/console.js:58:35)\n    at Object.logAndExitProcess (/opt/postman/app/resources/app/node_modules/@sentry/node/dist/integrations/utils/errorhandling.js:11:13)\n    at OnUncaughtException.handler (/opt/postman/app/resources/app/node_modules/@sentry/node/dist/integrations/onuncaughtexception.js:82:33)\n    at process.emit (node:events:531:35)\n    at process.processEmit [as emit] (/opt/postman/app/resources/app/node_modules/signal-exit/index.js:199:34)\n    at process._fatalException (node:internal/process/execution:188:25)"}]
[44349][1739111360343][main][error]["Main~handleUncaughtError - Uncaught errors",{"errno":-5,"code":"EIO","syscall":"write","name":"Error","message":"write EIO","stack":"Error: write EIO\n    at afterWriteDispatched (node:internal/stream_base_commons:161:15)\n    at writeGeneric (node:internal/stream_base_commons:152:3)\n    at Socket._writeGeneric (node:net:953:11)\n    at Socket._write (node:net:965:8)\n    at writeOrBuffer (node:internal/streams/writable:564:12)\n    at _write (node:internal/streams/writable:493:10)\n    at Writable.write (node:internal/streams/writable:502:10)\n    at Console.log (/opt/postman/app/resources/app/node_modules/winston/lib/winston/transports/console.js:77:23)\n    at Console._write (/opt/postman/app/resources/app/node_modules/winston-transport/index.js:103:17)\n    at doWrite (/opt/postman/app/resources/app/node_modules/readable-stream/lib/_stream_writable.js:409:139)\n    at writeOrBuffer (/opt/postman/app/resources/app/node_modules/readable-stream/lib/_stream_writable.js:398:5)\n    at Writable.write (/opt/postman/app/resources/app/node_modules/readable-stream/lib/_stream_writable.js:307:11)\n    at DerivedLogger.ondata (/opt/postman/app/resources/app/node_modules/winston/node_modules/readable-stream/lib/_stream_readable.js:619:20)\n    at DerivedLogger.emit (node:events:519:28)\n    at DerivedLogger.emit (node:domain:488:12)\n    at addChunk (/opt/postman/app/resources/app/node_modules/winston/node_modules/readable-stream/lib/_stream_readable.js:291:12)"}]
[44349][1739111360344][main][error]["Main~handleUncaughtError - Uncaught errors",{"errno":-5,"code":"EIO","syscall":"write","name":"Error","message":"write EIO","stack":"Error: write EIO\n    at afterWriteDispatched (node:internal/stream_base_commons:161:15)\n    at writeGeneric (node:internal/stream_base_commons:152:3)\n    at Socket._writeGeneric (node:net:953:11)\n    at Socket._write (node:net:965:8)\n    at writeOrBuffer (node:internal/streams/writable:564:12)\n    at _write (node:internal/streams/writable:493:10)\n    at Writable.write (node:internal/streams/writable:502:10)\n    at console.value (node:internal/console/constructor:311:16)\n    at console.error (node:internal/console/constructor:395:26)\n    at console.error (/opt/postman/app/resources/app/node_modules/@sentry/node/dist/integrations/console.js:58:35)\n    at Object.logAndExitProcess (/opt/postman/app/resources/app/node_modules/@sentry/node/dist/integrations/utils/errorhandling.js:11:13)\n    at OnUncaughtException.handler (/opt/postman/app/resources/app/node_modules/@sentry/node/dist/integrations/onuncaughtexception.js:82:33)\n    at process.emit (node:events:531:35)\n    at process.processEmit [as emit] (/opt/postman/app/resources/app/node_modules/signal-exit/index.js:199:34)\n    at process._fatalException (node:internal/process/execution:188:25)"}]
[44349][1739111360345][main][error]["Main~handleUncaughtError - Uncaught errors",{"errno":-5,"code":"EIO","syscall":"write","name":"Error","message":"write EIO","stack":"Error: write EIO\n    at afterWriteDispatched (node:internal/stream_base_commons:161:15)\n    at writeGeneric (node:internal/stream_base_commons:152:3)\n    at Socket._writeGeneric (node:net:953:11)\n    at Socket._write (node:net:965:8)\n    at writeOrBuffer (node:internal/streams/writable:564:12)\n    at _write (node:internal/streams/writable:493:10)\n    at Writable.write (node:internal/streams/writable:502:10)\n    at Console.log (/opt/postman/app/resources/app/node_modules/winston/lib/winston/transports/console.js:77:23)\n    at Console._write (/opt/postman/app/resources/app/node_modules/winston-transport/index.js:103:17)\n    at doWrite (/opt/postman/app/resources/app/node_modules/readable-stream/lib/_stream_writable.js:409:139)\n    at writeOrBuffer (/opt/postman/app/resources/app/node_modules/readable-stream/lib/_stream_writable.js:398:5)\n    at Writable.write (/opt/postman/app/resources/app/node_modules/readable-stream/lib/_stream_writable.js:307:11)\n    at DerivedLogger.ondata (/opt/postman/app/resources/app/node_modules/winston/node_modules/readable-stream/lib/_stream_readable.js:619:20)\n    at DerivedLogger.emit (node:events:519:28)\n    at DerivedLogger.emit (node:domain:488:12)\n    at addChunk (/opt/postman/app/resources/app/node_modules/winston/node_modules/readable-stream/lib/_stream_readable.js:291:12)"}]
[44349][1739111360346][main][error]["Main~handleUncaughtError - Uncaught errors",{"errno":-5,"code":"EIO","syscall":"write","name":"Error","message":"write EIO","stack":"Error: write EIO\n    at afterWriteDispatched (node:internal/stream_base_commons:161:15)\n    at writeGeneric (node:internal/stream_base_commons:152:3)\n    at Socket._writeGeneric (node:net:953:11)\n    at Socket._write (node:net:965:8)\n    at writeOrBuffer (node:internal/streams/writable:564:12)\n    at _write (node:internal/streams/writable:493:10)\n    at Writable.write (node:internal/streams/writable:502:10)\n    at console.value (node:internal/console/constructor:311:16)\n    at console.error (node:internal/console/constructor:395:26)\n    at console.error (/opt/postman/app/resources/app/node_modules/@sentry/node/dist/integrations/console.js:58:35)\n    at Object.logAndExitProcess (/opt/postman/app/resources/app/node_modules/@sentry/node/dist/integrations/utils/errorhandling.js:11:13)\n    at OnUncaughtException.handler (/opt/postman/app/resources/app/node_modules/@sentry/node/dist/integrations/onuncaughtexception.js:82:33)\n    at process.emit (node:events:531:35)\n    at process.processEmit [as emit] (/opt/postman/app/resources/app/node_modules/signal-exit/index.js:199:34)\n    at process._fatalException (node:internal/process/execution:188:25)"}]
[44349][1739111360347][main][error]["Main~handleUncaughtError - Uncaught errors",{"errno":-5,"code":"EIO","syscall":"write","name":"Error","message":"write EIO","stack":"Error: write EIO\n    at afterWriteDispatched (node:internal/stream_base_commons:161:15)\n    at writeGeneric (node:internal/stream_base_commons:152:3)\n    at Socket._writeGeneric (node:net:953:11)\n    at Socket._write (node:net:965:8)\n    at writeOrBuffer (node:internal/streams/writable:564:12)\n    at _write (node:internal/streams/writable:493:10)\n    at Writable.write (node:internal/streams/writable:502:10)\n    at Console.log (/opt/postman/app/resources/app/node_modules/winston/lib/winston/transports/console.js:77:23)\n    at Console._write (/opt/postman/app/resources/app/node_modules/winston-transport/index.js:103:17)\n    at doWrite (/opt/postman/app/resources/app/node_modules/readable-stream/lib/_stream_writable.js:409:139)\n    at writeOrBuffer (/opt/postman/app/resources/app/node_modules/readable-stream/lib/_stream_writable.js:398:5)\n    at Writable.write (/opt/postman/app/resources/app/node_modules/readable-stream/lib/_stream_writable.js:307:11)\n    at DerivedLogger.ondata (/opt/postman/app/resources/app/node_modules/winston/node_modules/readable-stream/lib/_stream_readable.js:619:20)\n    at DerivedLogger.emit (node:events:519:28)\n    at DerivedLogger.emit (node:domain:488:12)\n    at addChunk (/opt/postman/app/resources/app/node_modules/winston/node_modules/readable-stream/lib/_stream_readable.js:291:12)"}]
[44349][1739111360348][main][error]["Main~handleUncaughtError - Uncaught errors",{"errno":-5,"code":"EIO","syscall":"write","name":"Error","message":"write EIO","stack":"Error: write EIO\n    at afterWriteDispatched (node:internal/stream_base_commons:161:15)\n    at writeGeneric (node:internal/stream_base_commons:152:3)\n    at Socket._writeGeneric (node:net:953:11)\n    at Socket._write (node:net:965:8)\n    at writeOrBuffer (node:internal/streams/writable:564:12)\n    at _write (node:internal/streams/writable:493:10)\n    at Writable.write (node:internal/streams/writable:502:10)\n    at console.value (node:internal/console/constructor:311:16)\n    at console.error (node:internal/console/constructor:395:26)\n    at console.error (/opt/postman/app/resources/app/node_modules/@sentry/node/dist/integrations/console.js:58:35)\n    at Object.logAndExitProcess (/opt/postman/app/resources/app/node_modules/@sentry/node/dist/integrations/utils/errorhandling.js:11:13)\n    at OnUncaughtException.handler (/opt/postman/app/resources/app/node_modules/@sentry/node/dist/integrations/onuncaughtexception.js:82:33)\n    at process.emit (node:events:531:35)\n    at process.processEmit [as emit] (/opt/postman/app/resources/app/node_modules/signal-exit/index.js:199:34)\n    at process._fatalException (node:internal/process/execution:188:25)"}]
[44349][1739111360348][main][error]["Main~handleUncaughtError - Uncaught errors",{"errno":-5,"code":"EIO","syscall":"write","name":"Error","message":"write EIO","stack":"Error: write EIO\n    at afterWriteDispatched (node:internal/stream_base_commons:161:15)\n    at writeGeneric (node:internal/stream_base_commons:152:3)\n    at Socket._writeGeneric (node:net:953:11)\n    at Socket._write (node:net:965:8)\n    at writeOrBuffer (node:internal/streams/writable:564:12)\n    at _write (node:internal/streams/writable:493:10)\n    at Writable.write (node:internal/streams/writable:502:10)\n    at Console.log (/opt/postman/app/resources/app/node_modules/winston/lib/winston/transports/console.js:77:23)\n    at Console._write (/opt/postman/app/resources/app/node_modules/winston-transport/index.js:103:17)\n    at doWrite (/opt/postman/app/resources/app/node_modules/readable-stream/lib/_stream_writable.js:409:139)\n    at writeOrBuffer (/opt/postman/app/resources/app/node_modules/readable-stream/lib/_stream_writable.js:398:5)\n    at Writable.write (/opt/postman/app/resources/app/node_modules/readable-stream/lib/_stream_writable.js:307:11)\n    at DerivedLogger.ondata (/opt/postman/app/resources/app/node_modules/winston/node_modules/readable-stream/lib/_stream_readable.js:619:20)\n    at DerivedLogger.emit (node:events:519:28)\n    at DerivedLogger.emit (node:domain:488:12)\n    at addChunk (/opt/postman/app/resources/app/node_modules/winston/node_modules/readable-stream/lib/_stream_readable.js:291:12)"}]
