2025-01-29 00:12:07.503 [info] Reading sessions from keychain...
2025-01-29 00:12:07.503 [info] Getting sessions for all scopes...
2025-01-29 00:12:07.503 [info] Getting sessions for all scopes...
2025-01-29 00:12:07.503 [info] Got stored sessions!
2025-01-29 00:12:07.503 [info] Got 1 verified sessions.
2025-01-29 00:12:07.503 [info] Got 1 sessions for ...
2025-01-29 00:12:07.503 [info] Got 1 sessions for ...
2025-01-29 00:12:07.503 [info] Getting sessions for all scopes...
2025-01-29 00:12:07.503 [info] Got 1 sessions for ...
2025-01-29 00:12:07.503 [info] Getting sessions for all scopes...
2025-01-29 00:12:07.503 [info] Got 1 sessions for ...
2025-01-29 00:12:07.503 [info] Getting sessions for all scopes...
2025-01-29 00:12:07.503 [info] Got 1 sessions for ...
2025-01-29 00:12:07.503 [info] Getting sessions for all scopes...
2025-01-29 00:12:07.503 [info] Got 1 sessions for ...
2025-01-29 00:12:07.503 [info] Getting sessions for all scopes...
2025-01-29 00:12:07.503 [info] Got 1 sessions for ...
2025-01-29 00:12:07.503 [info] Getting sessions for all scopes...
2025-01-29 00:12:07.503 [info] Got 1 sessions for ...
2025-01-29 00:12:07.699 [info] Getting sessions for user:email...
2025-01-29 00:12:07.699 [info] Got 1 sessions for user:email...
2025-01-29 00:12:09.341 [info] Getting sessions for all scopes...
2025-01-29 00:12:09.341 [info] Got 1 sessions for ...
2025-01-29 00:12:10.982 [info] Getting sessions for read:user,repo,user:email,workflow...
2025-01-29 00:12:10.982 [info] Got 0 sessions for read:user,repo,user:email,workflow...
2025-01-29 00:12:46.051 [info] Reading sessions from keychain...
2025-01-29 00:12:46.051 [info] Getting sessions for all scopes...
2025-01-29 00:12:46.051 [info] Getting sessions for all scopes...
2025-01-29 00:12:46.051 [info] Got stored sessions!
2025-01-29 00:12:46.051 [info] Got 1 verified sessions.
2025-01-29 00:12:46.051 [info] Got 1 sessions for ...
2025-01-29 00:12:46.051 [info] Got 1 sessions for ...
2025-01-29 00:12:46.051 [info] Getting sessions for all scopes...
2025-01-29 00:12:46.051 [info] Got 1 sessions for ...
2025-01-29 00:12:46.051 [info] Getting sessions for all scopes...
2025-01-29 00:12:46.051 [info] Got 1 sessions for ...
2025-01-29 00:12:46.051 [info] Getting sessions for all scopes...
2025-01-29 00:12:46.051 [info] Got 1 sessions for ...
2025-01-29 00:12:46.051 [info] Getting sessions for all scopes...
2025-01-29 00:12:46.051 [info] Got 1 sessions for ...
2025-01-29 00:12:46.051 [info] Getting sessions for all scopes...
2025-01-29 00:12:46.051 [info] Got 1 sessions for ...
2025-01-29 00:12:46.428 [info] Getting sessions for user:email...
2025-01-29 00:12:46.429 [info] Got 1 sessions for user:email...
2025-01-29 00:12:47.751 [info] Getting sessions for all scopes...
2025-01-29 00:12:47.751 [info] Got 1 sessions for ...
2025-01-29 00:12:52.202 [info] Getting sessions for read:user,repo,user:email,workflow...
2025-01-29 00:12:52.202 [info] Got 0 sessions for read:user,repo,user:email,workflow...
