2024-12-10 23:44:47 Loading main app package /usr/lib/obsidian/obsidian.asar
2024-12-10 23:44:47 Checking for update using Github
2024-12-10 23:44:48 Success.
2024-12-10 23:44:48 Latest version is 1.7.7
2024-12-10 23:44:48 App is up to date.
2024-12-10 23:45:31 Loading main app package /usr/lib/obsidian/obsidian.asar
2024-12-10 23:45:31 Checking for update using Github
2024-12-10 23:45:32 Success.
2024-12-10 23:45:32 Latest version is 1.7.7
2024-12-10 23:45:32 App is up to date.
2024-12-10 23:50:14 Loading main app package /usr/lib/obsidian/obsidian.asar
2024-12-10 23:50:14 Checking for update using Github
2024-12-10 23:50:15 Success.
2024-12-10 23:50:15 Latest version is 1.7.7
2024-12-10 23:50:15 App is up to date.
2024-12-11 15:54:45 Loading main app package /usr/lib/obsidian/obsidian.asar
2024-12-11 15:54:45 Checking for update using Github
2024-12-11 15:54:46 Success.
2024-12-11 15:54:46 Latest version is 1.7.7
2024-12-11 15:54:46 App is up to date.
2024-12-11 16:54:45 Checking for update using Github
2024-12-11 16:54:45 Success.
2024-12-11 16:54:45 Latest version is 1.7.7
2024-12-11 16:54:45 App is up to date.
2024-12-11 17:54:45 Checking for update using Github
2024-12-11 17:54:45 Success.
2024-12-11 17:54:45 Latest version is 1.7.7
2024-12-11 17:54:45 App is up to date.
2024-12-11 18:54:45 Checking for update using Github
2024-12-11 18:54:46 Success.
2024-12-11 18:54:46 Latest version is 1.7.7
2024-12-11 18:54:46 App is up to date.
2024-12-11 19:54:45 Checking for update using Github
2024-12-11 19:54:46 Success.
2024-12-11 19:54:46 Latest version is 1.7.7
2024-12-11 19:54:46 App is up to date.
2024-12-11 20:54:45 Checking for update using Github
2024-12-11 20:54:46 Success.
2024-12-11 20:54:46 Latest version is 1.7.7
2024-12-11 20:54:46 App is up to date.
2024-12-15 11:57:54 Loading main app package /usr/lib/obsidian/obsidian.asar
2024-12-15 11:57:54 Checking for update using Github
2024-12-15 11:57:54 Success.
2024-12-15 11:57:54 Latest version is 1.7.7
2024-12-15 11:57:54 App is up to date.
2024-12-15 12:57:54 Checking for update using Github
2024-12-15 12:57:54 Success.
2024-12-15 12:57:54 Latest version is 1.7.7
2024-12-15 12:57:54 App is up to date.
2024-12-15 13:57:54 Checking for update using Github
2024-12-15 13:57:54 Success.
2024-12-15 13:57:54 Latest version is 1.7.7
2024-12-15 13:57:54 App is up to date.
2024-12-15 14:57:54 Checking for update using Github
2024-12-15 14:57:54 Success.
2024-12-15 14:57:54 Latest version is 1.7.7
2024-12-15 14:57:54 App is up to date.
2024-12-15 15:57:54 Checking for update using Github
2024-12-15 15:57:55 Success.
2024-12-15 15:57:55 Latest version is 1.7.7
2024-12-15 15:57:55 App is up to date.
2024-12-16 12:06:27 Loading main app package /usr/lib/obsidian/obsidian.asar
2024-12-16 12:06:27 Checking for update using Github
2024-12-16 12:06:28 Success.
2024-12-16 12:06:28 Latest version is 1.7.7
2024-12-16 12:06:28 App is up to date.
2024-12-16 13:06:27 Checking for update using Github
2024-12-16 13:06:27 Success.
2024-12-16 13:06:27 Latest version is 1.7.7
2024-12-16 13:06:27 App is up to date.
2024-12-16 14:06:27 Checking for update using Github
2024-12-16 14:06:27 Success.
2024-12-16 14:06:27 Latest version is 1.7.7
2024-12-16 14:06:27 App is up to date.
2024-12-16 15:06:27 Checking for update using Github
2024-12-16 15:06:27 Success.
2024-12-16 15:06:27 Latest version is 1.7.7
2024-12-16 15:06:27 App is up to date.
2024-12-18 12:36:04 Loading main app package /usr/lib/obsidian/obsidian.asar
2024-12-18 12:36:05 Checking for update using Github
2024-12-18 12:36:05 Success.
2024-12-18 12:36:05 Latest version is 1.7.7
2024-12-18 12:36:05 App is up to date.
2024-12-18 13:36:04 Checking for update using Github
2024-12-18 13:36:04 Success.
2024-12-18 13:36:04 Latest version is 1.7.7
2024-12-18 13:36:04 App is up to date.
2024-12-18 14:36:04 Checking for update using Github
2024-12-18 14:36:04 Success.
2024-12-18 14:36:04 Latest version is 1.7.7
2024-12-18 14:36:04 App is up to date.
2024-12-18 15:36:04 Checking for update using Github
2024-12-18 15:36:05 Success.
2024-12-18 15:36:05 Latest version is 1.7.7
2024-12-18 15:36:05 App is up to date.
2024-12-18 16:36:05 Checking for update using Github
2024-12-18 16:36:05 Success.
2024-12-18 16:36:05 Latest version is 1.7.7
2024-12-18 16:36:05 App is up to date.
2024-12-18 17:36:05 Checking for update using Github
2024-12-18 17:36:05 Success.
2024-12-18 17:36:05 Latest version is 1.7.7
2024-12-18 17:36:05 App is up to date.
2024-12-18 18:36:05 Checking for update using Github
2024-12-18 18:36:05 Success.
2024-12-18 18:36:05 Latest version is 1.7.7
2024-12-18 18:36:05 App is up to date.
2024-12-19 13:09:36 Loading main app package /usr/lib/obsidian/obsidian.asar
2024-12-19 13:09:37 Checking for update using Github
2024-12-19 13:09:37 Success.
2024-12-19 13:09:37 Latest version is 1.7.7
2024-12-19 13:09:37 App is up to date.
2024-12-19 14:09:37 Checking for update using Github
2024-12-19 14:09:37 Success.
2024-12-19 14:09:37 Latest version is 1.7.7
2024-12-19 14:09:37 App is up to date.
2024-12-19 15:09:37 Checking for update using Github
2024-12-19 15:09:37 Success.
2024-12-19 15:09:37 Latest version is 1.7.7
2024-12-19 15:09:37 App is up to date.
2024-12-19 16:09:37 Checking for update using Github
2024-12-19 16:09:37 Success.
2024-12-19 16:09:37 Latest version is 1.7.7
2024-12-19 16:09:37 App is up to date.
2024-12-20 08:33:06 Loading main app package /usr/lib/obsidian/obsidian.asar
2024-12-20 08:33:07 Checking for update using Github
2024-12-20 08:33:07 Success.
2024-12-20 08:33:07 Latest version is 1.7.7
2024-12-20 08:33:07 App is up to date.
2024-12-22 12:21:52 Loading main app package /usr/lib/obsidian/obsidian.asar
2024-12-22 12:21:52 Checking for update using Github
2024-12-22 12:21:52 Success.
2024-12-22 12:21:52 Latest version is 1.7.7
2024-12-22 12:21:52 App is up to date.
2024-12-22 12:26:53 Loading main app package /usr/lib/obsidian/obsidian.asar
2024-12-22 12:26:53 Checking for update using Github
2024-12-22 12:26:54 Success.
2024-12-22 12:26:54 Latest version is 1.7.7
2024-12-22 12:26:54 App is up to date.
2024-12-22 13:26:53 Checking for update using Github
2024-12-22 13:26:54 Success.
2024-12-22 13:26:54 Latest version is 1.7.7
2024-12-22 13:26:54 App is up to date.
2024-12-22 14:26:53 Checking for update using Github
2024-12-22 14:26:54 Success.
2024-12-22 14:26:54 Latest version is 1.7.7
2024-12-22 14:26:54 App is up to date.
2024-12-22 15:26:53 Checking for update using Github
2024-12-22 15:26:54 Success.
2024-12-22 15:26:54 Latest version is 1.7.7
2024-12-22 15:26:54 App is up to date.
2024-12-22 15:57:29 Loading main app package /usr/lib/obsidian/obsidian.asar
2024-12-22 15:57:29 Checking for update using Github
2024-12-22 15:57:30 Success.
2024-12-22 15:57:30 Latest version is 1.7.7
2024-12-22 15:57:30 App is up to date.
2024-12-22 16:00:00 Loading main app package /usr/lib/obsidian/obsidian.asar
2024-12-22 16:00:01 Checking for update using Github
2024-12-22 16:00:01 Success.
2024-12-22 16:00:01 Latest version is 1.7.7
2024-12-22 16:00:01 App is up to date.
2024-12-22 16:00:48 Loading main app package /usr/lib/obsidian/obsidian.asar
2024-12-22 16:00:48 Checking for update using Github
2024-12-22 16:00:48 Success.
2024-12-22 16:00:48 Latest version is 1.7.7
2024-12-22 16:00:48 App is up to date.
2024-12-22 16:01:22 Loading main app package /usr/lib/obsidian/obsidian.asar
2024-12-22 16:01:22 Checking for update using Github
2024-12-22 16:01:22 Success.
2024-12-22 16:01:22 Latest version is 1.7.7
2024-12-22 16:01:22 App is up to date.
2024-12-22 16:02:13 Loading main app package /usr/lib/obsidian/obsidian.asar
2024-12-22 16:02:14 Checking for update using Github
2024-12-22 16:02:14 Success.
2024-12-22 16:02:14 Latest version is 1.7.7
2024-12-22 16:02:14 App is up to date.
2024-12-22 17:02:13 Checking for update using Github
2024-12-22 17:02:13 Success.
2024-12-22 17:02:13 Latest version is 1.7.7
2024-12-22 17:02:13 App is up to date.
2024-12-22 17:56:40 Loading main app package /usr/lib/obsidian/obsidian.asar
2024-12-22 17:56:41 Checking for update using Github
2024-12-23 11:55:44 Loading main app package /usr/lib/obsidian/obsidian.asar
2024-12-23 11:55:44 Checking for update using Github
2024-12-23 11:55:45 Success.
2024-12-23 11:55:45 Latest version is 1.7.7
2024-12-23 11:55:45 App is up to date.
2024-12-23 12:55:44 Checking for update using Github
2024-12-23 12:55:44 Success.
2024-12-23 12:55:44 Latest version is 1.7.7
2024-12-23 12:55:44 App is up to date.
2024-12-23 13:55:44 Checking for update using Github
2024-12-23 13:55:44 Success.
2024-12-23 13:55:44 Latest version is 1.7.7
2024-12-23 13:55:44 App is up to date.
2024-12-25 13:01:59 Loading main app package /usr/lib/obsidian/obsidian.asar
2024-12-25 13:02:00 Checking for update using Github
2024-12-25 13:02:00 Success.
2024-12-25 13:02:00 Latest version is 1.7.7
2024-12-25 13:02:00 App is up to date.
2024-12-25 14:01:59 Checking for update using Github
2024-12-25 14:02:00 Success.
2024-12-25 14:02:00 Latest version is 1.7.7
2024-12-25 14:02:00 App is up to date.
2024-12-25 14:11:45 Loading main app package /usr/lib/obsidian/obsidian.asar
2024-12-25 14:11:45 Checking for update using Github
2024-12-25 14:11:46 Success.
2024-12-25 14:11:46 Latest version is 1.7.7
2024-12-25 14:11:46 App is up to date.
2024-12-25 15:11:45 Checking for update using Github
2024-12-25 15:11:46 Success.
2024-12-25 15:11:46 Latest version is 1.7.7
2024-12-25 15:11:46 App is up to date.
2024-12-25 16:11:45 Checking for update using Github
2024-12-25 16:11:46 Success.
2024-12-25 16:11:46 Latest version is 1.7.7
2024-12-25 16:11:46 App is up to date.
2024-12-26 11:25:49 Loading main app package /usr/lib/obsidian/obsidian.asar
2024-12-26 11:25:49 Checking for update using Github
2024-12-26 11:25:50 Success.
2024-12-26 11:25:50 Latest version is 1.7.7
2024-12-26 11:25:50 App is up to date.
2024-12-26 12:25:49 Checking for update using Github
2024-12-26 12:25:49 Success.
2024-12-26 12:25:49 Latest version is 1.7.7
2024-12-26 12:25:49 App is up to date.
2024-12-26 13:25:49 Checking for update using Github
2024-12-26 13:25:49 Success.
2024-12-26 13:25:49 Latest version is 1.7.7
2024-12-26 13:25:49 App is up to date.
2024-12-26 14:25:49 Checking for update using Github
2024-12-26 14:25:49 Success.
2024-12-26 14:25:49 Latest version is 1.7.7
2024-12-26 14:25:49 App is up to date.
2024-12-26 15:25:49 Checking for update using Github
2024-12-26 15:25:50 Success.
2024-12-26 15:25:50 Latest version is 1.7.7
2024-12-26 15:25:50 App is up to date.
2024-12-28 10:22:04 Loading main app package /usr/lib/obsidian/obsidian.asar
2024-12-28 10:22:04 Checking for update using Github
2024-12-28 10:22:05 Success.
2024-12-28 10:22:05 Latest version is 1.7.7
2024-12-28 10:22:05 App is up to date.
2025-01-04 12:42:08 Loading main app package /usr/lib/obsidian/obsidian.asar
2025-01-04 12:42:09 Checking for update using Github
2025-01-04 12:42:09 Success.
2025-01-04 12:42:09 Latest version is 1.7.7
2025-01-04 12:42:09 App is up to date.
2025-01-04 13:42:08 Checking for update using Github
2025-01-04 13:42:08 Success.
2025-01-04 13:42:08 Latest version is 1.7.7
2025-01-04 13:42:08 App is up to date.
2025-01-19 12:44:19 Loading main app package /usr/lib/obsidian/obsidian.asar
2025-01-19 12:44:20 Checking for update using Github
2025-01-19 12:44:20 Success.
2025-01-19 12:44:20 Latest version is 1.7.7
2025-01-19 12:44:20 App is up to date.
2025-01-19 13:44:20 Checking for update using Github
2025-01-19 13:44:20 Success.
2025-01-19 13:44:20 Latest version is 1.7.7
2025-01-19 13:44:20 App is up to date.
2025-01-19 14:44:20 Checking for update using Github
2025-01-19 14:44:20 Success.
2025-01-19 14:44:20 Latest version is 1.7.7
2025-01-19 14:44:20 App is up to date.
2025-01-19 15:44:20 Checking for update using Github
2025-01-19 15:44:20 Success.
2025-01-19 15:44:20 Latest version is 1.7.7
2025-01-19 15:44:20 App is up to date.
2025-01-19 15:48:38 Loading main app package /usr/lib/obsidian/obsidian.asar
2025-01-19 15:48:39 Checking for update using Github
2025-01-19 15:48:39 Success.
2025-01-19 15:48:39 Latest version is 1.7.7
2025-01-19 15:48:39 App is up to date.
2025-01-23 11:24:54 Loading main app package /usr/lib/obsidian/obsidian.asar
2025-01-23 11:24:55 Checking for update using Github
2025-01-23 11:24:55 Success.
2025-01-23 11:24:55 Latest version is 1.7.7
2025-01-23 11:24:55 App is up to date.
2025-01-23 12:24:54 Checking for update using Github
2025-01-23 12:24:54 Success.
2025-01-23 12:24:54 Latest version is 1.7.7
2025-01-23 12:24:54 App is up to date.
2025-01-23 13:24:54 Checking for update using Github
2025-01-23 13:24:55 Success.
2025-01-23 13:24:55 Latest version is 1.7.7
2025-01-23 13:24:55 App is up to date.
2025-01-23 14:24:55 Checking for update using Github
2025-01-23 14:24:55 Success.
2025-01-23 14:24:55 Latest version is 1.7.7
2025-01-23 14:24:55 App is up to date.
2025-01-24 09:58:47 Loading main app package /usr/lib/obsidian/obsidian.asar
2025-01-24 09:58:48 Checking for update using Github
2025-01-24 09:58:48 Success.
2025-01-24 09:58:48 Latest version is 1.7.7
2025-01-24 09:58:48 App is up to date.
2025-01-24 10:58:47 Checking for update using Github
2025-01-24 10:58:48 Success.
2025-01-24 10:58:48 Latest version is 1.7.7
2025-01-24 10:58:48 App is up to date.
2025-01-24 11:58:47 Checking for update using Github
2025-01-24 11:58:48 Success.
2025-01-24 11:58:48 Latest version is 1.7.7
2025-01-24 11:58:48 App is up to date.
2025-01-24 12:58:48 Checking for update using Github
2025-01-24 12:58:48 Success.
2025-01-24 12:58:48 Latest version is 1.7.7
2025-01-24 12:58:48 App is up to date.
2025-01-24 13:58:48 Checking for update using Github
2025-01-24 13:58:48 Success.
2025-01-24 13:58:48 Latest version is 1.7.7
2025-01-24 13:58:48 App is up to date.
2025-01-31 11:23:47 Loading main app package /usr/lib/obsidian/obsidian.asar
2025-01-31 11:23:47 Checking for update using Github
2025-01-31 11:23:48 Success.
2025-01-31 11:23:48 Latest version is 1.8.3
2025-01-31 11:23:48 Downloading update from https://github.com/obsidianmd/obsidian-releases/releases/download/v1.8.3/obsidian-1.8.3.asar.gz
2025-01-31 11:23:49 Verifying hash & signature. Size= 8123758
2025-01-31 11:23:50 Saving file
2025-01-31 11:23:50 Update complete.
2025-01-31 12:23:47 Checking for update using Github
2025-01-31 12:23:47 Success.
2025-01-31 12:23:47 Latest version is 1.8.3
2025-01-31 12:23:47 An update is already downloaded.
2025-01-31 13:23:47 Checking for update using Github
2025-01-31 13:23:48 Success.
2025-01-31 13:23:48 Latest version is 1.8.3
2025-01-31 13:23:48 An update is already downloaded.
2025-01-31 13:40:51 Loading updated app package /home/zefixed/.config/obsidian/obsidian-1.8.3.asar
2025-01-31 13:40:52 Checking for update using Github
2025-01-31 13:40:52 Success.
2025-01-31 13:40:52 Latest version is 1.8.3
2025-01-31 13:40:52 App is up to date.
2025-01-31 14:40:52 Checking for update using Github
2025-01-31 14:40:52 Success.
2025-01-31 14:40:52 Latest version is 1.8.3
2025-01-31 14:40:52 App is up to date.
2025-01-31 15:40:52 Checking for update using Github
2025-01-31 15:40:52 Success.
2025-01-31 15:40:52 Latest version is 1.8.4
2025-01-31 15:40:52 Downloading update from https://github.com/obsidianmd/obsidian-releases/releases/download/v1.8.4/obsidian-1.8.4.asar.gz
2025-01-31 15:40:54 Verifying hash & signature. Size= 8123782
2025-01-31 15:40:54 Saving file
2025-01-31 15:40:54 Update complete.
2025-01-31 16:40:52 Checking for update using Github
2025-01-31 16:40:52 Success.
2025-01-31 16:40:52 Latest version is 1.8.4
2025-01-31 16:40:52 An update is already downloaded.
2025-01-31 17:40:52 Checking for update using Github
2025-01-31 17:40:52 Success.
2025-01-31 17:40:52 Latest version is 1.8.4
2025-01-31 17:40:52 An update is already downloaded.
2025-01-31 18:40:52 Checking for update using Github
2025-01-31 18:40:52 Success.
2025-01-31 18:40:52 Latest version is 1.8.4
2025-01-31 18:40:52 An update is already downloaded.
2025-02-01 11:07:47 Loading updated app package /home/zefixed/.config/obsidian/obsidian-1.8.4.asar
2025-02-01 11:07:48 Checking for update using Github
2025-02-01 11:07:48 Success.
2025-02-01 11:07:48 Latest version is 1.8.4
2025-02-01 11:07:48 App is up to date.
2025-02-01 12:07:47 Checking for update using Github
2025-02-01 12:07:48 Success.
2025-02-01 12:07:48 Latest version is 1.8.4
2025-02-01 12:07:48 App is up to date.
2025-02-01 13:07:47 Checking for update using Github
2025-02-01 13:07:48 Success.
2025-02-01 13:07:48 Latest version is 1.8.4
2025-02-01 13:07:48 App is up to date.
2025-02-01 14:07:47 Checking for update using Github
2025-02-01 14:07:48 Success.
2025-02-01 14:07:48 Latest version is 1.8.4
2025-02-01 14:07:48 App is up to date.
2025-02-02 11:46:53 Loading updated app package /home/zefixed/.config/obsidian/obsidian-1.8.4.asar
2025-02-02 11:46:54 Checking for update using Github
2025-02-02 11:46:54 Success.
2025-02-02 11:46:54 Latest version is 1.8.4
2025-02-02 11:46:54 App is up to date.
2025-02-02 12:46:53 Checking for update using Github
2025-02-02 12:46:53 Success.
2025-02-02 12:46:53 Latest version is 1.8.4
2025-02-02 12:46:53 App is up to date.
2025-02-02 13:46:53 Checking for update using Github
2025-02-02 13:46:54 Success.
2025-02-02 13:46:54 Latest version is 1.8.4
2025-02-02 13:46:54 App is up to date.
2025-02-02 14:46:53 Checking for update using Github
2025-02-02 14:46:54 Success.
2025-02-02 14:46:54 Latest version is 1.8.4
2025-02-02 14:46:54 App is up to date.
2025-02-04 09:15:37 Loading updated app package /home/zefixed/.config/obsidian/obsidian-1.8.4.asar
2025-02-04 09:15:38 Checking for update using Github
2025-02-04 09:15:38 Success.
2025-02-04 09:15:38 Latest version is 1.8.4
2025-02-04 09:15:38 App is up to date.
2025-02-04 10:16:52 Checking for update using Github
2025-02-04 10:16:52 Success.
2025-02-04 10:16:52 Latest version is 1.8.4
2025-02-04 10:16:52 App is up to date.
2025-02-09 12:08:15 Loading updated app package /home/zefixed/.config/obsidian/obsidian-1.8.4.asar
2025-02-09 12:08:15 Checking for update using Github
2025-02-09 12:08:15 Success.
2025-02-09 12:08:15 Latest version is 1.8.4
2025-02-09 12:08:15 App is up to date.
2025-02-09 13:08:15 Checking for update using Github
2025-02-09 13:08:46 Failed to check for update using Github (net::ERR_TIMED_OUT)
2025-02-09 13:08:46 Checking for update using obsidian.md
2025-02-09 13:08:47 Failed to check for update using obsidian.md (net::ERR_TIMED_OUT)
2025-02-09 14:08:15 Checking for update using Github
2025-02-09 14:08:16 Success.
2025-02-09 14:08:16 Latest version is 1.8.4
2025-02-09 14:08:16 App is up to date.
2025-03-07 09:42:40 Loading main app package /usr/lib/obsidian/obsidian.asar
2025-03-07 09:42:41 Checking for update using Github
2025-03-07 09:42:41 Success.
2025-03-07 09:42:41 Latest version is 1.8.9
2025-03-07 09:42:41 App is up to date.
2025-03-07 10:42:40 Checking for update using Github
2025-03-07 10:42:41 Success.
2025-03-07 10:42:41 Latest version is 1.8.9
2025-03-07 10:42:41 App is up to date.
2025-03-07 11:42:40 Checking for update using Github
2025-03-07 11:42:40 Success.
2025-03-07 11:42:40 Latest version is 1.8.9
2025-03-07 11:42:40 App is up to date.
