2025-01-29 00:12:05.821 [warning] Via 'product.json#extensionEnabledApiProposals' extension 'ms-vscode.vscode-selfhost-test-provider' wants API proposal 'attributableCoverage' but that proposal DOES NOT EXIST. Likely, the proposal has been finalized (check 'vscode.d.ts') or was abandoned.
2025-01-29 00:12:05.822 [warning] Via 'product.json#extensionEnabledApiProposals' extension 'ms-python.python' wants API proposal 'contribIssueReporter' but that proposal DOES NOT EXIST. Likely, the proposal has been finalized (check 'vscode.d.ts') or was abandoned.
2025-01-29 00:12:05.823 [warning] Via 'product.json#extensionEnabledApiProposals' extension 'ms-python.debugpy' wants API proposal 'contribIssueReporter' but that proposal DOES NOT EXIST. Likely, the proposal has been finalized (check 'vscode.d.ts') or was abandoned.
2025-01-29 00:12:06.523 [info] Started local extension host with pid 70869.
2025-01-29 00:12:07.729 [info] Settings Sync: Token updated for the account zefixed
2025-01-29 00:12:07.850 [info] Settings Sync: Account status changed from uninitialized to available
2025-01-29 00:12:09.517 [info] [perf] Render performance baseline is 137ms
2025-01-29 00:12:10.052 [error] [Extension Host] (node:70869) [DEP0005] DeprecationWarning: Buffer() is deprecated due to security and usability issues. Please use the Buffer.alloc(), Buffer.allocUnsafe(), or Buffer.from() methods instead.
(Use `exe --trace-deprecation ...` to show where the warning was created)
2025-01-29 00:12:11.144 [warning] Authentication provider codeium_auth was not declared in the Extension Manifest.
2025-01-29 00:12:44.683 [warning] Via 'product.json#extensionEnabledApiProposals' extension 'ms-vscode.vscode-selfhost-test-provider' wants API proposal 'attributableCoverage' but that proposal DOES NOT EXIST. Likely, the proposal has been finalized (check 'vscode.d.ts') or was abandoned.
2025-01-29 00:12:44.684 [warning] Via 'product.json#extensionEnabledApiProposals' extension 'ms-python.python' wants API proposal 'contribIssueReporter' but that proposal DOES NOT EXIST. Likely, the proposal has been finalized (check 'vscode.d.ts') or was abandoned.
2025-01-29 00:12:44.684 [warning] Via 'product.json#extensionEnabledApiProposals' extension 'ms-python.debugpy' wants API proposal 'contribIssueReporter' but that proposal DOES NOT EXIST. Likely, the proposal has been finalized (check 'vscode.d.ts') or was abandoned.
2025-01-29 00:12:45.133 [info] Started local extension host with pid 71434.
2025-01-29 00:12:46.439 [info] Settings Sync: Token updated for the account zefixed
2025-01-29 00:12:46.442 [info] Settings Sync: Account status changed from uninitialized to available
2025-01-29 00:12:48.148 [info] [perf] Render performance baseline is 159ms
2025-01-29 00:12:51.222 [error] [Extension Host] (node:71434) [DEP0005] DeprecationWarning: Buffer() is deprecated due to security and usability issues. Please use the Buffer.alloc(), Buffer.allocUnsafe(), or Buffer.from() methods instead.
(Use `exe --trace-deprecation ...` to show where the warning was created)
2025-01-29 00:12:52.226 [error] [Extension Host] Notification handler 'window/logMessage' failed with message: Channel has been closed
2025-01-29 00:12:52.235 [error] [Extension Host] Notification handler 'window/logMessage' failed with message: Channel has been closed
2025-01-29 00:12:52.236 [error] [Extension Host] Notification handler 'window/logMessage' failed with message: Channel has been closed
2025-01-29 00:12:52.312 [error] [Extension Host] Notification handler 'window/logMessage' failed with message: Channel has been closed
2025-01-29 00:12:52.509 [warning] Authentication provider codeium_auth was not declared in the Extension Manifest.
2025-01-29 00:12:53.518 [error] [Extension Host] Notification handler 'window/logMessage' failed with message: Channel has been closed
2025-01-29 00:12:53.531 [error] [Extension Host] Notification handler 'window/logMessage' failed with message: Channel has been closed
2025-01-29 00:12:53.532 [error] [Extension Host] Notification handler 'window/logMessage' failed with message: Channel has been closed
2025-01-29 00:12:53.576 [error] [Extension Host] Notification handler 'window/logMessage' failed with message: Channel has been closed
2025-01-29 00:12:53.576 [error] [Extension Host] Notification handler 'window/logMessage' failed with message: Channel has been closed
2025-01-29 00:12:53.577 [error] [Extension Host] Notification handler 'window/logMessage' failed with message: Channel has been closed
2025-01-29 00:12:53.577 [error] [Extension Host] Notification handler 'window/logMessage' failed with message: Channel has been closed
2025-01-29 00:12:53.577 [error] [Extension Host] Notification handler 'window/logMessage' failed with message: Channel has been closed
2025-01-29 00:12:53.578 [error] [Extension Host] Notification handler 'window/logMessage' failed with message: Channel has been closed
2025-01-29 00:12:53.611 [error] [Extension Host] Notification handler 'window/logMessage' failed with message: Channel has been closed
2025-01-29 00:12:53.688 [error] [Extension Host] Notification handler 'window/logMessage' failed with message: Channel has been closed
2025-01-29 00:12:53.691 [error] [Extension Host] Notification handler 'window/logMessage' failed with message: Channel has been closed
2025-01-29 00:12:54.333 [error] [Extension Host] Notification handler 'window/logMessage' failed with message: Channel has been closed
2025-01-29 00:12:54.333 [error] [Extension Host] Notification handler 'window/logMessage' failed with message: Channel has been closed
2025-01-29 00:12:54.402 [error] [Extension Host] Notification handler 'window/logMessage' failed with message: Channel has been closed
2025-01-29 00:12:54.403 [error] [Extension Host] Notification handler 'window/logMessage' failed with message: Channel has been closed
2025-01-29 00:12:55.010 [error] [Extension Host] Notification handler 'window/logMessage' failed with message: Channel has been closed
2025-01-29 00:12:56.337 [error] [Extension Host] Notification handler 'window/logMessage' failed with message: Channel has been closed
2025-01-29 00:12:56.366 [error] [Extension Host] Notification handler 'window/logMessage' failed with message: Channel has been closed
2025-01-29 00:13:18.441 [warning] Settings pattern "issueReporter.*" doesn't match any settings
2025-01-29 00:13:29.428 [error] [Extension Host] Notification handler 'window/logMessage' failed with message: Channel has been closed
2025-01-29 00:13:29.432 [error] [Extension Host] Notification handler 'window/logMessage' failed with message: Channel has been closed
2025-01-29 00:13:29.432 [error] [Extension Host] Notification handler 'window/logMessage' failed with message: Channel has been closed
2025-01-29 00:13:29.435 [error] [Extension Host] Notification handler 'window/logMessage' failed with message: Channel has been closed
2025-01-29 00:13:29.435 [error] [Extension Host] Notification handler 'window/logMessage' failed with message: Channel has been closed
2025-01-29 00:13:29.437 [error] [Extension Host] Notification handler 'window/logMessage' failed with message: Channel has been closed
2025-01-29 00:13:29.471 [error] [Extension Host] Notification handler 'window/logMessage' failed with message: Channel has been closed
2025-01-29 00:13:29.540 [error] [Extension Host] Notification handler 'window/logMessage' failed with message: Channel has been closed
2025-01-29 00:13:29.541 [error] [Extension Host] Notification handler 'window/logMessage' failed with message: Channel has been closed
2025-01-29 00:13:30.364 [error] [Extension Host] Notification handler 'window/logMessage' failed with message: Channel has been closed
2025-01-29 00:13:30.365 [error] [Extension Host] Notification handler 'window/logMessage' failed with message: Channel has been closed
2025-01-29 00:13:30.792 [error] [Extension Host] Notification handler 'window/logMessage' failed with message: Channel has been closed
2025-01-29 00:13:31.035 [warning] Settings pattern "issueReporter.*" doesn't match any settings
2025-01-29 00:13:31.091 [error] [Extension Host] Notification handler 'window/logMessage' failed with message: Channel has been closed
2025-01-29 00:13:31.162 [error] [Extension Host] Notification handler 'window/logMessage' failed with message: Channel has been closed
2025-01-29 00:13:33.418 [warning] Settings pattern "issueReporter.*" doesn't match any settings
2025-01-29 00:13:52.075 [error] [Extension Host] Notification handler 'window/logMessage' failed with message: Channel has been closed
2025-01-29 00:13:52.075 [error] [Extension Host] Notification handler 'window/logMessage' failed with message: Channel has been closed
2025-01-29 00:13:52.076 [error] [Extension Host] Notification handler 'window/logMessage' failed with message: Channel has been closed
2025-01-29 00:13:52.076 [error] [Extension Host] Notification handler 'window/logMessage' failed with message: Channel has been closed
2025-01-29 00:13:52.077 [error] [Extension Host] Notification handler 'window/logMessage' failed with message: Channel has been closed
2025-01-29 00:13:52.077 [error] [Extension Host] Notification handler 'window/logMessage' failed with message: Channel has been closed
2025-01-29 00:13:52.115 [error] [Extension Host] Notification handler 'window/logMessage' failed with message: Channel has been closed
2025-01-29 00:13:52.182 [error] [Extension Host] Notification handler 'window/logMessage' failed with message: Channel has been closed
2025-01-29 00:13:52.190 [error] [Extension Host] Notification handler 'window/logMessage' failed with message: Channel has been closed
2025-01-29 00:13:52.920 [error] [Extension Host] Notification handler 'window/logMessage' failed with message: Channel has been closed
2025-01-29 00:13:52.921 [error] [Extension Host] Notification handler 'window/logMessage' failed with message: Channel has been closed
2025-01-29 00:13:53.260 [error] [Extension Host] Notification handler 'window/logMessage' failed with message: Channel has been closed
2025-01-29 00:13:53.451 [error] [Extension Host] Notification handler 'window/logMessage' failed with message: Channel has been closed
2025-01-29 00:13:53.478 [error] [Extension Host] Notification handler 'window/logMessage' failed with message: Channel has been closed
