2025-01-29 00:12:06.443 [info] Added views:workbench.view.search in workbench.view.search
2025-01-29 00:12:06.443 [info] Added views:workbench.scm in workbench.view.scm
2025-01-29 00:12:06.443 [info] Added views:workbench.panel.markers.view in workbench.panel.markers
2025-01-29 00:12:06.443 [info] Added views:workbench.panel.output in workbench.panel.output
2025-01-29 00:12:06.443 [info] Added views:terminal in terminal
2025-01-29 00:12:06.443 [info] Added views:workbench.explorer.emptyView in workbench.view.explorer
2025-01-29 00:12:06.998 [info] Added views:codeium.chatPanelView in workbench.view.extension.codeium
2025-01-29 00:12:06.999 [info] Added views:remoteTargets in workbench.view.remote
2025-01-29 00:12:07.000 [info] Added views:liveshare.session in workbench.view.extension.liveshare
2025-01-29 00:12:07.296 [info] Added views:workbench.debug.welcome in workbench.view.debug
2025-01-29 00:12:07.377 [info] Added views:workbench.panel.repl.view in workbench.panel.repl
2025-01-29 00:12:07.703 [info] Added views:~remote.forwardedPorts in ~remote.forwardedPortsContainer
2025-01-29 00:12:11.209 [info] Added views:workbench.panel.comments in workbench.panel.comments
2025-01-29 00:12:35.470 [info] Added views:workbench.views.extensions.installed,workbench.views.extensions.popular,extensions.recommendedList in workbench.view.extensions
2025-01-29 00:12:35.475 [info] Removed views:workbench.views.extensions.popular from workbench.view.extensions
2025-01-29 00:12:45.021 [info] Added views:workbench.view.search in workbench.view.search
2025-01-29 00:12:45.021 [info] Added views:workbench.scm in workbench.view.scm
2025-01-29 00:12:45.021 [info] Added views:workbench.panel.markers.view in workbench.panel.markers
2025-01-29 00:12:45.021 [info] Added views:workbench.panel.output in workbench.panel.output
2025-01-29 00:12:45.021 [info] Added views:terminal in terminal
2025-01-29 00:12:45.021 [info] Added views:workbench.explorer.fileView in workbench.view.explorer
2025-01-29 00:12:45.624 [info] Added views:remoteTargets in workbench.view.remote
2025-01-29 00:12:45.628 [info] Added views:liveshare.session in workbench.view.extension.liveshare
2025-01-29 00:12:45.879 [info] Added views:workbench.debug.variablesView,workbench.debug.watchExpressionsView,workbench.debug.callStackView,workbench.debug.breakPointsView in workbench.view.debug
2025-01-29 00:12:45.942 [info] Added views:workbench.panel.repl.view in workbench.panel.repl
2025-01-29 00:12:45.943 [info] Removed views:workbench.debug.breakPointsView,workbench.debug.callStackView,workbench.debug.watchExpressionsView,workbench.debug.variablesView from workbench.view.debug
2025-01-29 00:12:45.943 [info] Added views:workbench.debug.welcome in workbench.view.debug
2025-01-29 00:12:46.147 [info] Added views:~remote.forwardedPorts in ~remote.forwardedPortsContainer
2025-01-29 00:12:46.959 [info] Added views:workbench.view.testing in workbench.view.extension.test
2025-01-29 00:12:48.800 [info] Added views:codeium.chatPanelView in workbench.view.extension.codeium
2025-01-29 00:12:48.851 [info] Removed views:workbench.view.testing from workbench.view.extension.test
2025-01-29 00:12:52.422 [info] Added views:workbench.view.testing in workbench.view.extension.test
2025-01-29 00:12:53.402 [info] Added views:workbench.panel.comments in workbench.panel.comments
2025-01-29 00:14:05.003 [info] Removed views:workbench.view.testing from workbench.view.extension.test
