2025-01-29 00:15:44.250 [info] [main] Log level: Info
2025-01-29 00:15:44.250 [info] [main] Validating found git in: "git"
2025-01-29 00:15:44.250 [info] [main] Using git "2.47.1" from "git"
2025-01-29 00:15:44.250 [info] [Model][doInitialScan] Initial repository scan started
2025-01-29 00:15:44.250 [info] > git rev-parse --show-toplevel [58ms]
2025-01-29 00:15:44.250 [info] fatal: not a git repository (or any of the parent directories): .git
2025-01-29 00:15:44.250 [info] > git rev-parse --show-toplevel [238ms]
2025-01-29 00:15:44.250 [info] fatal: not a git repository (or any of the parent directories): .git
2025-01-29 00:15:44.322 [info] > git rev-parse --show-toplevel [58ms]
2025-01-29 00:15:44.322 [info] fatal: not a git repository (or any of the parent directories): .git
2025-01-29 00:15:44.344 [info] > git rev-parse --show-toplevel [6ms]
2025-01-29 00:15:44.344 [info] fatal: not a git repository (or any of the parent directories): .git
2025-01-29 00:15:44.362 [info] > git rev-parse --show-toplevel [3ms]
2025-01-29 00:15:44.362 [info] fatal: not a git repository (or any of the parent directories): .git
2025-01-29 00:15:44.483 [info] > git rev-parse --show-toplevel [110ms]
2025-01-29 00:15:44.483 [info] fatal: not a git repository (or any of the parent directories): .git
2025-01-29 00:15:44.596 [info] > git rev-parse --show-toplevel [62ms]
2025-01-29 00:15:44.596 [info] fatal: not a git repository (or any of the parent directories): .git
2025-01-29 00:15:44.599 [info] [Model][doInitialScan] Initial repository scan completed - repositories (0), closed repositories (0), parent repositories (0), unsafe repositories (0)
2025-01-29 00:15:47.894 [info] > git rev-parse --show-toplevel [4ms]
2025-01-29 00:15:47.894 [info] fatal: not a git repository (or any of the parent directories): .git
2025-01-29 00:15:48.632 [info] > git rev-parse --show-toplevel [3ms]
2025-01-29 00:15:48.632 [info] fatal: not a git repository (or any of the parent directories): .git
2025-01-29 00:15:49.101 [info] > git rev-parse --show-toplevel [4ms]
2025-01-29 00:15:49.101 [info] fatal: not a git repository (or any of the parent directories): .git
2025-01-29 00:15:53.392 [info] > git rev-parse --show-toplevel [10ms]
2025-01-29 00:15:53.392 [info] fatal: not a git repository (or any of the parent directories): .git
2025-01-29 00:15:54.538 [info] > git rev-parse --show-toplevel [5ms]
2025-01-29 00:15:54.538 [info] fatal: not a git repository (or any of the parent directories): .git
2025-01-29 00:16:38.661 [info] > git rev-parse --show-toplevel [11ms]
2025-01-29 00:16:38.661 [info] fatal: not a git repository (or any of the parent directories): .git
2025-01-29 00:16:40.542 [info] > git rev-parse --show-toplevel [6ms]
2025-01-29 00:16:40.542 [info] fatal: not a git repository (or any of the parent directories): .git
2025-01-29 00:16:43.569 [info] > git rev-parse --show-toplevel [3ms]
2025-01-29 00:16:43.569 [info] fatal: not a git repository (or any of the parent directories): .git
2025-01-29 00:16:48.959 [info] > git rev-parse --show-toplevel [8ms]
2025-01-29 00:16:48.959 [info] fatal: not a git repository (or any of the parent directories): .git
