(VSCode) 2025-01-29 00:18:45.670 [INFO]: No proxy settings found
(VSCode) 2025-01-29 00:18:47.625 [INFO]: Checking network connection...
(VSCode) 2025-01-29 00:18:48.302 [INFO]: No Network Issue connecting to https://server.codeium.com/healthz
(VSCode) 2025-01-29 00:18:48.573 [INFO]: Creating manager directory: /tmp/03b705ed-b1c2-40b2-973b-0376a7669393/codeium/manager
(VSCode) 2025-01-29 00:18:49.549 [INFO]: Using cached LS with valid crc32: /home/zefixed/.vscode/extensions/codeium.codeium-1.30.18/dist/1922b6ec8869ef782574fa5f5951f1c5e172c7b6/language_server_linux_x64
(VSCode) 2025-01-29 00:18:49.563 [INFO]: Language server started
2025/01/29 00:18:49 maxprocs: Leaving GOMAXPROCS=8: CPU quota undefined
I0129 00:18:49.702391 80302 main.go:568] [Language Server Manager] Setting GOMAXPROCS to 8
I0129 00:18:49.702457 80302 main.go:707] [Language Server Manager] Release 1.30.18 (1922b6ec8869ef782574fa5f5951f1c5e172c7b6)
I0129 00:18:49.702488 80302 main.go:786] [Language Server Manager] Starting language server manager with pid 80302
I0129 00:18:49.702575 80302 main.go:123] [Language Server Manager] Manager acquired its lock file /tmp/03b705ed-b1c2-40b2-973b-0376a7669393/codeium/manager/locks/manager.lock
I0129 00:18:49.704179 80302 main.go:264] [Language Server Manager] Waiting for random port file in /tmp/03b705ed-b1c2-40b2-973b-0376a7669393/codeium/manager/child_random_port_1738099129702670575_7504951443176392141 to be created
2025/01/29 00:18:49 maxprocs: Leaving GOMAXPROCS=8: CPU quota undefined
I0129 00:18:49.868727 80315 main.go:568] Setting GOMAXPROCS to 4
I0129 00:18:49.868972 80315 main.go:780] Starting language server process with pid 80315
I0129 00:18:49.869049 80315 server.go:220] Language server will attempt to listen on host 127.0.0.1
I0129 00:18:49.869216 80315 server.go:227] Language server listening on random port at 36421
I0129 00:18:50.467465 80315 unleash.go:92] Initializing Unleash
I0129 00:18:51.023505 80315 unleash.go:112] Successfully initialized Unleash
I0129 00:18:51.023758 80315 server.go:297] Extension server port not specified; skipping extension server client creation
I0129 00:18:51.039261 80315 web_server.go:258] Chat Web Server listening at ws://127.0.0.1:42947
E0129 00:18:51.062908 80315 client_manager.go:275] Metadata is nil when trying to refresh user JWT
I0129 00:18:51.063644 80315 server.go:528] Successfully created API server client
I0129 00:18:51.110670 80315 server.go:546] Successfully initialized tokenizer
I0129 00:18:51.336541 80315 server.go:721] Local search is enabled, will index local files.
I0129 00:18:51.336572 80315 server.go:725] Using 2 indexer workers
I0129 00:18:51.338878 80315 sqlite_faiss_db_client.go:64] Successfully created embedding search database in 2ms
I0129 00:18:51.339184 80315 indexer.go:213] Using 4 embed workers
I0129 00:18:51.339231 80315 search_provider.go:274] Successfully created and started indexer
I0129 00:18:51.339261 80315 search_provider.go:304] Successfully created embedding search provider
I0129 00:18:51.344414 80315 server.go:813] Successfully created completion provider
I0129 00:18:51.344449 80315 server.go:862] Child process attempting to acquire lock file /tmp/03b705ed-b1c2-40b2-973b-0376a7669393/codeium/manager/locks/child_lock_1738099129702696416_6366312107828336104
I0129 00:18:51.344504 80315 server.go:870] Child process acquired lock file /tmp/03b705ed-b1c2-40b2-973b-0376a7669393/codeium/manager/locks/child_lock_1738099129702696416_6366312107828336104
I0129 00:18:51.351868 80315 server.go:356] LSP listening on random port at 35567
35567
I0129 00:18:51.412254 80302 main.go:300] [Language Server Manager] Found random server port 36421
I0129 00:18:51.412309 80302 main.go:301] [Language Server Manager] Found random lsp port 35567
I0129 00:18:51.412344 80302 main.go:308] [Language Server Manager] Attempting to connect to language server at 127.0.0.1:36421
I0129 00:18:51.425116 80302 main.go:177] [Language Server Manager] Fixing language server port at 36421
I0129 00:18:51.425135 80302 main.go:360] [Language Server Manager] Successfully connected to new language server at 127.0.0.1:36421
(VSCode) 2025-01-29 00:18:51.497 [INFO]: Found language server running on port 36421
I0129 00:18:51.545899 80315 utils.go:228] Analyzing workspace files for /home/zefixed/Documents/python/lzparser
I0129 00:18:51.546159 80315 utils.go:282] Done analyzing workspace files for /home/zefixed/Documents/python/lzparser
E0129 00:18:51.546251 80315 lsp.go:117] Initialize: open /home/zefixed/Documents/python/lzparser/Cache: permission denied
(VSCode) 2025-01-29 00:18:51.936 [INFO]: openAllTextDocuments took 9.514892999999574ms
(VSCode) 2025-01-29 00:19:38.479 [INFO]: Disposing language server process
(VSCode) 2025-01-29 00:19:38.480 [INFO]: Deleting manager directory: /tmp/03b705ed-b1c2-40b2-973b-0376a7669393/codeium/manager
(VSCode) 2025-01-29 00:19:38.481 [INFO]: Successfully disposed language server
W0129 00:19:38.480360 80302 main.go:127] [Language Server Manager] Got signal terminated, shutting down
E0129 00:19:38.493005 80302 main.go:374] [Language Server Manager] Failed to acquire lock on /tmp/03b705ed-b1c2-40b2-973b-0376a7669393/codeium/manager/locks/child_lock_1738099129702696416_6366312107828336104: open /tmp/03b705ed-b1c2-40b2-973b-0376a7669393/codeium/manager/locks/child_lock_1738099129702696416_6366312107828336104: no such file or directory
I0129 00:19:38.493750 80315 server.go:1035] Exit requested on language server process 80315
I0129 00:19:38.493921 80315 server.go:1012] Language server shutting down
I0129 00:19:38.503613 80302 cmd_wrapper.go:271] [Language Server Manager] LanguageServer exited with: success
(VSCode) 2025-01-29 00:19:38.542 [ERROR]: Failed to stop lsp
(VSCode) 2025-01-29 00:19:38.546 [INFO]: Language server exited with code 0
(VSCode) 2025-01-29 00:19:38.550 [ERROR]: Failed to stop exit
(VSCode) 2025-01-29 00:19:38.621 [ERROR]: [unavailable] connect ECONNREFUSED 127.0.0.1:36421
(VSCode) 2025-01-29 00:19:39.124 [ERROR]: [unavailable] connect ECONNREFUSED 127.0.0.1:36421
(VSCode) 2025-01-29 00:19:39.555 [ERROR]: connect ECONNREFUSED 127.0.0.1:42947
(VSCode) 2025-01-29 00:19:39.556 [ERROR]: connect ECONNREFUSED 127.0.0.1:42947
(VSCode) 2025-01-29 00:19:39.624 [ERROR]: [unavailable] connect ECONNREFUSED 127.0.0.1:36421
(VSCode) 2025-01-29 00:19:39.914 [ERROR]: connect ECONNREFUSED 127.0.0.1:42947
(VSCode) 2025-01-29 00:19:39.921 [ERROR]: connect ECONNREFUSED 127.0.0.1:42947
(VSCode) 2025-01-29 00:19:40.124 [ERROR]: [unavailable] connect ECONNREFUSED 127.0.0.1:36421
