2025-01-29 00:07:37.225 [info] Using settings sync service https://vscode-sync.trafficmanager.net/
2025-01-29 00:07:37.225 [info] Auto Sync is disabled.
2025-01-29 00:08:06.026 [info] Sync started.
2025-01-29 00:08:06.399 [info] Did reset the local sync state.
2025-01-29 00:08:06.415 [info] Settings: Migrating last sync user data. Resource does not exist.
2025-01-29 00:08:06.417 [info] Settings: Last sync data state does not exist.
2025-01-29 00:08:06.521 [info] Settings: Migrating last sync user data. Resource does not exist.
2025-01-29 00:08:06.522 [info] Settings: Last sync data state does not exist.
2025-01-29 00:08:06.696 [info] Keybindings: Migrating last sync user data. Resource does not exist.
2025-01-29 00:08:06.697 [info] Keybindings: Last sync data state does not exist.
2025-01-29 00:08:06.697 [info] GlobalState: Migrating last sync user data. Resource does not exist.
2025-01-29 00:08:06.698 [info] GlobalState: Last sync data state does not exist.
2025-01-29 00:08:06.784 [info] Snippets: Migrating last sync user data. Resource does not exist.
2025-01-29 00:08:06.785 [info] Snippets: Last sync data state does not exist.
2025-01-29 00:08:06.862 [info] Tasks: Migrating last sync user data. Resource does not exist.
2025-01-29 00:08:06.862 [info] Tasks: Last sync data state does not exist.
2025-01-29 00:08:06.957 [info] GlobalState: Migrating last sync user data. Resource does not exist.
2025-01-29 00:08:06.957 [info] GlobalState: Last sync data state does not exist.
2025-01-29 00:08:07.106 [info] Extensions: Migrating last sync user data. Resource does not exist.
2025-01-29 00:08:07.107 [info] Extensions: Last sync data state does not exist.
2025-01-29 00:08:07.621 [info] Profiles: Migrating last sync user data. Resource does not exist.
2025-01-29 00:08:07.621 [info] Profiles: Last sync data state does not exist.
2025-01-29 00:08:07.703 [info] Profiles: Migrating last sync user data. Resource does not exist.
2025-01-29 00:08:07.704 [info] Profiles: Last sync data state does not exist.
2025-01-29 00:08:07.734 [info] Settings: Updated local settings
2025-01-29 00:08:07.741 [info] Settings: Updated last synchronized settings
2025-01-29 00:08:07.744 [info] Keybindings: No changes found during synchronizing keybindings.
2025-01-29 00:08:07.751 [info] Keybindings: Updated last synchronized keybindings
2025-01-29 00:08:07.752 [info] Snippets: No changes found during synchronizing snippets.
2025-01-29 00:08:07.758 [info] Snippets: Updated last synchronized snippets
2025-01-29 00:08:07.758 [info] Tasks: No changes found during synchronizing tasks.
2025-01-29 00:08:07.765 [info] Tasks: Updated last synchronized tasks
2025-01-29 00:08:07.781 [info] GlobalState: Updated global state ["workbench.view.debug.state.hidden","workbench.panel.repl.hidden","colorThemeData","workbench.statusbar.hidden","extensionTips/promptedExecutableTips","workbench.view.remote.state.hidden","workbench.welcomePage.walkthroughMetadata","ces/skipSurvey","remote.explorerType","memento/workbench.editor.keybindings","terminal.integrated.showTerminalConfigPrompt","nps/isCandidate","nps/skipVersion","typescript.1.editedCount","typescript.1.editedDate","snippets.usageTimestamps","tabs-list-width-horizontal","extensionsAssistant/importantRecommendationsIgnore","workbench.welcomePage.hiddenCategories","javascript.1.editedCount","javascript.1.editedDate","workbench.view.extension.liveshare.state.hidden","commandPalette.mru.cache","commandPalette.mru.counter","Comments.hidden","workbench.view.extension.codium-sidebar-view-container.state.hidden","workbench.view.extension.test.state.hidden","fileBasedRecommendations/promptedRecommendations","typescript.1.isCandidate","typescript.1.skipVersion","expandSuggestionDocs","github-zefixed","workbench.view.sync.state.hidden","workbench.view.extensions.state.hidden","refactorPreview.hidden","workbench.view.extension.codegpt-sidebar-view.state.hidden","workbench.view.extension.codeium.state.hidden","codeium_auth-zef","workbench.chat.hideMovedChatWelcomeView","memento/notebookGettingStarted2","workbench.explorer.views.state.hidden","workbench.activity.pinnedViewlets2","workbench.panel.pinnedPanels","nps/lastSessionDate","nps/sessionCount","cpp.1.lastSessionDate","cpp.1.sessionCount","java.2.lastSessionDate","java.2.sessionCount","javascript.1.lastSessionDate","javascript.1.sessionCount","typescript.1.lastSessionDate","typescript.1.sessionCount","csharp.1.lastSessionDate","csharp.1.sessionCount","memento/gettingStartedService","workbench.auxiliarybar.pinnedPanels"]
2025-01-29 00:08:07.782 [info] GlobalState: Updated local ui state
2025-01-29 00:08:07.791 [info] GlobalState: Updated last synchronized ui state
2025-01-29 00:08:08.599 [info] Extensions: Disabled extension codium.codium 0.14.0
2025-01-29 00:08:08.856 [info] Extensions: Migrating last sync user data. Resource does not exist.
2025-01-29 00:08:08.856 [info] Extensions: Last sync data state does not exist.
2025-01-29 00:08:32.996 [info] Extensions: Installed extension. ms-vscode.remote-explorer 0.4.3
2025-01-29 00:08:32.997 [info] Extensions: Installed extension. ms-vscode.live-server 0.4.15
2025-01-29 00:08:32.997 [info] Extensions: Installed extension. ms-vscode-remote.remote-ssh-edit 0.87.0
2025-01-29 00:08:32.997 [info] Extensions: Installed extension. icrawl.discord-vscode 5.8.0
2025-01-29 00:08:32.998 [info] Extensions: Installed extension. cstrap.flask-snippets 0.1.3
2025-01-29 00:08:32.998 [info] Extensions: Installed extension. syler.sass-indented 1.8.32
2025-01-29 00:08:32.998 [info] Extensions: Installed extension. usernamehw.errorlens 3.22.1
2025-01-29 00:08:32.998 [info] Extensions: Installed extension. solnurkarim.html-to-css-autocompletion 1.1.2
2025-01-29 00:08:32.999 [info] Extensions: Installed extension. golang.go 0.44.0
2025-01-29 00:08:32.999 [info] Extensions: Installed extension. zhuangtongfa.material-theme 3.17.7
2025-01-29 00:08:32.999 [info] Extensions: Installed extension. azemoh.one-monokai 0.5.2
2025-01-29 00:08:32.999 [info] Extensions: Installed extension. glenn2223.live-sass 6.1.2
2025-01-29 00:08:33.000 [info] Extensions: Installed extension. ms-python.autopep8 2024.0.0
2025-01-29 00:08:33.000 [info] Extensions: Installed extension. kevinrose.vsc-python-indent 1.19.0
2025-01-29 00:08:33.000 [info] Extensions: Installed extension. naumovs.color-highlight 2.8.0
2025-01-29 00:08:33.000 [info] Extensions: Installed extension. ms-vscode-remote.remote-ssh 0.116.1
2025-01-29 00:08:33.001 [info] Extensions: Installed extension. visualstudioexptteam.intellicode-api-usage-examples 0.2.9
2025-01-29 00:08:33.001 [info] Extensions: Installed extension. patbenatar.advanced-new-file 1.2.2
2025-01-29 00:08:33.001 [info] Extensions: Installed extension. codeium.codeium 1.30.18
2025-01-29 00:08:33.001 [info] Extensions: Installed extension. ms-vscode-remote.remote-wsl 0.88.5
2025-01-29 00:08:33.001 [info] Extensions: Installed extension. esbenp.prettier-vscode 11.0.0
2025-01-29 00:08:33.002 [info] Extensions: Installed extension. adpyke.codesnap 1.3.4
2025-01-29 00:08:33.005 [info] Extensions: Installed extension. codium.codium 0.14.0
2025-01-29 00:08:33.006 [info] Extensions: Installed extension. vscode-icons-team.vscode-icons 12.10.0
2025-01-29 00:08:33.006 [info] Extensions: Installed extension. ms-vsliveshare.vsliveshare 1.0.5948
2025-01-29 00:08:33.006 [info] Extensions: Installed extension. cweijan.vscode-office 3.5.0
2025-01-29 00:08:33.006 [info] Extensions: Installed extension. ms-python.debugpy 2024.14.0
2025-01-29 00:08:33.006 [info] Extensions: Installed extension. charliermarsh.ruff 2025.4.0
2025-01-29 00:08:33.007 [info] Extensions: Installed extension. ms-python.python 2024.22.2
2025-01-29 00:08:33.007 [info] Extensions: Installed extension. ritwickdey.liveserver 5.7.9
2025-01-29 00:08:33.007 [info] Extensions: Installed extension. visualstudioexptteam.vscodeintellicode 1.3.2
2025-01-29 00:08:33.007 [info] Extensions: Installed extension. ms-python.vscode-pylance 2024.12.1
2025-01-29 00:08:33.007 [info] Extensions: Updated last synchronized extensions.
2025-01-29 00:08:33.008 [info] Profiles: No changes found during synchronizing profiles.
2025-01-29 00:08:33.026 [info] Profiles: Updated last synchronized profiles.
2025-01-29 00:08:33.028 [info] Sync done. Took 27002ms
2025-01-29 00:08:33.219 [info] Auto Sync: Triggered by Interval
2025-01-29 00:08:33.221 [info] Sync started.
2025-01-29 00:08:33.404 [info] Settings: No changes found during synchronizing settings.
2025-01-29 00:08:33.416 [info] Keybindings: No changes found during synchronizing keybindings.
2025-01-29 00:08:33.421 [info] Snippets: No changes found during synchronizing snippets.
2025-01-29 00:08:33.424 [info] Tasks: No changes found during synchronizing tasks.
2025-01-29 00:08:33.978 [info] GlobalState: Updated remote ui state. Updated: memento/gettingStartedService.
2025-01-29 00:08:33.983 [info] GlobalState: Updated last synchronized ui state
2025-01-29 00:08:34.299 [info] Extensions: Updated remote extensions. Added: ["ritwickdey.liveserver"]. Removed: ["ritwickdey.liveserver"].
2025-01-29 00:08:34.305 [info] Extensions: Updated last synchronized extensions.
2025-01-29 00:08:34.308 [info] Profiles: No changes found during synchronizing profiles.
2025-01-29 00:08:34.310 [info] Sync done. Took 1092ms
2025-01-29 00:08:39.158 [info] Auto Sync: Triggered by Activity
2025-01-29 00:08:39.158 [info] Sync started.
2025-01-29 00:08:39.236 [info] Settings: No changes found during synchronizing settings.
2025-01-29 00:08:39.245 [info] Keybindings: No changes found during synchronizing keybindings.
2025-01-29 00:08:39.261 [info] Snippets: No changes found during synchronizing snippets.
2025-01-29 00:08:39.271 [info] Tasks: No changes found during synchronizing tasks.
2025-01-29 00:08:39.758 [info] GlobalState: Updated remote ui state. Updated: workbench.activity.pinnedViewlets2,memento/gettingStartedService,workbench.welcomePage.walkthroughMetadata.
2025-01-29 00:08:39.761 [info] GlobalState: Updated last synchronized ui state
2025-01-29 00:08:39.822 [info] Extensions: No changes found during synchronizing extensions.
2025-01-29 00:08:39.823 [info] Profiles: No changes found during synchronizing profiles.
2025-01-29 00:08:39.825 [info] Sync done. Took 668ms
2025-01-29 00:10:14.537 [info] Auto Sync: Triggered by Activity
2025-01-29 00:10:14.537 [info] Sync started.
2025-01-29 00:10:14.613 [info] Settings: No changes found during synchronizing settings.
2025-01-29 00:10:14.616 [info] Keybindings: No changes found during synchronizing keybindings.
2025-01-29 00:10:14.635 [info] Snippets: No changes found during synchronizing snippets.
2025-01-29 00:10:14.638 [info] Tasks: No changes found during synchronizing tasks.
2025-01-29 00:10:14.642 [info] GlobalState: No changes found during synchronizing ui state.
2025-01-29 00:10:14.751 [info] Extensions: No changes found during synchronizing extensions.
2025-01-29 00:10:14.754 [info] Profiles: No changes found during synchronizing profiles.
2025-01-29 00:10:14.756 [info] Sync done. Took 220ms
2025-01-29 00:10:28.114 [info] Auto Sync: Triggered by Activity
2025-01-29 00:10:28.114 [info] Sync started.
2025-01-29 00:10:28.439 [info] Settings: No changes found during synchronizing settings.
2025-01-29 00:10:28.443 [info] Keybindings: No changes found during synchronizing keybindings.
2025-01-29 00:10:28.446 [info] Snippets: No changes found during synchronizing snippets.
2025-01-29 00:10:28.448 [info] Tasks: No changes found during synchronizing tasks.
2025-01-29 00:10:28.453 [info] GlobalState: No changes found during synchronizing ui state.
2025-01-29 00:10:28.528 [info] Extensions: No changes found during synchronizing extensions.
2025-01-29 00:10:28.531 [info] Profiles: No changes found during synchronizing profiles.
2025-01-29 00:10:28.533 [info] Sync done. Took 419ms
2025-01-29 00:10:42.236 [info] Auto Sync: Triggered by Activity
2025-01-29 00:10:42.236 [info] Sync started.
2025-01-29 00:10:42.321 [info] Settings: No changes found during synchronizing settings.
2025-01-29 00:10:42.327 [info] Keybindings: No changes found during synchronizing keybindings.
2025-01-29 00:10:42.331 [info] Snippets: No changes found during synchronizing snippets.
2025-01-29 00:10:42.335 [info] Tasks: No changes found during synchronizing tasks.
2025-01-29 00:10:42.341 [info] GlobalState: No changes found during synchronizing ui state.
2025-01-29 00:10:42.432 [info] Extensions: No changes found during synchronizing extensions.
2025-01-29 00:10:42.434 [info] Profiles: No changes found during synchronizing profiles.
2025-01-29 00:10:42.436 [info] Sync done. Took 203ms
2025-01-29 00:10:54.835 [info] Auto Sync: Triggered by Activity
2025-01-29 00:10:54.835 [info] Sync started.
2025-01-29 00:10:54.928 [info] Settings: No changes found during synchronizing settings.
2025-01-29 00:10:54.933 [info] Keybindings: No changes found during synchronizing keybindings.
2025-01-29 00:10:54.936 [info] Snippets: No changes found during synchronizing snippets.
2025-01-29 00:10:54.938 [info] Tasks: No changes found during synchronizing tasks.
2025-01-29 00:10:54.943 [info] GlobalState: No changes found during synchronizing ui state.
2025-01-29 00:10:55.038 [info] Extensions: No changes found during synchronizing extensions.
2025-01-29 00:10:55.040 [info] Profiles: No changes found during synchronizing profiles.
2025-01-29 00:10:55.042 [info] Sync done. Took 208ms
2025-01-29 00:11:19.297 [info] Auto Sync: Triggered by Activity
2025-01-29 00:11:19.298 [info] Sync started.
2025-01-29 00:11:19.396 [info] Settings: No changes found during synchronizing settings.
2025-01-29 00:11:19.401 [info] Keybindings: No changes found during synchronizing keybindings.
2025-01-29 00:11:19.405 [info] Snippets: No changes found during synchronizing snippets.
2025-01-29 00:11:19.410 [info] Tasks: No changes found during synchronizing tasks.
2025-01-29 00:11:19.986 [info] GlobalState: Updated remote ui state. Updated: memento/gettingStartedService.
2025-01-29 00:11:19.994 [info] GlobalState: Updated last synchronized ui state
2025-01-29 00:11:20.072 [info] Extensions: No changes found during synchronizing extensions.
2025-01-29 00:11:20.074 [info] Profiles: No changes found during synchronizing profiles.
2025-01-29 00:11:20.076 [info] Sync done. Took 781ms
