2025-01-29 00:20:52.799 [info] Reading sessions from keychain...
2025-01-29 00:20:52.799 [info] Getting sessions for all scopes...
2025-01-29 00:20:52.799 [info] Getting sessions for all scopes...
2025-01-29 00:20:52.799 [info] Getting sessions for all scopes...
2025-01-29 00:20:52.799 [info] Got stored sessions!
2025-01-29 00:20:52.799 [info] Got 1 verified sessions.
2025-01-29 00:20:52.799 [info] Got 1 sessions for ...
2025-01-29 00:20:52.799 [info] Got 1 sessions for ...
2025-01-29 00:20:52.799 [info] Got 1 sessions for ...
2025-01-29 00:20:52.799 [info] Getting sessions for all scopes...
2025-01-29 00:20:52.799 [info] Got 1 sessions for ...
2025-01-29 00:20:52.799 [info] Getting sessions for all scopes...
2025-01-29 00:20:52.799 [info] Got 1 sessions for ...
2025-01-29 00:20:52.799 [info] Getting sessions for all scopes...
2025-01-29 00:20:52.799 [info] Got 1 sessions for ...
2025-01-29 00:20:52.799 [info] Getting sessions for all scopes...
2025-01-29 00:20:52.799 [info] Got 1 sessions for ...
2025-01-29 00:20:52.799 [info] Getting sessions for all scopes...
2025-01-29 00:20:52.799 [info] Got 1 sessions for ...
2025-01-29 00:20:52.799 [info] Getting sessions for user:email...
2025-01-29 00:20:52.799 [info] Got 1 sessions for user:email...
2025-01-29 00:20:53.661 [info] Getting sessions for all scopes...
2025-01-29 00:20:53.661 [info] Got 1 sessions for ...
2025-01-29 00:20:57.467 [info] Getting sessions for read:user,repo,user:email,workflow...
2025-01-29 00:20:57.467 [info] Got 0 sessions for read:user,repo,user:email,workflow...
