2025-01-29 00:18:44.146 [info] Reading sessions from keychain...
2025-01-29 00:18:44.146 [info] Getting sessions for all scopes...
2025-01-29 00:18:44.146 [info] Getting sessions for all scopes...
2025-01-29 00:18:44.146 [info] Getting sessions for all scopes...
2025-01-29 00:18:44.146 [info] Got stored sessions!
2025-01-29 00:18:44.146 [info] Got 1 verified sessions.
2025-01-29 00:18:44.146 [info] Got 1 sessions for ...
2025-01-29 00:18:44.146 [info] Got 1 sessions for ...
2025-01-29 00:18:44.146 [info] Got 1 sessions for ...
2025-01-29 00:18:44.146 [info] Getting sessions for all scopes...
2025-01-29 00:18:44.146 [info] Got 1 sessions for ...
2025-01-29 00:18:44.146 [info] Getting sessions for all scopes...
2025-01-29 00:18:44.146 [info] Got 1 sessions for ...
2025-01-29 00:18:44.146 [info] Getting sessions for all scopes...
2025-01-29 00:18:44.146 [info] Got 1 sessions for ...
2025-01-29 00:18:44.146 [info] Getting sessions for all scopes...
2025-01-29 00:18:44.146 [info] Got 1 sessions for ...
2025-01-29 00:18:44.146 [info] Getting sessions for all scopes...
2025-01-29 00:18:44.146 [info] Got 1 sessions for ...
2025-01-29 00:18:44.146 [info] Getting sessions for user:email...
2025-01-29 00:18:44.146 [info] Got 1 sessions for user:email...
2025-01-29 00:18:44.146 [info] Getting sessions for all scopes...
2025-01-29 00:18:44.146 [info] Got 1 sessions for ...
2025-01-29 00:18:47.580 [info] Getting sessions for read:user,repo,user:email,workflow...
2025-01-29 00:18:47.580 [info] Got 0 sessions for read:user,repo,user:email,workflow...
