2025-01-29 00:20:55.505 [info] Name: autopep8
2025-01-29 00:20:55.505 [info] Module: autopep8
2025-01-29 00:20:55.505 [info] Default formatter is set to charliermarsh.ruff for workspace /home/zefixed/Documents/python/lzparser
2025-01-29 00:20:55.505 [warning] autopep8 Formatter is NOT set as the default formatter for workspace /home/zefixed/Documents/python/lzparser
2025-01-29 00:20:55.505 [warning] To set autopep8 Formatter as the default formatter, add the following to your settings.json file:
2025-01-29 00:20:55.505 [warning] 
"[python]": {
    "editor.defaultFormatter": "ms-python.autopep8"
}
2025-01-29 00:20:55.505 [info] Python extension loading
2025-01-29 00:20:55.505 [info] Waiting for interpreter from python extension.
2025-01-29 00:20:57.519 [info] No interpreter found from setting autopep8.interpreter
2025-01-29 00:20:57.519 [info] Getting interpreter from ms-python.python extension for workspace /home/zefixed/Documents/python/lzparser
2025-01-29 00:20:57.519 [info] Python extension loaded
2025-01-29 00:20:57.532 [info] Interpreter from ms-python.python extension for /home/zefixed/Documents/python/lzparser: /home/zefixed/Documents/python/lzparser/venv/bin/python
2025-01-29 00:20:57.565 [info] No interpreter found from setting autopep8.interpreter
2025-01-29 00:20:57.565 [info] Getting interpreter from ms-python.python extension for workspace /home/zefixed/Documents/python/lzparser
2025-01-29 00:20:57.584 [info] Interpreter from ms-python.python extension for /home/zefixed/Documents/python/lzparser: /home/zefixed/Documents/python/lzparser/venv/bin/python
2025-01-29 00:20:57.615 [info] Server run command: /home/zefixed/Documents/python/lzparser/venv/bin/python /home/zefixed/.vscode/extensions/ms-python.autopep8-2024.0.0/bundled/tool/lsp_server.py
2025-01-29 00:20:57.617 [info] Server: Start requested.
2025-01-29 00:20:58.486 [info] CWD Server: /home/zefixed/Documents/python/lzparser
2025-01-29 00:20:58.486 [info] sys.path used to run Server:
   /home/zefixed/.vscode/extensions/ms-python.autopep8-2024.0.0/bundled/libs
   /home/zefixed/.vscode/extensions/ms-python.autopep8-2024.0.0/bundled/tool
   /usr/lib/python313.zip
   /usr/lib/python3.13
   /usr/lib/python3.13/lib-dynload
   /home/zefixed/Documents/python/lzparser/venv/lib/python3.13/site-packages
2025-01-29 00:20:58.486 [info] PYTHONPATH env variable used to run Server:
   /home/zefixed/.vscode/extensions/ms-python.autopep8-2024.0.0/bundled/libs:
2025-01-29 00:20:58.487 [info] Settings used to run Server:
[
    {
        "cwd": "/home/zefixed/Documents/python/lzparser",
        "workspace": "file:///home/zefixed/Documents/python/lzparser",
        "args": [],
        "path": [],
        "interpreter": [
            "/home/zefixed/Documents/python/lzparser/venv/bin/python"
        ],
        "importStrategy": "useBundled",
        "showNotifications": "off"
    }
]

2025-01-29 00:20:58.487 [info] Global settings:
{
    "cwd": "/home/zefixed",
    "workspace": "/home/zefixed",
    "args": [],
    "path": [],
    "interpreter": [],
    "importStrategy": "useBundled",
    "showNotifications": "off"
}

2025-01-29 00:20:58.487 [info] /home/zefixed/Documents/python/lzparser/venv/bin/python -m autopep8 --version
2025-01-29 00:20:58.488 [info] CWD Server: /home/zefixed/Documents/python/lzparser
2025-01-29 00:20:58.558 [info] Version info for formatter running for /home/zefixed/Documents/python/lzparser:
autopep8 2.1.0 (pycodestyle: 2.11.1)

2025-01-29 00:20:58.558 [info] SUPPORTED autopep8>=1.7.0
FOUND autopep8==2.1.0

2025-01-29 00:23:51.091 [info] [Trace - 12:23:51 AM] Sending notification 'textDocument/didChange'.
2025-01-29 00:23:56.269 [info] [Trace - 12:23:56 AM] Sending notification 'textDocument/didChange'.
2025-01-29 00:23:57.579 [info] [Trace - 12:23:57 AM] Sending notification 'textDocument/didChange'.
2025-01-29 00:23:57.812 [info] [Trace - 12:23:57 AM] Sending notification 'textDocument/didChange'.
2025-01-29 00:23:57.885 [info] [Trace - 12:23:57 AM] Sending notification 'textDocument/didChange'.
2025-01-29 00:23:58.052 [info] [Trace - 12:23:58 AM] Sending notification 'textDocument/didChange'.
2025-01-29 00:23:58.155 [info] [Trace - 12:23:58 AM] Sending notification 'textDocument/didChange'.
2025-01-29 00:24:08.963 [info] [Trace - 12:24:08 AM] Sending notification 'textDocument/didChange'.
2025-01-29 00:24:09.230 [info] [Trace - 12:24:09 AM] Sending notification 'textDocument/didChange'.
2025-01-29 00:24:18.008 [info] [Trace - 12:24:18 AM] Sending notification 'textDocument/didChange'.
2025-01-29 00:24:18.536 [info] [Trace - 12:24:18 AM] Sending notification 'textDocument/didChange'.
2025-01-29 00:24:41.743 [info] [Trace - 12:24:41 AM] Sending notification 'textDocument/didChange'.
2025-01-29 00:24:41.766 [info] [Trace - 12:24:41 AM] Sending notification 'textDocument/didChange'.
2025-01-29 00:24:41.853 [info] [Trace - 12:24:41 AM] Sending notification 'textDocument/didChange'.
2025-01-29 00:24:42.533 [info] [Trace - 12:24:42 AM] Sending notification 'textDocument/didChange'.
2025-01-29 00:24:42.686 [info] [Trace - 12:24:42 AM] Sending notification 'textDocument/didChange'.
2025-01-29 00:24:44.603 [info] [Trace - 12:24:44 AM] Sending notification 'textDocument/didChange'.
2025-01-29 00:24:44.687 [info] [Trace - 12:24:44 AM] Sending notification 'textDocument/didChange'.
2025-01-29 00:24:45.577 [info] [Trace - 12:24:45 AM] Sending notification 'textDocument/didChange'.
2025-01-29 00:24:45.662 [info] [Trace - 12:24:45 AM] Sending notification 'textDocument/didChange'.
2025-01-29 00:24:45.912 [info] [Trace - 12:24:45 AM] Sending notification 'textDocument/didChange'.
2025-01-29 00:24:46.046 [info] [Trace - 12:24:46 AM] Sending notification 'textDocument/didChange'.
2025-01-29 00:24:47.277 [info] [Trace - 12:24:47 AM] Sending notification 'textDocument/didChange'.
2025-01-29 00:24:47.594 [info] [Trace - 12:24:47 AM] Sending notification 'textDocument/didChange'.
2025-01-29 00:24:49.418 [info] [Trace - 12:24:49 AM] Sending notification 'textDocument/didChange'.
2025-01-29 00:24:50.674 [info] [Trace - 12:24:50 AM] Sending notification 'textDocument/didChange'.
2025-01-29 00:25:02.166 [info] [Trace - 12:25:02 AM] Sending notification 'textDocument/didChange'.
2025-01-29 00:25:07.064 [info] [Trace - 12:25:07 AM] Sending notification 'textDocument/didChange'.
2025-01-29 00:25:07.870 [info] [Trace - 12:25:07 AM] Sending notification 'textDocument/didChange'.
2025-01-29 00:25:09.266 [info] [Trace - 12:25:09 AM] Sending notification 'textDocument/didChange'.
2025-01-29 00:25:18.004 [info] [Trace - 12:25:18 AM] Sending notification 'textDocument/didChange'.
2025-01-29 00:25:18.121 [info] [Trace - 12:25:18 AM] Sending notification 'textDocument/didChange'.
2025-01-29 00:25:22.542 [info] [Trace - 12:25:22 AM] Sending notification 'textDocument/didChange'.
2025-01-29 00:25:22.649 [info] [Trace - 12:25:22 AM] Sending notification 'textDocument/didChange'.
2025-01-29 00:25:26.856 [info] [Trace - 12:25:26 AM] Sending notification 'textDocument/didChange'.
2025-01-29 00:25:26.949 [info] [Trace - 12:25:26 AM] Sending notification 'textDocument/didChange'.
2025-01-29 00:25:28.067 [info] [Trace - 12:25:28 AM] Sending notification 'textDocument/didChange'.
2025-01-29 00:25:30.790 [info] [Trace - 12:25:30 AM] Sending notification 'textDocument/didChange'.
2025-01-29 00:25:30.817 [info] [Trace - 12:25:30 AM] Sending notification 'textDocument/didChange'.
2025-01-29 00:25:31.463 [info] [Trace - 12:25:31 AM] Sending notification 'textDocument/didChange'.
2025-01-29 00:25:31.602 [info] [Trace - 12:25:31 AM] Sending notification 'textDocument/didChange'.
2025-01-29 00:25:32.614 [info] [Trace - 12:25:32 AM] Sending notification 'textDocument/didChange'.
2025-01-29 00:25:38.802 [info] [Trace - 12:25:38 AM] Sending notification 'textDocument/didChange'.
2025-01-29 00:25:38.956 [info] [Trace - 12:25:38 AM] Sending notification 'textDocument/didChange'.
2025-01-29 00:25:43.383 [info] [Trace - 12:25:43 AM] Sending notification 'textDocument/didChange'.
2025-01-29 00:25:59.236 [info] [Trace - 12:25:59 AM] Sending notification 'textDocument/didChange'.
2025-01-29 00:26:00.637 [info] [Trace - 12:26:00 AM] Sending notification 'textDocument/didChange'.
2025-01-29 00:26:19.302 [info] [Trace - 12:26:19 AM] Sending notification 'textDocument/didChange'.
2025-01-29 00:26:21.020 [info] [Trace - 12:26:21 AM] Sending notification 'textDocument/didChange'.
2025-01-29 00:26:29.670 [info] [Trace - 12:26:29 AM] Sending notification 'textDocument/didChange'.
2025-01-29 00:26:47.164 [info] [Trace - 12:26:47 AM] Sending notification 'textDocument/didChange'.
2025-01-29 00:26:47.297 [info] [Trace - 12:26:47 AM] Sending notification 'textDocument/didChange'.
2025-01-29 00:26:47.380 [info] [Trace - 12:26:47 AM] Sending notification 'textDocument/didChange'.
2025-01-29 00:26:47.469 [info] [Trace - 12:26:47 AM] Sending notification 'textDocument/didChange'.
2025-01-29 00:26:47.626 [info] [Trace - 12:26:47 AM] Sending notification 'textDocument/didChange'.
2025-01-29 00:26:47.801 [info] [Trace - 12:26:47 AM] Sending notification 'textDocument/didChange'.
2025-01-29 00:26:48.056 [info] [Trace - 12:26:48 AM] Sending notification 'textDocument/didChange'.
2025-01-29 00:26:48.196 [info] [Trace - 12:26:48 AM] Sending notification 'textDocument/didChange'.
2025-01-29 00:26:48.337 [info] [Trace - 12:26:48 AM] Sending notification 'textDocument/didChange'.
2025-01-29 00:26:48.484 [info] [Trace - 12:26:48 AM] Sending notification 'textDocument/didChange'.
2025-01-29 00:26:48.635 [info] [Trace - 12:26:48 AM] Sending notification 'textDocument/didChange'.
2025-01-29 00:26:49.102 [info] [Trace - 12:26:49 AM] Sending notification 'textDocument/didChange'.
2025-01-29 00:26:49.188 [info] [Trace - 12:26:49 AM] Sending notification 'textDocument/didChange'.
2025-01-29 00:26:49.374 [info] [Trace - 12:26:49 AM] Sending notification 'textDocument/didChange'.
2025-01-29 00:26:49.499 [info] [Trace - 12:26:49 AM] Sending notification 'textDocument/didChange'.
2025-01-29 00:26:58.696 [info] [Trace - 12:26:58 AM] Sending notification 'textDocument/didChange'.
2025-01-29 00:26:58.777 [info] [Trace - 12:26:58 AM] Sending notification 'textDocument/didChange'.
2025-01-29 00:26:58.977 [info] [Trace - 12:26:58 AM] Sending notification 'textDocument/didChange'.
2025-01-29 00:26:59.906 [info] [Trace - 12:26:59 AM] Sending notification 'textDocument/didChange'.
2025-01-29 00:27:00.107 [info] [Trace - 12:27:00 AM] Sending notification 'textDocument/didChange'.
2025-01-29 00:27:00.262 [info] [Trace - 12:27:00 AM] Sending notification 'textDocument/didChange'.
2025-01-29 00:27:03.926 [info] [Trace - 12:27:03 AM] Sending notification 'textDocument/didChange'.
2025-01-29 00:27:04.067 [info] [Trace - 12:27:04 AM] Sending notification 'textDocument/didChange'.
2025-01-29 00:27:04.197 [info] [Trace - 12:27:04 AM] Sending notification 'textDocument/didChange'.
2025-01-29 00:27:04.346 [info] [Trace - 12:27:04 AM] Sending notification 'textDocument/didChange'.
2025-01-29 00:27:04.588 [info] [Trace - 12:27:04 AM] Sending notification 'textDocument/didChange'.
2025-01-29 00:27:05.284 [info] [Trace - 12:27:05 AM] Sending notification 'textDocument/didChange'.
2025-01-29 00:27:06.558 [info] [Trace - 12:27:06 AM] Sending notification 'textDocument/didOpen'.
2025-01-29 00:27:15.854 [info] [Trace - 12:27:15 AM] Sending notification 'textDocument/didChange'.
2025-01-29 00:27:15.999 [info] [Trace - 12:27:15 AM] Sending notification 'textDocument/didChange'.
2025-01-29 00:27:16.597 [info] [Trace - 12:27:16 AM] Sending notification 'textDocument/didChange'.
2025-01-29 00:27:16.764 [info] [Trace - 12:27:16 AM] Sending notification 'textDocument/didChange'.
2025-01-29 00:27:17.665 [info] [Trace - 12:27:17 AM] Sending notification 'textDocument/didChange'.
2025-01-29 00:27:17.738 [info] [Trace - 12:27:17 AM] Sending notification 'textDocument/didChange'.
2025-01-29 00:27:18.107 [info] [Trace - 12:27:18 AM] Sending notification 'textDocument/didChange'.
2025-01-29 00:27:18.213 [info] [Trace - 12:27:18 AM] Sending notification 'textDocument/didChange'.
2025-01-29 00:27:18.770 [info] [Trace - 12:27:18 AM] Sending notification 'textDocument/didChange'.
2025-01-29 00:27:18.936 [info] [Trace - 12:27:18 AM] Sending notification 'textDocument/didChange'.
2025-01-29 00:27:19.422 [info] [Trace - 12:27:19 AM] Sending notification 'textDocument/didChange'.
2025-01-29 00:27:19.487 [info] [Trace - 12:27:19 AM] Sending notification 'textDocument/didChange'.
2025-01-29 00:27:19.729 [info] [Trace - 12:27:19 AM] Sending notification 'textDocument/didChange'.
2025-01-29 00:27:19.829 [info] [Trace - 12:27:19 AM] Sending notification 'textDocument/didChange'.
2025-01-29 00:27:19.992 [info] [Trace - 12:27:19 AM] Sending notification 'textDocument/didChange'.
2025-01-29 00:27:20.333 [info] [Trace - 12:27:20 AM] Sending notification 'textDocument/didChange'.
2025-01-29 00:27:31.719 [info] [Trace - 12:27:31 AM] Sending notification 'textDocument/didChange'.
2025-01-29 00:27:36.903 [info] [Trace - 12:27:36 AM] Sending notification 'textDocument/didChange'.
2025-01-29 00:27:42.102 [info] [Trace - 12:27:42 AM] Sending notification 'textDocument/didChange'.
2025-01-29 00:27:43.865 [info] [Trace - 12:27:43 AM] Sending notification 'textDocument/didChange'.
2025-01-29 00:27:48.549 [info] [Trace - 12:27:48 AM] Sending notification 'textDocument/didChange'.
2025-01-29 00:27:48.630 [info] [Trace - 12:27:48 AM] Sending notification 'textDocument/didChange'.
2025-01-29 00:27:48.872 [info] [Trace - 12:27:48 AM] Sending notification 'textDocument/didChange'.
2025-01-29 00:27:48.974 [info] [Trace - 12:27:48 AM] Sending notification 'textDocument/didChange'.
2025-01-29 00:27:57.398 [info] [Trace - 12:27:57 AM] Sending notification 'textDocument/didChange'.
2025-01-29 00:27:58.259 [info] [Trace - 12:27:58 AM] Sending notification 'textDocument/didChange'.
2025-01-29 00:27:59.202 [info] [Trace - 12:27:59 AM] Sending notification 'textDocument/didChange'.
2025-01-29 00:28:01.084 [info] [Trace - 12:28:01 AM] Sending notification 'textDocument/didChange'.
2025-01-29 00:28:03.453 [info] [Trace - 12:28:03 AM] Sending notification 'textDocument/didChange'.
2025-01-29 00:28:04.012 [info] [Trace - 12:28:04 AM] Sending notification 'textDocument/didChange'.
2025-01-29 00:28:04.196 [info] [Trace - 12:28:04 AM] Sending notification 'textDocument/didChange'.
2025-01-29 00:28:04.374 [info] [Trace - 12:28:04 AM] Sending notification 'textDocument/didChange'.
2025-01-29 00:28:11.563 [info] [Trace - 12:28:11 AM] Sending notification 'textDocument/didChange'.
2025-01-29 00:28:12.681 [info] [Trace - 12:28:12 AM] Sending notification 'textDocument/didChange'.
2025-01-29 00:28:12.777 [info] [Trace - 12:28:12 AM] Sending notification 'textDocument/didChange'.
2025-01-29 00:28:15.596 [info] [Trace - 12:28:15 AM] Sending notification 'textDocument/didChange'.
2025-01-29 00:28:16.438 [info] [Trace - 12:28:16 AM] Sending notification 'textDocument/didChange'.
2025-01-29 00:28:39.424 [info] [Trace - 12:28:39 AM] Sending notification 'textDocument/didChange'.
2025-01-29 00:28:39.564 [info] [Trace - 12:28:39 AM] Sending notification 'textDocument/didChange'.
2025-01-29 00:28:39.726 [info] [Trace - 12:28:39 AM] Sending notification 'textDocument/didChange'.
2025-01-29 00:28:40.746 [info] [Trace - 12:28:40 AM] Sending notification 'textDocument/didChange'.
2025-01-29 00:28:41.048 [info] [Trace - 12:28:41 AM] Sending notification 'textDocument/didChange'.
2025-01-29 00:28:41.226 [info] [Trace - 12:28:41 AM] Sending notification 'textDocument/didChange'.
2025-01-29 00:28:41.558 [info] [Trace - 12:28:41 AM] Sending notification 'textDocument/didChange'.
2025-01-29 00:28:55.173 [info] [Trace - 12:28:55 AM] Sending notification 'textDocument/didChange'.
2025-01-29 00:28:55.562 [info] [Trace - 12:28:55 AM] Sending notification 'textDocument/didChange'.
2025-01-29 00:28:55.771 [info] [Trace - 12:28:55 AM] Sending notification 'textDocument/didChange'.
2025-01-29 00:28:55.939 [info] [Trace - 12:28:55 AM] Sending notification 'textDocument/didChange'.
2025-01-29 00:30:07.230 [info] [Trace - 12:30:07 AM] Sending notification 'textDocument/didChange'.
2025-01-29 00:30:07.385 [info] [Trace - 12:30:07 AM] Sending notification 'textDocument/didChange'.
2025-01-29 00:30:07.668 [info] [Trace - 12:30:07 AM] Sending notification 'textDocument/didChange'.
2025-01-29 00:30:08.185 [info] [Trace - 12:30:08 AM] Sending notification 'textDocument/didChange'.
2025-01-29 00:30:08.565 [info] [Trace - 12:30:08 AM] Sending notification 'textDocument/didChange'.
2025-01-29 00:30:11.406 [info] [Trace - 12:30:11 AM] Sending notification 'textDocument/didChange'.
2025-01-29 00:30:11.714 [info] [Trace - 12:30:11 AM] Sending notification 'textDocument/didChange'.
2025-01-29 00:30:12.510 [info] [Trace - 12:30:12 AM] Sending notification 'textDocument/didChange'.
2025-01-29 00:30:40.394 [info] [Trace - 12:30:40 AM] Sending notification 'textDocument/didChange'.
2025-01-29 00:30:40.415 [info] [Trace - 12:30:40 AM] Sending notification 'textDocument/didChange'.
2025-01-29 00:30:40.518 [info] [Trace - 12:30:40 AM] Sending notification 'textDocument/didChange'.
2025-01-29 00:30:40.712 [info] [Trace - 12:30:40 AM] Sending notification 'textDocument/didChange'.
2025-01-29 00:30:40.962 [info] [Trace - 12:30:40 AM] Sending notification 'textDocument/didChange'.
2025-01-29 00:30:42.087 [info] [Trace - 12:30:42 AM] Sending notification 'textDocument/didChange'.
2025-01-29 00:30:42.266 [info] [Trace - 12:30:42 AM] Sending notification 'textDocument/didChange'.
2025-01-29 00:30:42.535 [info] [Trace - 12:30:42 AM] Sending notification 'textDocument/didChange'.
2025-01-29 00:30:42.655 [info] [Trace - 12:30:42 AM] Sending notification 'textDocument/didChange'.
2025-01-29 00:30:44.370 [info] [Trace - 12:30:44 AM] Sending notification 'textDocument/didChange'.
2025-01-29 00:30:46.824 [info] [Trace - 12:30:46 AM] Sending notification 'textDocument/didChange'.
2025-01-29 00:30:48.298 [info] [Trace - 12:30:48 AM] Sending notification 'textDocument/didChange'.
2025-01-29 00:30:51.533 [info] [Trace - 12:30:51 AM] Sending notification 'textDocument/didChange'.
2025-01-29 00:30:52.821 [info] [Trace - 12:30:52 AM] Sending notification 'textDocument/didChange'.
2025-01-29 00:31:20.898 [info] [Trace - 12:31:20 AM] Sending notification 'textDocument/didChange'.
2025-01-29 00:31:20.967 [info] [Trace - 12:31:20 AM] Sending notification 'textDocument/didChange'.
2025-01-29 00:31:21.117 [info] [Trace - 12:31:21 AM] Sending notification 'textDocument/didChange'.
2025-01-29 00:31:21.162 [info] [Trace - 12:31:21 AM] Sending notification 'textDocument/didChange'.
2025-01-29 00:31:21.263 [info] [Trace - 12:31:21 AM] Sending notification 'textDocument/didChange'.
2025-01-29 00:31:21.800 [info] [Trace - 12:31:21 AM] Sending notification 'textDocument/didChange'.
2025-01-29 00:31:22.051 [info] [Trace - 12:31:22 AM] Sending notification 'textDocument/didChange'.
2025-01-29 00:31:22.601 [info] [Trace - 12:31:22 AM] Sending notification 'textDocument/didChange'.
2025-01-29 00:31:22.758 [info] [Trace - 12:31:22 AM] Sending notification 'textDocument/didChange'.
2025-01-29 00:31:22.899 [info] [Trace - 12:31:22 AM] Sending notification 'textDocument/didChange'.
2025-01-29 00:31:22.925 [info] [Trace - 12:31:22 AM] Sending notification 'textDocument/didChange'.
2025-01-29 00:31:23.027 [info] [Trace - 12:31:23 AM] Sending notification 'textDocument/didChange'.
2025-01-29 00:31:23.487 [info] [Trace - 12:31:23 AM] Sending notification 'textDocument/didChange'.
2025-01-29 00:31:23.947 [info] [Trace - 12:31:23 AM] Sending notification 'textDocument/didChange'.
2025-01-29 00:31:30.074 [info] [Trace - 12:31:30 AM] Sending notification 'textDocument/didChange'.
2025-01-29 00:31:34.013 [info] [Trace - 12:31:34 AM] Sending notification 'textDocument/didChange'.
2025-01-29 00:31:34.729 [info] [Trace - 12:31:34 AM] Sending notification 'textDocument/didChange'.
2025-01-29 00:31:34.854 [info] [Trace - 12:31:34 AM] Sending notification 'textDocument/didChange'.
2025-01-29 00:32:55.115 [info] [Trace - 12:32:55 AM] Sending notification 'textDocument/didChange'.
2025-01-29 00:32:55.429 [info] [Trace - 12:32:55 AM] Sending notification 'textDocument/didChange'.
2025-01-29 00:32:55.525 [info] [Trace - 12:32:55 AM] Sending notification 'textDocument/didChange'.
2025-01-29 00:32:55.638 [info] [Trace - 12:32:55 AM] Sending notification 'textDocument/didChange'.
2025-01-29 00:35:26.596 [info] [Trace - 12:35:26 AM] Sending notification 'textDocument/didChange'.
2025-01-29 00:35:26.728 [info] [Trace - 12:35:26 AM] Sending notification 'textDocument/didChange'.
2025-01-29 00:35:26.889 [info] [Trace - 12:35:26 AM] Sending notification 'textDocument/didChange'.
2025-01-29 00:35:26.982 [info] [Trace - 12:35:26 AM] Sending notification 'textDocument/didChange'.
2025-01-29 00:35:27.575 [info] [Trace - 12:35:27 AM] Sending notification 'textDocument/didChange'.
2025-01-29 00:35:27.718 [info] [Trace - 12:35:27 AM] Sending notification 'textDocument/didChange'.
2025-01-29 00:35:27.913 [info] [Trace - 12:35:27 AM] Sending notification 'textDocument/didChange'.
2025-01-29 00:35:27.986 [info] [Trace - 12:35:27 AM] Sending notification 'textDocument/didChange'.
2025-01-29 00:35:28.054 [info] [Trace - 12:35:28 AM] Sending notification 'textDocument/didChange'.
2025-01-29 00:36:24.117 [info] [Trace - 12:36:24 AM] Sending notification 'textDocument/didChange'.
2025-01-29 00:36:34.045 [info] [Trace - 12:36:34 AM] Sending notification 'textDocument/didOpen'.
2025-01-29 00:36:57.178 [info] [Trace - 12:36:57 AM] Sending notification 'textDocument/didChange'.
2025-01-29 00:37:19.828 [info] [Trace - 12:37:19 AM] Sending notification 'textDocument/didChange'.
2025-01-29 00:37:20.021 [info] [Trace - 12:37:20 AM] Sending notification 'textDocument/didChange'.
2025-01-29 00:37:20.139 [info] [Trace - 12:37:20 AM] Sending notification 'textDocument/didChange'.
2025-01-29 00:37:20.222 [info] [Trace - 12:37:20 AM] Sending notification 'textDocument/didChange'.
2025-01-29 00:38:11.101 [info] [Trace - 12:38:11 AM] Sending notification 'textDocument/didClose'.
2025-01-29 00:38:11.134 [info] [Trace - 12:38:11 AM] Sending notification 'textDocument/didOpen'.
2025-01-29 00:38:18.968 [info] [Trace - 12:38:18 AM] Sending notification 'textDocument/didChange'.
2025-01-29 00:38:19.120 [info] [Trace - 12:38:19 AM] Sending notification 'textDocument/didChange'.
2025-01-29 00:38:22.612 [info] [Trace - 12:38:22 AM] Sending notification 'textDocument/didChange'.
2025-01-29 00:38:22.669 [info] [Trace - 12:38:22 AM] Sending notification 'textDocument/didChange'.
2025-01-29 00:38:22.869 [info] [Trace - 12:38:22 AM] Sending notification 'textDocument/didChange'.
2025-01-29 00:38:22.987 [info] [Trace - 12:38:22 AM] Sending notification 'textDocument/didChange'.
2025-01-29 00:38:23.051 [info] [Trace - 12:38:23 AM] Sending notification 'textDocument/didChange'.
2025-01-29 00:38:23.235 [info] [Trace - 12:38:23 AM] Sending notification 'textDocument/didChange'.
2025-01-29 00:38:23.331 [info] [Trace - 12:38:23 AM] Sending notification 'textDocument/didChange'.
2025-01-29 00:38:24.713 [info] [Trace - 12:38:24 AM] Sending notification 'textDocument/didChange'.
2025-01-29 00:38:27.150 [info] [Trace - 12:38:27 AM] Sending notification 'textDocument/didChange'.
2025-01-29 00:38:27.234 [info] [Trace - 12:38:27 AM] Sending notification 'textDocument/didChange'.
2025-01-29 00:38:27.424 [info] [Trace - 12:38:27 AM] Sending notification 'textDocument/didChange'.
2025-01-29 00:38:27.566 [info] [Trace - 12:38:27 AM] Sending notification 'textDocument/didChange'.
2025-01-29 00:38:27.653 [info] [Trace - 12:38:27 AM] Sending notification 'textDocument/didChange'.
2025-01-29 00:38:27.793 [info] [Trace - 12:38:27 AM] Sending notification 'textDocument/didChange'.
2025-01-29 00:38:27.904 [info] [Trace - 12:38:27 AM] Sending notification 'textDocument/didChange'.
2025-01-29 00:38:29.584 [info] [Trace - 12:38:29 AM] Sending notification 'textDocument/didChange'.
2025-01-29 00:38:31.586 [info] [Trace - 12:38:31 AM] Sending notification 'textDocument/didChange'.
2025-01-29 00:38:35.804 [info] [Trace - 12:38:35 AM] Sending notification 'textDocument/didChange'.
2025-01-29 00:38:36.402 [info] [Trace - 12:38:36 AM] Sending notification 'textDocument/didChange'.
2025-01-29 00:38:36.479 [info] [Trace - 12:38:36 AM] Sending notification 'textDocument/didChange'.
2025-01-29 00:38:36.666 [info] [Trace - 12:38:36 AM] Sending notification 'textDocument/didChange'.
2025-01-29 00:38:36.747 [info] [Trace - 12:38:36 AM] Sending notification 'textDocument/didChange'.
2025-01-29 00:38:37.588 [info] [Trace - 12:38:37 AM] Sending notification 'textDocument/didChange'.
2025-01-29 00:38:39.211 [info] [Trace - 12:38:39 AM] Sending notification 'textDocument/didChange'.
2025-01-29 00:38:42.175 [info] [Trace - 12:38:42 AM] Sending notification 'textDocument/didChange'.
2025-01-29 00:38:42.366 [info] [Trace - 12:38:42 AM] Sending notification 'textDocument/didChange'.
2025-01-29 00:38:42.503 [info] [Trace - 12:38:42 AM] Sending notification 'textDocument/didChange'.
2025-01-29 00:38:42.848 [info] [Trace - 12:38:42 AM] Sending notification 'textDocument/didChange'.
2025-01-29 00:38:42.869 [info] [Trace - 12:38:42 AM] Sending notification 'textDocument/didChange'.
2025-01-29 00:38:43.729 [info] [Trace - 12:38:43 AM] Sending notification 'textDocument/didChange'.
2025-01-29 00:38:44.818 [info] [Trace - 12:38:44 AM] Sending notification 'textDocument/didChange'.
2025-01-29 00:38:46.557 [info] [Trace - 12:38:46 AM] Sending notification 'textDocument/didChange'.
2025-01-29 00:38:48.445 [info] [Trace - 12:38:48 AM] Sending notification 'textDocument/didChange'.
2025-01-29 00:38:48.712 [info] [Trace - 12:38:48 AM] Sending notification 'textDocument/didChange'.
2025-01-29 00:38:48.798 [info] [Trace - 12:38:48 AM] Sending notification 'textDocument/didChange'.
2025-01-29 00:38:51.025 [info] [Trace - 12:38:51 AM] Sending notification 'textDocument/didChange'.
2025-01-29 00:38:51.328 [info] [Trace - 12:38:51 AM] Sending notification 'textDocument/didChange'.
2025-01-29 00:38:51.439 [info] [Trace - 12:38:51 AM] Sending notification 'textDocument/didChange'.
2025-01-29 00:39:09.047 [info] [Trace - 12:39:09 AM] Sending notification 'textDocument/didChange'.
2025-01-29 00:39:09.544 [info] [Trace - 12:39:09 AM] Sending notification 'textDocument/didChange'.
2025-01-29 00:39:09.891 [info] [Trace - 12:39:09 AM] Sending notification 'textDocument/didChange'.
2025-01-29 00:39:11.143 [info] [Trace - 12:39:11 AM] Sending notification 'textDocument/didChange'.
2025-01-29 00:39:11.805 [info] [Trace - 12:39:11 AM] Sending notification 'textDocument/didChange'.
2025-01-29 00:39:12.939 [info] [Trace - 12:39:12 AM] Sending notification 'textDocument/didChange'.
2025-01-29 00:39:16.542 [info] [Trace - 12:39:16 AM] Sending notification 'textDocument/didChange'.
2025-01-29 00:39:16.775 [info] [Trace - 12:39:16 AM] Sending notification 'textDocument/didChange'.
2025-01-29 00:39:16.853 [info] [Trace - 12:39:16 AM] Sending notification 'textDocument/didChange'.
2025-01-29 00:39:17.021 [info] [Trace - 12:39:17 AM] Sending notification 'textDocument/didChange'.
2025-01-29 00:39:17.916 [info] [Trace - 12:39:17 AM] Sending notification 'textDocument/didChange'.
2025-01-29 00:39:18.945 [info] [Trace - 12:39:18 AM] Sending notification 'textDocument/didChange'.
2025-01-29 00:39:19.616 [info] [Trace - 12:39:19 AM] Sending notification 'textDocument/didChange'.
2025-01-29 00:39:21.327 [info] [Trace - 12:39:21 AM] Sending notification 'textDocument/didChange'.
2025-01-29 00:39:23.788 [info] [Trace - 12:39:23 AM] Sending notification 'textDocument/didChange'.
2025-01-29 00:39:24.251 [info] [Trace - 12:39:24 AM] Sending notification 'textDocument/didChange'.
2025-01-29 00:39:24.407 [info] [Trace - 12:39:24 AM] Sending notification 'textDocument/didChange'.
2025-01-29 00:39:25.425 [info] [Trace - 12:39:25 AM] Sending notification 'textDocument/didChange'.
2025-01-29 00:39:26.037 [info] [Trace - 12:39:26 AM] Sending notification 'textDocument/didChange'.
2025-01-29 00:39:27.712 [info] [Trace - 12:39:27 AM] Sending notification 'textDocument/didChange'.
2025-01-29 00:39:29.794 [info] [Trace - 12:39:29 AM] Sending notification 'textDocument/didChange'.
2025-01-29 00:39:29.994 [info] [Trace - 12:39:29 AM] Sending notification 'textDocument/didChange'.
2025-01-29 00:39:30.100 [info] [Trace - 12:39:30 AM] Sending notification 'textDocument/didChange'.
2025-01-29 00:39:32.636 [info] [Trace - 12:39:32 AM] Sending notification 'textDocument/didChange'.
2025-01-29 00:39:32.954 [info] [Trace - 12:39:32 AM] Sending notification 'textDocument/didChange'.
2025-01-29 00:39:43.015 [info] [Trace - 12:39:43 AM] Sending notification 'textDocument/didChange'.
2025-01-29 00:39:43.223 [info] [Trace - 12:39:43 AM] Sending notification 'textDocument/didChange'.
2025-01-29 00:39:43.484 [info] [Trace - 12:39:43 AM] Sending notification 'textDocument/didChange'.
2025-01-29 00:39:55.730 [info] [Trace - 12:39:55 AM] Sending notification 'textDocument/didOpen'.
2025-01-29 00:39:55.735 [info] [Trace - 12:39:55 AM] Sending notification 'textDocument/didClose'.
2025-01-29 00:39:55.778 [info] [Trace - 12:39:55 AM] Sending notification 'textDocument/didChange'.
2025-01-29 00:39:55.843 [info] [Trace - 12:39:55 AM] Sending notification 'textDocument/didOpen'.
2025-01-29 00:39:55.849 [info] [Trace - 12:39:55 AM] Sending notification 'textDocument/didClose'.
2025-01-29 00:39:58.595 [info] [Trace - 12:39:58 AM] Sending notification 'textDocument/didChange'.
2025-01-29 00:39:58.632 [info] [Trace - 12:39:58 AM] Sending notification 'textDocument/didChange'.
2025-01-29 00:39:58.846 [info] [Trace - 12:39:58 AM] Sending notification 'textDocument/didChange'.
2025-01-29 00:40:01.733 [info] [Trace - 12:40:01 AM] Sending notification 'textDocument/didChange'.
2025-01-29 00:40:02.412 [info] [Trace - 12:40:02 AM] Sending notification 'textDocument/didChange'.
2025-01-29 00:40:04.754 [info] [Trace - 12:40:04 AM] Sending notification 'textDocument/didChange'.
2025-01-29 00:40:04.806 [info] [Trace - 12:40:04 AM] Sending notification 'textDocument/didChange'.
2025-01-29 00:40:06.075 [info] [Trace - 12:40:06 AM] Sending notification 'textDocument/didChange'.
2025-01-29 00:40:11.361 [info] [Trace - 12:40:11 AM] Sending notification 'textDocument/didChange'.
2025-01-29 00:40:11.949 [info] [Trace - 12:40:11 AM] Sending notification 'textDocument/didChange'.
2025-01-29 00:40:13.250 [info] [Trace - 12:40:13 AM] Sending notification 'textDocument/didChange'.
2025-01-29 00:40:14.194 [info] [Trace - 12:40:14 AM] Sending notification 'textDocument/didChange'.
2025-01-29 00:40:53.564 [info] [Trace - 12:40:53 AM] Sending notification 'textDocument/didChange'.
2025-01-29 00:40:54.394 [info] [Trace - 12:40:54 AM] Sending notification 'textDocument/didChange'.
2025-01-29 00:40:54.794 [info] [Trace - 12:40:54 AM] Sending notification 'textDocument/didChange'.
2025-01-29 00:40:55.010 [info] [Trace - 12:40:55 AM] Sending notification 'textDocument/didChange'.
2025-01-29 00:40:55.156 [info] [Trace - 12:40:55 AM] Sending notification 'textDocument/didChange'.
2025-01-29 00:40:55.246 [info] [Trace - 12:40:55 AM] Sending notification 'textDocument/didChange'.
2025-01-29 00:40:55.328 [info] [Trace - 12:40:55 AM] Sending notification 'textDocument/didChange'.
2025-01-29 00:40:57.810 [info] [Trace - 12:40:57 AM] Sending notification 'textDocument/didChange'.
2025-01-29 00:41:11.606 [info] [Trace - 12:41:11 AM] Sending notification 'textDocument/didChange'.
2025-01-29 00:41:11.736 [info] [Trace - 12:41:11 AM] Sending notification 'textDocument/didChange'.
2025-01-29 00:41:16.630 [info] [Trace - 12:41:16 AM] Sending notification 'textDocument/didOpen'.
2025-01-29 00:41:20.314 [info] [Trace - 12:41:20 AM] Sending notification 'textDocument/didChange'.
2025-01-29 00:41:20.398 [info] [Trace - 12:41:20 AM] Sending notification 'textDocument/didChange'.
2025-01-29 00:41:20.562 [info] [Trace - 12:41:20 AM] Sending notification 'textDocument/didChange'.
2025-01-29 00:41:20.687 [info] [Trace - 12:41:20 AM] Sending notification 'textDocument/didChange'.
2025-01-29 00:41:20.875 [info] [Trace - 12:41:20 AM] Sending notification 'textDocument/didChange'.
2025-01-29 00:41:21.777 [info] [Trace - 12:41:21 AM] Sending notification 'textDocument/didChange'.
2025-01-29 00:41:21.872 [info] [Trace - 12:41:21 AM] Sending notification 'textDocument/didChange'.
2025-01-29 00:41:23.083 [info] [Trace - 12:41:23 AM] Sending notification 'textDocument/didChange'.
2025-01-29 00:41:25.040 [info] [Trace - 12:41:25 AM] Sending notification 'textDocument/didChange'.
2025-01-29 00:41:25.117 [info] [Trace - 12:41:25 AM] Sending notification 'textDocument/didChange'.
2025-01-29 00:41:25.292 [info] [Trace - 12:41:25 AM] Sending notification 'textDocument/didChange'.
2025-01-29 00:41:25.419 [info] [Trace - 12:41:25 AM] Sending notification 'textDocument/didChange'.
2025-01-29 00:41:25.555 [info] [Trace - 12:41:25 AM] Sending notification 'textDocument/didChange'.
2025-01-29 00:41:25.638 [info] [Trace - 12:41:25 AM] Sending notification 'textDocument/didChange'.
2025-01-29 00:41:25.782 [info] [Trace - 12:41:25 AM] Sending notification 'textDocument/didChange'.
2025-01-29 00:41:26.861 [info] [Trace - 12:41:26 AM] Sending notification 'textDocument/didChange'.
2025-01-29 00:41:28.054 [info] [Trace - 12:41:28 AM] Sending notification 'textDocument/didChange'.
2025-01-29 00:41:32.576 [info] [Trace - 12:41:32 AM] Sending notification 'textDocument/didChange'.
2025-01-29 00:41:34.146 [info] [Trace - 12:41:34 AM] Sending notification 'textDocument/didChange'.
2025-01-29 00:41:34.864 [info] [Trace - 12:41:34 AM] Sending notification 'textDocument/didChange'.
2025-01-29 00:41:36.030 [info] [Trace - 12:41:36 AM] Sending notification 'textDocument/didChange'.
2025-01-29 00:41:36.302 [info] [Trace - 12:41:36 AM] Sending notification 'textDocument/didChange'.
2025-01-29 00:41:39.238 [info] [Trace - 12:41:39 AM] Sending notification 'textDocument/didChange'.
2025-01-29 00:41:40.183 [info] [Trace - 12:41:40 AM] Sending notification 'textDocument/didChange'.
2025-01-29 00:41:41.877 [info] [Trace - 12:41:41 AM] Sending notification 'textDocument/didChange'.
2025-01-29 00:41:42.976 [info] [Trace - 12:41:42 AM] Sending notification 'textDocument/didChange'.
2025-01-29 00:41:43.397 [info] [Trace - 12:41:43 AM] Sending notification 'textDocument/didChange'.
2025-01-29 00:41:45.205 [info] [Trace - 12:41:45 AM] Sending notification 'textDocument/didChange'.
2025-01-29 00:41:45.365 [info] [Trace - 12:41:45 AM] Sending notification 'textDocument/didChange'.
2025-01-29 00:41:46.507 [info] [Trace - 12:41:46 AM] Sending notification 'textDocument/didChange'.
2025-01-29 00:41:47.718 [info] [Trace - 12:41:47 AM] Sending notification 'textDocument/didOpen'.
2025-01-29 00:41:47.724 [info] [Trace - 12:41:47 AM] Sending notification 'textDocument/didClose'.
2025-01-29 00:41:50.039 [info] [Trace - 12:41:50 AM] Sending notification 'textDocument/didChange'.
2025-01-29 00:41:50.215 [info] [Trace - 12:41:50 AM] Sending notification 'textDocument/didChange'.
2025-01-29 00:41:51.059 [info] [Trace - 12:41:51 AM] Sending notification 'textDocument/didChange'.
2025-01-29 00:41:52.418 [info] [Trace - 12:41:52 AM] Sending notification 'textDocument/didChange'.
2025-01-29 00:41:52.566 [info] [Trace - 12:41:52 AM] Sending notification 'textDocument/didChange'.
2025-01-29 00:41:53.582 [info] [Trace - 12:41:53 AM] Sending notification 'textDocument/didChange'.
2025-01-29 00:41:54.865 [info] [Trace - 12:41:54 AM] Sending notification 'textDocument/didOpen'.
2025-01-29 00:41:54.869 [info] [Trace - 12:41:54 AM] Sending notification 'textDocument/didClose'.
2025-01-29 00:41:57.239 [info] [Trace - 12:41:57 AM] Sending notification 'textDocument/didChange'.
2025-01-29 00:41:57.443 [info] [Trace - 12:41:57 AM] Sending notification 'textDocument/didChange'.
2025-01-29 00:41:58.688 [info] [Trace - 12:41:58 AM] Sending notification 'textDocument/didChange'.
2025-01-29 00:42:00.242 [info] [Trace - 12:42:00 AM] Sending notification 'textDocument/didChange'.
2025-01-29 00:42:00.400 [info] [Trace - 12:42:00 AM] Sending notification 'textDocument/didChange'.
2025-01-29 00:42:01.630 [info] [Trace - 12:42:01 AM] Sending notification 'textDocument/didChange'.
2025-01-29 00:42:02.729 [info] [Trace - 12:42:02 AM] Sending notification 'textDocument/didChange'.
2025-01-29 00:42:03.549 [info] [Trace - 12:42:03 AM] Sending notification 'textDocument/didChange'.
2025-01-29 00:42:08.227 [info] [Trace - 12:42:08 AM] Sending notification 'textDocument/didOpen'.
2025-01-29 00:42:12.733 [info] [Trace - 12:42:12 AM] Sending notification 'textDocument/didClose'.
2025-01-29 00:42:12.758 [info] [Trace - 12:42:12 AM] Sending notification 'textDocument/didOpen'.
2025-01-29 00:42:14.290 [info] [Trace - 12:42:14 AM] Sending notification 'textDocument/didClose'.
2025-01-29 00:42:14.315 [info] [Trace - 12:42:14 AM] Sending notification 'textDocument/didOpen'.
2025-01-29 00:42:19.795 [info] [Trace - 12:42:19 AM] Sending notification 'textDocument/didChange'.
2025-01-29 00:42:20.650 [info] [Trace - 12:42:20 AM] Sending notification 'textDocument/didChange'.
2025-01-29 00:42:21.174 [info] [Trace - 12:42:21 AM] Sending notification 'textDocument/didChange'.
2025-01-29 00:42:23.476 [info] [Trace - 12:42:23 AM] Sending notification 'textDocument/didChange'.
2025-01-29 00:42:23.502 [info] [Trace - 12:42:23 AM] Sending notification 'textDocument/didChange'.
2025-01-29 00:42:24.024 [info] [Trace - 12:42:24 AM] Sending notification 'textDocument/didChange'.
2025-01-29 00:42:24.065 [info] [Trace - 12:42:24 AM] Sending notification 'textDocument/didChange'.
2025-01-29 00:42:24.101 [info] [Trace - 12:42:24 AM] Sending notification 'textDocument/didChange'.
2025-01-29 00:42:24.153 [info] [Trace - 12:42:24 AM] Sending notification 'textDocument/didChange'.
2025-01-29 00:42:24.205 [info] [Trace - 12:42:24 AM] Sending notification 'textDocument/didChange'.
2025-01-29 00:42:24.246 [info] [Trace - 12:42:24 AM] Sending notification 'textDocument/didChange'.
2025-01-29 00:42:24.277 [info] [Trace - 12:42:24 AM] Sending notification 'textDocument/didChange'.
2025-01-29 00:42:24.313 [info] [Trace - 12:42:24 AM] Sending notification 'textDocument/didChange'.
2025-01-29 00:42:24.341 [info] [Trace - 12:42:24 AM] Sending notification 'textDocument/didChange'.
2025-01-29 00:42:24.421 [info] [Trace - 12:42:24 AM] Sending notification 'textDocument/didChange'.
2025-01-29 00:42:24.453 [info] [Trace - 12:42:24 AM] Sending notification 'textDocument/didChange'.
2025-01-29 00:42:24.789 [info] [Trace - 12:42:24 AM] Sending notification 'textDocument/didChange'.
2025-01-29 00:42:24.810 [info] [Trace - 12:42:24 AM] Sending notification 'textDocument/didChange'.
2025-01-29 00:42:24.833 [info] [Trace - 12:42:24 AM] Sending notification 'textDocument/didChange'.
2025-01-29 00:42:24.861 [info] [Trace - 12:42:24 AM] Sending notification 'textDocument/didChange'.
2025-01-29 00:42:27.237 [info] [Trace - 12:42:27 AM] Sending notification 'textDocument/didChange'.
2025-01-29 00:42:28.244 [info] [Trace - 12:42:28 AM] Sending notification 'textDocument/didChange'.
2025-01-29 00:43:01.280 [info] [Trace - 12:43:01 AM] Sending notification 'textDocument/didChange'.
2025-01-29 00:43:30.491 [info] [Trace - 12:43:30 AM] Sending notification 'textDocument/didChange'.
2025-01-29 00:43:31.828 [info] [Trace - 12:43:31 AM] Sending notification 'textDocument/didChange'.
2025-01-29 00:43:31.833 [info] [Trace - 12:43:31 AM] Sending notification 'textDocument/didChange'.
2025-01-29 00:43:32.348 [info] [Trace - 12:43:32 AM] Sending notification 'textDocument/didChange'.
2025-01-29 00:43:32.410 [info] [Trace - 12:43:32 AM] Sending notification 'textDocument/didChange'.
2025-01-29 00:43:32.440 [info] [Trace - 12:43:32 AM] Sending notification 'textDocument/didChange'.
2025-01-29 00:43:32.494 [info] [Trace - 12:43:32 AM] Sending notification 'textDocument/didChange'.
2025-01-29 00:43:32.537 [info] [Trace - 12:43:32 AM] Sending notification 'textDocument/didChange'.
2025-01-29 00:43:32.572 [info] [Trace - 12:43:32 AM] Sending notification 'textDocument/didChange'.
2025-01-29 00:43:32.601 [info] [Trace - 12:43:32 AM] Sending notification 'textDocument/didChange'.
2025-01-29 00:43:32.640 [info] [Trace - 12:43:32 AM] Sending notification 'textDocument/didChange'.
2025-01-29 00:43:32.668 [info] [Trace - 12:43:32 AM] Sending notification 'textDocument/didChange'.
2025-01-29 00:43:32.705 [info] [Trace - 12:43:32 AM] Sending notification 'textDocument/didChange'.
2025-01-29 00:43:32.731 [info] [Trace - 12:43:32 AM] Sending notification 'textDocument/didChange'.
2025-01-29 00:43:32.768 [info] [Trace - 12:43:32 AM] Sending notification 'textDocument/didChange'.
2025-01-29 00:43:32.794 [info] [Trace - 12:43:32 AM] Sending notification 'textDocument/didChange'.
2025-01-29 00:43:32.834 [info] [Trace - 12:43:32 AM] Sending notification 'textDocument/didChange'.
2025-01-29 00:43:32.863 [info] [Trace - 12:43:32 AM] Sending notification 'textDocument/didChange'.
2025-01-29 00:43:32.930 [info] [Trace - 12:43:32 AM] Sending notification 'textDocument/didChange'.
2025-01-29 00:43:32.953 [info] [Trace - 12:43:32 AM] Sending notification 'textDocument/didChange'.
2025-01-29 00:43:33.081 [info] [Trace - 12:43:33 AM] Sending notification 'textDocument/didChange'.
2025-01-29 00:43:33.112 [info] [Trace - 12:43:33 AM] Sending notification 'textDocument/didChange'.
2025-01-29 00:43:33.194 [info] [Trace - 12:43:33 AM] Sending notification 'textDocument/didChange'.
2025-01-29 00:43:33.225 [info] [Trace - 12:43:33 AM] Sending notification 'textDocument/didChange'.
2025-01-29 00:43:33.266 [info] [Trace - 12:43:33 AM] Sending notification 'textDocument/didChange'.
2025-01-29 00:43:33.307 [info] [Trace - 12:43:33 AM] Sending notification 'textDocument/didChange'.
2025-01-29 00:43:37.655 [info] [Trace - 12:43:37 AM] Sending notification 'textDocument/didChange'.
2025-01-29 00:43:58.156 [info] [Trace - 12:43:58 AM] Sending notification 'textDocument/didChange'.
2025-01-29 00:43:58.675 [info] [Trace - 12:43:58 AM] Sending notification 'textDocument/didChange'.
2025-01-29 00:44:07.274 [info] [Trace - 12:44:07 AM] Sending notification 'textDocument/didChange'.
2025-01-29 00:44:26.530 [info] [Trace - 12:44:26 AM] Sending notification 'textDocument/didChange'.
2025-01-29 00:44:27.055 [info] [Trace - 12:44:27 AM] Sending notification 'textDocument/didChange'.
2025-01-29 00:44:27.103 [info] [Trace - 12:44:27 AM] Sending notification 'textDocument/didChange'.
2025-01-29 00:44:27.129 [info] [Trace - 12:44:27 AM] Sending notification 'textDocument/didChange'.
2025-01-29 00:44:27.175 [info] [Trace - 12:44:27 AM] Sending notification 'textDocument/didChange'.
2025-01-29 00:44:27.227 [info] [Trace - 12:44:27 AM] Sending notification 'textDocument/didChange'.
2025-01-29 00:44:27.337 [info] [Trace - 12:44:27 AM] Sending notification 'textDocument/didChange'.
2025-01-29 00:44:27.378 [info] [Trace - 12:44:27 AM] Sending notification 'textDocument/didChange'.
2025-01-29 00:44:27.505 [info] [Trace - 12:44:27 AM] Sending notification 'textDocument/didChange'.
2025-01-29 00:44:27.660 [info] [Trace - 12:44:27 AM] Sending notification 'textDocument/didChange'.
2025-01-29 00:44:27.744 [info] [Trace - 12:44:27 AM] Sending notification 'textDocument/didChange'.
2025-01-29 00:44:27.773 [info] [Trace - 12:44:27 AM] Sending notification 'textDocument/didChange'.
2025-01-29 00:44:27.915 [info] [Trace - 12:44:27 AM] Sending notification 'textDocument/didChange'.
2025-01-29 00:44:28.039 [info] [Trace - 12:44:28 AM] Sending notification 'textDocument/didChange'.
2025-01-29 00:44:28.124 [info] [Trace - 12:44:28 AM] Sending notification 'textDocument/didChange'.
2025-01-29 00:44:28.355 [info] [Trace - 12:44:28 AM] Sending notification 'textDocument/didChange'.
2025-01-29 00:44:54.073 [info] [Trace - 12:44:54 AM] Sending notification 'textDocument/didChange'.
2025-01-29 00:44:58.538 [info] [Trace - 12:44:58 AM] Sending notification 'textDocument/didChange'.
2025-01-29 00:45:09.168 [info] [Trace - 12:45:09 AM] Sending notification 'textDocument/didChange'.
2025-01-29 00:45:09.685 [info] [Trace - 12:45:09 AM] Sending notification 'textDocument/didChange'.
2025-01-29 00:45:09.724 [info] [Trace - 12:45:09 AM] Sending notification 'textDocument/didChange'.
2025-01-29 00:45:09.754 [info] [Trace - 12:45:09 AM] Sending notification 'textDocument/didChange'.
2025-01-29 00:45:09.798 [info] [Trace - 12:45:09 AM] Sending notification 'textDocument/didChange'.
2025-01-29 00:45:09.836 [info] [Trace - 12:45:09 AM] Sending notification 'textDocument/didChange'.
2025-01-29 00:45:16.845 [info] [Trace - 12:45:16 AM] Sending notification 'textDocument/didChange'.
2025-01-29 00:45:19.258 [info] [Trace - 12:45:19 AM] Sending notification 'textDocument/didChange'.
2025-01-29 00:45:19.324 [info] [Trace - 12:45:19 AM] Sending notification 'textDocument/didOpen'.
2025-01-29 00:45:19.327 [info] [Trace - 12:45:19 AM] Sending notification 'textDocument/didClose'.
2025-01-29 00:45:24.477 [info] [Trace - 12:45:24 AM] Sending notification 'textDocument/didChange'.
2025-01-29 00:45:29.468 [info] [Trace - 12:45:29 AM] Sending notification 'textDocument/didChange'.
2025-01-29 00:45:29.995 [info] [Trace - 12:45:29 AM] Sending notification 'textDocument/didChange'.
2025-01-29 00:45:30.018 [info] [Trace - 12:45:30 AM] Sending notification 'textDocument/didChange'.
2025-01-29 00:45:30.052 [info] [Trace - 12:45:30 AM] Sending notification 'textDocument/didChange'.
2025-01-29 00:45:30.086 [info] [Trace - 12:45:30 AM] Sending notification 'textDocument/didChange'.
2025-01-29 00:45:30.126 [info] [Trace - 12:45:30 AM] Sending notification 'textDocument/didChange'.
2025-01-29 00:45:31.923 [info] [Trace - 12:45:31 AM] Sending notification 'textDocument/didChange'.
2025-01-29 00:45:36.371 [info] [Trace - 12:45:36 AM] Sending notification 'textDocument/didOpen'.
2025-01-29 00:45:36.374 [info] [Trace - 12:45:36 AM] Sending notification 'textDocument/didClose'.
2025-01-29 00:45:36.510 [info] [Trace - 12:45:36 AM] Sending notification 'textDocument/didChange'.
2025-01-29 00:45:41.876 [info] [Trace - 12:45:41 AM] Sending notification 'textDocument/didChange'.
2025-01-29 00:45:42.400 [info] [Trace - 12:45:42 AM] Sending notification 'textDocument/didChange'.
2025-01-29 00:45:42.453 [info] [Trace - 12:45:42 AM] Sending notification 'textDocument/didChange'.
2025-01-29 00:45:42.480 [info] [Trace - 12:45:42 AM] Sending notification 'textDocument/didChange'.
2025-01-29 00:45:42.524 [info] [Trace - 12:45:42 AM] Sending notification 'textDocument/didChange'.
2025-01-29 00:45:42.562 [info] [Trace - 12:45:42 AM] Sending notification 'textDocument/didChange'.
2025-01-29 00:45:42.620 [info] [Trace - 12:45:42 AM] Sending notification 'textDocument/didChange'.
2025-01-29 00:45:42.670 [info] [Trace - 12:45:42 AM] Sending notification 'textDocument/didChange'.
2025-01-29 00:45:42.734 [info] [Trace - 12:45:42 AM] Sending notification 'textDocument/didChange'.
2025-01-29 00:45:42.795 [info] [Trace - 12:45:42 AM] Sending notification 'textDocument/didChange'.
2025-01-29 00:45:42.837 [info] [Trace - 12:45:42 AM] Sending notification 'textDocument/didChange'.
2025-01-29 00:45:42.916 [info] [Trace - 12:45:42 AM] Sending notification 'textDocument/didChange'.
2025-01-29 00:45:43.009 [info] [Trace - 12:45:43 AM] Sending notification 'textDocument/didChange'.
2025-01-29 00:45:43.164 [info] [Trace - 12:45:43 AM] Sending notification 'textDocument/didChange'.
2025-01-29 00:45:43.285 [info] [Trace - 12:45:43 AM] Sending notification 'textDocument/didChange'.
2025-01-29 00:45:43.462 [info] [Trace - 12:45:43 AM] Sending notification 'textDocument/didChange'.
2025-01-29 00:45:43.581 [info] [Trace - 12:45:43 AM] Sending notification 'textDocument/didChange'.
2025-01-29 00:45:43.668 [info] [Trace - 12:45:43 AM] Sending notification 'textDocument/didChange'.
2025-01-29 00:45:43.785 [info] [Trace - 12:45:43 AM] Sending notification 'textDocument/didChange'.
2025-01-29 00:45:52.343 [info] [Trace - 12:45:52 AM] Sending notification 'textDocument/didChange'.
2025-01-29 00:46:04.917 [info] [Trace - 12:46:04 AM] Sending notification 'textDocument/didChange'.
2025-01-29 00:46:05.009 [info] [Trace - 12:46:05 AM] Sending notification 'textDocument/didChange'.
2025-01-29 00:46:05.232 [info] [Trace - 12:46:05 AM] Sending notification 'textDocument/didChange'.
2025-01-29 00:46:05.296 [info] [Trace - 12:46:05 AM] Sending notification 'textDocument/didChange'.
2025-01-29 00:46:05.525 [info] [Trace - 12:46:05 AM] Sending notification 'textDocument/didChange'.
2025-01-29 00:46:05.670 [info] [Trace - 12:46:05 AM] Sending notification 'textDocument/didChange'.
2025-01-29 00:46:05.763 [info] [Trace - 12:46:05 AM] Sending notification 'textDocument/didChange'.
2025-01-29 00:46:05.905 [info] [Trace - 12:46:05 AM] Sending notification 'textDocument/didChange'.
2025-01-29 00:46:07.755 [info] [Trace - 12:46:07 AM] Sending notification 'textDocument/didChange'.
2025-01-29 00:46:15.316 [info] [Trace - 12:46:15 AM] Sending notification 'textDocument/didChange'.
2025-01-29 00:46:15.476 [info] [Trace - 12:46:15 AM] Sending notification 'textDocument/didChange'.
2025-01-29 00:46:15.554 [info] [Trace - 12:46:15 AM] Sending notification 'textDocument/didChange'.
2025-01-29 00:46:15.659 [info] [Trace - 12:46:15 AM] Sending notification 'textDocument/didChange'.
2025-01-29 00:46:15.813 [info] [Trace - 12:46:15 AM] Sending notification 'textDocument/didChange'.
2025-01-29 00:46:16.831 [info] [Trace - 12:46:16 AM] Sending notification 'textDocument/didChange'.
2025-01-29 00:46:17.010 [info] [Trace - 12:46:17 AM] Sending notification 'textDocument/didChange'.
2025-01-29 00:46:17.179 [info] [Trace - 12:46:17 AM] Sending notification 'textDocument/didChange'.
2025-01-29 00:46:17.349 [info] [Trace - 12:46:17 AM] Sending notification 'textDocument/didChange'.
2025-01-29 00:46:17.603 [info] [Trace - 12:46:17 AM] Sending notification 'textDocument/didChange'.
2025-01-29 00:46:18.388 [info] [Trace - 12:46:18 AM] Sending notification 'textDocument/didChange'.
2025-01-29 00:46:18.569 [info] [Trace - 12:46:18 AM] Sending notification 'textDocument/didChange'.
2025-01-29 00:46:19.005 [info] [Trace - 12:46:19 AM] Sending notification 'textDocument/didChange'.
2025-01-29 00:46:19.130 [info] [Trace - 12:46:19 AM] Sending notification 'textDocument/didChange'.
2025-01-29 00:46:19.469 [info] [Trace - 12:46:19 AM] Sending notification 'textDocument/didChange'.
2025-01-29 00:46:19.609 [info] [Trace - 12:46:19 AM] Sending notification 'textDocument/didChange'.
2025-01-29 00:46:19.775 [info] [Trace - 12:46:19 AM] Sending notification 'textDocument/didChange'.
2025-01-29 00:46:20.191 [info] [Trace - 12:46:20 AM] Sending notification 'textDocument/didChange'.
2025-01-29 00:46:20.285 [info] [Trace - 12:46:20 AM] Sending notification 'textDocument/didChange'.
2025-01-29 00:46:21.390 [info] [Trace - 12:46:21 AM] Sending notification 'textDocument/didChange'.
2025-01-29 00:46:21.506 [info] [Trace - 12:46:21 AM] Sending notification 'textDocument/didChange'.
2025-01-29 00:46:21.759 [info] [Trace - 12:46:21 AM] Sending notification 'textDocument/didChange'.
2025-01-29 00:46:21.933 [info] [Trace - 12:46:21 AM] Sending notification 'textDocument/didChange'.
2025-01-29 00:46:24.002 [info] [Trace - 12:46:24 AM] Sending notification 'textDocument/didChange'.
2025-01-29 00:46:24.117 [info] [Trace - 12:46:24 AM] Sending notification 'textDocument/didChange'.
2025-01-29 00:46:24.422 [info] [Trace - 12:46:24 AM] Sending notification 'textDocument/didChange'.
2025-01-29 00:46:24.787 [info] [Trace - 12:46:24 AM] Sending notification 'textDocument/didChange'.
2025-01-29 00:46:24.876 [info] [Trace - 12:46:24 AM] Sending notification 'textDocument/didChange'.
2025-01-29 00:46:25.026 [info] [Trace - 12:46:25 AM] Sending notification 'textDocument/didChange'.
2025-01-29 00:46:25.553 [info] [Trace - 12:46:25 AM] Sending notification 'textDocument/didChange'.
2025-01-29 00:46:25.633 [info] [Trace - 12:46:25 AM] Sending notification 'textDocument/didChange'.
2025-01-29 00:46:25.763 [info] [Trace - 12:46:25 AM] Sending notification 'textDocument/didChange'.
2025-01-29 00:46:25.992 [info] [Trace - 12:46:25 AM] Sending notification 'textDocument/didChange'.
2025-01-29 00:46:26.093 [info] [Trace - 12:46:26 AM] Sending notification 'textDocument/didChange'.
2025-01-29 00:46:26.192 [info] [Trace - 12:46:26 AM] Sending notification 'textDocument/didChange'.
2025-01-29 00:46:32.491 [info] [Trace - 12:46:32 AM] Sending notification 'textDocument/didChange'.
2025-01-29 00:46:34.899 [info] [Trace - 12:46:34 AM] Sending notification 'textDocument/didChange'.
2025-01-29 00:46:35.128 [info] [Trace - 12:46:35 AM] Sending notification 'textDocument/didChange'.
2025-01-29 00:46:43.627 [info] [Trace - 12:46:43 AM] Sending notification 'textDocument/didChange'.
2025-01-29 00:46:43.798 [info] [Trace - 12:46:43 AM] Sending notification 'textDocument/didChange'.
2025-01-29 00:46:44.971 [info] [Trace - 12:46:44 AM] Sending notification 'textDocument/didChange'.
2025-01-29 00:46:45.141 [info] [Trace - 12:46:45 AM] Sending notification 'textDocument/didChange'.
2025-01-29 00:46:49.659 [info] [Trace - 12:46:49 AM] Sending notification 'textDocument/didChange'.
2025-01-29 00:46:49.849 [info] [Trace - 12:46:49 AM] Sending notification 'textDocument/didChange'.
2025-01-29 00:46:54.952 [info] [Trace - 12:46:54 AM] Sending notification 'textDocument/didChange'.
2025-01-29 00:46:55.129 [info] [Trace - 12:46:55 AM] Sending notification 'textDocument/didChange'.
2025-01-29 00:46:58.442 [info] [Trace - 12:46:58 AM] Sending notification 'textDocument/didChange'.
2025-01-29 00:46:59.326 [info] [Trace - 12:46:59 AM] Sending notification 'textDocument/didChange'.
2025-01-29 00:46:59.410 [info] [Trace - 12:46:59 AM] Sending notification 'textDocument/didChange'.
2025-01-29 00:47:00.655 [info] [Trace - 12:47:00 AM] Sending notification 'textDocument/didChange'.
2025-01-29 00:47:01.583 [info] [Trace - 12:47:01 AM] Sending notification 'textDocument/didChange'.
2025-01-29 00:47:05.547 [info] [Trace - 12:47:05 AM] Sending notification 'textDocument/didChange'.
2025-01-29 00:47:05.709 [info] [Trace - 12:47:05 AM] Sending notification 'textDocument/didChange'.
2025-01-29 00:47:06.817 [info] [Trace - 12:47:06 AM] Sending notification 'textDocument/didChange'.
2025-01-29 00:47:16.433 [info] [Trace - 12:47:16 AM] Sending notification 'textDocument/didChange'.
2025-01-29 00:47:16.959 [info] [Trace - 12:47:16 AM] Sending notification 'textDocument/didChange'.
2025-01-29 00:47:17.014 [info] [Trace - 12:47:17 AM] Sending notification 'textDocument/didChange'.
2025-01-29 00:47:17.040 [info] [Trace - 12:47:17 AM] Sending notification 'textDocument/didChange'.
2025-01-29 00:47:17.075 [info] [Trace - 12:47:17 AM] Sending notification 'textDocument/didChange'.
2025-01-29 00:47:17.123 [info] [Trace - 12:47:17 AM] Sending notification 'textDocument/didChange'.
2025-01-29 00:47:17.151 [info] [Trace - 12:47:17 AM] Sending notification 'textDocument/didChange'.
2025-01-29 00:47:17.287 [info] [Trace - 12:47:17 AM] Sending notification 'textDocument/didChange'.
2025-01-29 00:47:17.346 [info] [Trace - 12:47:17 AM] Sending notification 'textDocument/didChange'.
2025-01-29 00:47:17.434 [info] [Trace - 12:47:17 AM] Sending notification 'textDocument/didChange'.
2025-01-29 00:47:17.524 [info] [Trace - 12:47:17 AM] Sending notification 'textDocument/didChange'.
2025-01-29 00:47:17.703 [info] [Trace - 12:47:17 AM] Sending notification 'textDocument/didChange'.
2025-01-29 00:47:27.959 [info] [Trace - 12:47:27 AM] Sending notification 'textDocument/didChange'.
2025-01-29 00:47:44.021 [info] [Trace - 12:47:44 AM] Sending notification 'textDocument/didChange'.
2025-01-29 00:47:50.221 [info] [Trace - 12:47:50 AM] Sending notification 'textDocument/didChange'.
2025-01-29 00:47:50.757 [info] [Trace - 12:47:50 AM] Sending notification 'textDocument/didChange'.
2025-01-29 00:47:50.985 [info] [Trace - 12:47:50 AM] Sending notification 'textDocument/didChange'.
2025-01-29 00:47:51.315 [info] [Trace - 12:47:51 AM] Sending notification 'textDocument/didChange'.
2025-01-29 00:47:51.626 [info] [Trace - 12:47:51 AM] Sending notification 'textDocument/didChange'.
2025-01-29 00:47:51.896 [info] [Trace - 12:47:51 AM] Sending notification 'textDocument/didChange'.
2025-01-29 00:47:52.143 [info] [Trace - 12:47:52 AM] Sending notification 'textDocument/didChange'.
2025-01-29 00:47:52.458 [info] [Trace - 12:47:52 AM] Sending notification 'textDocument/didChange'.
2025-01-29 00:47:52.648 [info] [Trace - 12:47:52 AM] Sending notification 'textDocument/didChange'.
2025-01-29 00:47:52.879 [info] [Trace - 12:47:52 AM] Sending notification 'textDocument/didChange'.
2025-01-29 00:48:03.345 [info] [Trace - 12:48:03 AM] Sending notification 'textDocument/didChange'.
2025-01-29 00:48:06.321 [info] [Trace - 12:48:06 AM] Sending notification 'textDocument/didChange'.
2025-01-29 00:49:04.191 [info] [Trace - 12:49:04 AM] Sending notification 'textDocument/didChange'.
2025-01-29 00:49:07.133 [info] [Trace - 12:49:07 AM] Sending notification 'textDocument/didChange'.
2025-01-29 00:49:07.190 [info] [Trace - 12:49:07 AM] Sending notification 'textDocument/didChange'.
2025-01-29 00:49:07.311 [info] [Trace - 12:49:07 AM] Sending notification 'textDocument/didChange'.
2025-01-29 00:49:07.318 [info] [Trace - 12:49:07 AM] Sending notification 'textDocument/didChange'.
2025-01-29 00:49:08.333 [info] [Trace - 12:49:08 AM] Sending notification 'textDocument/didChange'.
2025-01-29 00:49:08.436 [info] [Trace - 12:49:08 AM] Sending notification 'textDocument/didChange'.
2025-01-29 00:49:08.767 [info] [Trace - 12:49:08 AM] Sending notification 'textDocument/didChange'.
2025-01-29 00:49:08.872 [info] [Trace - 12:49:08 AM] Sending notification 'textDocument/didChange'.
2025-01-29 00:49:10.064 [info] [Trace - 12:49:10 AM] Sending notification 'textDocument/didChange'.
2025-01-29 00:49:10.225 [info] [Trace - 12:49:10 AM] Sending notification 'textDocument/didChange'.
2025-01-29 00:49:10.359 [info] [Trace - 12:49:10 AM] Sending notification 'textDocument/didChange'.
2025-01-29 00:49:10.498 [info] [Trace - 12:49:10 AM] Sending notification 'textDocument/didChange'.
2025-01-29 00:49:10.636 [info] [Trace - 12:49:10 AM] Sending notification 'textDocument/didChange'.
2025-01-29 00:49:11.413 [info] [Trace - 12:49:11 AM] Sending notification 'textDocument/didChange'.
2025-01-29 00:49:12.607 [info] [Trace - 12:49:12 AM] Sending notification 'textDocument/didChange'.
2025-01-29 00:49:13.358 [info] [Trace - 12:49:13 AM] Sending notification 'textDocument/didChange'.
2025-01-29 00:49:13.462 [info] [Trace - 12:49:13 AM] Sending notification 'textDocument/didChange'.
2025-01-29 00:49:13.744 [info] [Trace - 12:49:13 AM] Sending notification 'textDocument/didChange'.
2025-01-29 00:49:18.072 [info] [Trace - 12:49:18 AM] Sending notification 'textDocument/didChange'.
2025-01-29 00:49:18.194 [info] [Trace - 12:49:18 AM] Sending notification 'textDocument/didChange'.
2025-01-29 00:49:18.346 [info] [Trace - 12:49:18 AM] Sending notification 'textDocument/didChange'.
2025-01-29 00:49:18.670 [info] [Trace - 12:49:18 AM] Sending notification 'textDocument/didChange'.
2025-01-29 00:49:19.520 [info] [Trace - 12:49:19 AM] Sending notification 'textDocument/didChange'.
2025-01-29 00:49:21.902 [info] [Trace - 12:49:21 AM] Sending notification 'textDocument/didChange'.
2025-01-29 00:49:21.962 [info] [Trace - 12:49:21 AM] Sending notification 'textDocument/didChange'.
2025-01-29 00:49:22.197 [info] [Trace - 12:49:22 AM] Sending notification 'textDocument/didChange'.
2025-01-29 00:49:22.346 [info] [Trace - 12:49:22 AM] Sending notification 'textDocument/didChange'.
2025-01-29 00:49:22.438 [info] [Trace - 12:49:22 AM] Sending notification 'textDocument/didChange'.
2025-01-29 00:49:22.554 [info] [Trace - 12:49:22 AM] Sending notification 'textDocument/didChange'.
2025-01-29 00:49:25.347 [info] [Trace - 12:49:25 AM] Sending notification 'textDocument/didChange'.
2025-01-29 00:49:25.916 [info] [Trace - 12:49:25 AM] Sending notification 'textDocument/didChange'.
2025-01-29 00:49:28.676 [info] [Trace - 12:49:28 AM] Sending notification 'textDocument/didChange'.
2025-01-29 00:49:28.780 [info] [Trace - 12:49:28 AM] Sending notification 'textDocument/didChange'.
2025-01-29 00:49:29.050 [info] [Trace - 12:49:29 AM] Sending notification 'textDocument/didChange'.
2025-01-29 00:49:30.414 [info] [Trace - 12:49:30 AM] Sending notification 'textDocument/didChange'.
2025-01-29 00:49:30.642 [info] [Trace - 12:49:30 AM] Sending notification 'textDocument/didChange'.
2025-01-29 00:49:30.883 [info] [Trace - 12:49:30 AM] Sending notification 'textDocument/didChange'.
2025-01-29 00:49:30.985 [info] [Trace - 12:49:30 AM] Sending notification 'textDocument/didChange'.
2025-01-29 00:49:31.153 [info] [Trace - 12:49:31 AM] Sending notification 'textDocument/didChange'.
2025-01-29 00:49:35.937 [info] [Trace - 12:49:35 AM] Sending notification 'textDocument/didChange'.
2025-01-29 00:49:50.504 [info] [Trace - 12:49:50 AM] Sending notification 'textDocument/didChange'.
2025-01-29 00:49:51.791 [info] [Trace - 12:49:51 AM] Sending notification 'textDocument/didChange'.
2025-01-29 00:49:52.231 [info] [Trace - 12:49:52 AM] Sending notification 'textDocument/didChange'.
2025-01-29 00:49:52.386 [info] [Trace - 12:49:52 AM] Sending notification 'textDocument/didChange'.
2025-01-29 00:49:53.111 [info] [Trace - 12:49:53 AM] Sending notification 'textDocument/didChange'.
2025-01-29 00:49:53.254 [info] [Trace - 12:49:53 AM] Sending notification 'textDocument/didChange'.
2025-01-29 00:49:53.514 [info] [Trace - 12:49:53 AM] Sending notification 'textDocument/didChange'.
2025-01-29 00:49:53.626 [info] [Trace - 12:49:53 AM] Sending notification 'textDocument/didChange'.
2025-01-29 00:49:53.751 [info] [Trace - 12:49:53 AM] Sending notification 'textDocument/didChange'.
2025-01-29 00:49:54.535 [info] [Trace - 12:49:54 AM] Sending notification 'textDocument/didChange'.
2025-01-29 00:49:54.626 [info] [Trace - 12:49:54 AM] Sending notification 'textDocument/didChange'.
2025-01-29 00:49:54.680 [info] [Trace - 12:49:54 AM] Sending notification 'textDocument/didChange'.
2025-01-29 00:49:55.021 [info] [Trace - 12:49:55 AM] Sending notification 'textDocument/didChange'.
2025-01-29 00:49:56.034 [info] [Trace - 12:49:56 AM] Sending notification 'textDocument/didOpen'.
2025-01-29 00:49:56.037 [info] [Trace - 12:49:56 AM] Sending notification 'textDocument/didClose'.
2025-01-29 00:49:57.088 [info] [Trace - 12:49:57 AM] Sending notification 'textDocument/didChange'.
2025-01-29 00:49:57.245 [info] [Trace - 12:49:57 AM] Sending notification 'textDocument/didChange'.
2025-01-29 00:49:57.865 [info] [Trace - 12:49:57 AM] Sending notification 'textDocument/didChange'.
2025-01-29 00:49:57.953 [info] [Trace - 12:49:57 AM] Sending notification 'textDocument/didChange'.
2025-01-29 00:49:58.053 [info] [Trace - 12:49:58 AM] Sending notification 'textDocument/didChange'.
2025-01-29 00:49:58.349 [info] [Trace - 12:49:58 AM] Sending notification 'textDocument/didChange'.
2025-01-29 00:49:58.422 [info] [Trace - 12:49:58 AM] Sending notification 'textDocument/didChange'.
2025-01-29 00:49:58.669 [info] [Trace - 12:49:58 AM] Sending notification 'textDocument/didChange'.
2025-01-29 00:49:58.790 [info] [Trace - 12:49:58 AM] Sending notification 'textDocument/didChange'.
2025-01-29 00:49:59.587 [info] [Trace - 12:49:59 AM] Sending notification 'textDocument/didChange'.
2025-01-29 00:49:59.692 [info] [Trace - 12:49:59 AM] Sending notification 'textDocument/didChange'.
2025-01-29 00:49:59.845 [info] [Trace - 12:49:59 AM] Sending notification 'textDocument/didChange'.
2025-01-29 00:50:00.448 [info] [Trace - 12:50:00 AM] Sending notification 'textDocument/didChange'.
2025-01-29 00:50:00.499 [info] [Trace - 12:50:00 AM] Sending notification 'textDocument/didChange'.
2025-01-29 00:50:00.618 [info] [Trace - 12:50:00 AM] Sending notification 'textDocument/didChange'.
2025-01-29 00:50:01.606 [info] [Trace - 12:50:01 AM] Sending notification 'textDocument/didChange'.
2025-01-29 00:50:05.674 [info] [Trace - 12:50:05 AM] Sending notification 'textDocument/didChange'.
2025-01-29 00:50:06.417 [info] [Trace - 12:50:06 AM] Sending notification 'textDocument/didChange'.
2025-01-29 00:50:07.587 [info] [Trace - 12:50:07 AM] Sending notification 'textDocument/didChange'.
2025-01-29 00:50:10.781 [info] [Trace - 12:50:10 AM] Sending notification 'textDocument/didChange'.
2025-01-29 00:50:12.430 [info] [Trace - 12:50:12 AM] Sending notification 'textDocument/didChange'.
2025-01-29 00:50:12.593 [info] [Trace - 12:50:12 AM] Sending notification 'textDocument/didChange'.
2025-01-29 00:50:15.467 [info] [Trace - 12:50:15 AM] Sending notification 'textDocument/didChange'.
2025-01-29 00:50:16.276 [info] [Trace - 12:50:16 AM] Sending notification 'textDocument/didChange'.
2025-01-29 00:50:28.378 [info] [Trace - 12:50:28 AM] Sending notification 'textDocument/didChange'.
2025-01-29 00:50:29.033 [info] [Trace - 12:50:29 AM] Sending notification 'textDocument/didChange'.
2025-01-29 00:50:29.214 [info] [Trace - 12:50:29 AM] Sending notification 'textDocument/didChange'.
2025-01-29 00:50:29.439 [info] [Trace - 12:50:29 AM] Sending notification 'textDocument/didChange'.
2025-01-29 00:50:29.532 [info] [Trace - 12:50:29 AM] Sending notification 'textDocument/didChange'.
2025-01-29 00:50:29.681 [info] [Trace - 12:50:29 AM] Sending notification 'textDocument/didChange'.
2025-01-29 00:50:31.059 [info] [Trace - 12:50:31 AM] Sending notification 'textDocument/didChange'.
2025-01-29 00:50:31.593 [info] [Trace - 12:50:31 AM] Sending notification 'textDocument/didChange'.
2025-01-29 00:50:33.014 [info] [Trace - 12:50:33 AM] Sending notification 'textDocument/didChange'.
2025-01-29 00:50:34.329 [info] [Trace - 12:50:34 AM] Sending notification 'textDocument/didChange'.
2025-01-29 00:50:34.660 [info] [Trace - 12:50:34 AM] Sending notification 'textDocument/didChange'.
2025-01-29 00:50:36.050 [info] [Trace - 12:50:36 AM] Sending notification 'textDocument/didChange'.
2025-01-29 00:50:36.351 [info] [Trace - 12:50:36 AM] Sending notification 'textDocument/didChange'.
2025-01-29 00:50:36.714 [info] [Trace - 12:50:36 AM] Sending notification 'textDocument/didChange'.
2025-01-29 00:51:04.497 [info] [Trace - 12:51:04 AM] Sending notification 'textDocument/didChange'.
2025-01-29 00:51:04.586 [info] [Trace - 12:51:04 AM] Sending notification 'textDocument/didChange'.
2025-01-29 00:51:04.678 [info] [Trace - 12:51:04 AM] Sending notification 'textDocument/didChange'.
2025-01-29 00:51:05.875 [info] [Trace - 12:51:05 AM] Sending notification 'textDocument/didChange'.
2025-01-29 00:51:06.048 [info] [Trace - 12:51:06 AM] Sending notification 'textDocument/didChange'.
2025-01-29 00:51:06.229 [info] [Trace - 12:51:06 AM] Sending notification 'textDocument/didChange'.
2025-01-29 00:51:08.345 [info] [Trace - 12:51:08 AM] Sending notification 'textDocument/didChange'.
2025-01-29 00:51:08.439 [info] [Trace - 12:51:08 AM] Sending notification 'textDocument/didChange'.
2025-01-29 00:51:08.546 [info] [Trace - 12:51:08 AM] Sending notification 'textDocument/didChange'.
2025-01-29 00:51:09.359 [info] [Trace - 12:51:09 AM] Sending notification 'textDocument/didChange'.
2025-01-29 00:51:11.528 [info] [Trace - 12:51:11 AM] Sending notification 'textDocument/didChange'.
2025-01-29 00:51:16.953 [info] [Trace - 12:51:16 AM] Sending notification 'textDocument/didChange'.
2025-01-29 00:51:17.062 [info] [Trace - 12:51:17 AM] Sending notification 'textDocument/didChange'.
2025-01-29 00:51:17.156 [info] [Trace - 12:51:17 AM] Sending notification 'textDocument/didChange'.
2025-01-29 00:51:18.073 [info] [Trace - 12:51:18 AM] Sending notification 'textDocument/didChange'.
2025-01-29 00:51:21.738 [info] [Trace - 12:51:21 AM] Sending notification 'textDocument/didChange'.
2025-01-29 00:53:21.429 [info] [Trace - 12:53:21 AM] Sending notification 'textDocument/didChange'.
2025-01-29 00:53:21.490 [info] [Trace - 12:53:21 AM] Sending notification 'textDocument/didChange'.
2025-01-29 00:53:23.021 [info] [Trace - 12:53:23 AM] Sending notification 'textDocument/didChange'.
2025-01-29 00:53:23.203 [info] [Trace - 12:53:23 AM] Sending notification 'textDocument/didChange'.
2025-01-29 00:53:23.417 [info] [Trace - 12:53:23 AM] Sending notification 'textDocument/didChange'.
2025-01-29 00:53:23.534 [info] [Trace - 12:53:23 AM] Sending notification 'textDocument/didChange'.
2025-01-29 00:53:23.711 [info] [Trace - 12:53:23 AM] Sending notification 'textDocument/didChange'.
2025-01-29 00:53:24.935 [info] [Trace - 12:53:24 AM] Sending notification 'textDocument/didChange'.
2025-01-29 00:54:04.016 [info] [Trace - 12:54:04 AM] Sending notification 'textDocument/didChange'.
2025-01-29 00:54:04.937 [info] [Trace - 12:54:04 AM] Sending notification 'textDocument/didChange'.
2025-01-29 00:54:05.012 [info] [Trace - 12:54:05 AM] Sending notification 'textDocument/didChange'.
2025-01-29 00:54:05.111 [info] [Trace - 12:54:05 AM] Sending notification 'textDocument/didChange'.
2025-01-29 00:54:05.948 [info] [Trace - 12:54:05 AM] Sending notification 'textDocument/didChange'.
2025-01-29 00:54:07.197 [info] [Trace - 12:54:07 AM] Sending notification 'textDocument/didChange'.
2025-01-29 00:54:08.440 [info] [Trace - 12:54:08 AM] Sending notification 'textDocument/didChange'.
2025-01-29 00:54:08.592 [info] [Trace - 12:54:08 AM] Sending notification 'textDocument/didChange'.
2025-01-29 00:54:08.725 [info] [Trace - 12:54:08 AM] Sending notification 'textDocument/didChange'.
2025-01-29 00:54:09.386 [info] [Trace - 12:54:09 AM] Sending notification 'textDocument/didChange'.
2025-01-29 00:54:09.423 [info] [Trace - 12:54:09 AM] Sending notification 'textDocument/didChange'.
2025-01-29 00:54:09.464 [info] [Trace - 12:54:09 AM] Sending notification 'textDocument/didChange'.
2025-01-29 00:54:09.504 [info] [Trace - 12:54:09 AM] Sending notification 'textDocument/didChange'.
2025-01-29 00:54:09.544 [info] [Trace - 12:54:09 AM] Sending notification 'textDocument/didChange'.
2025-01-29 00:54:09.584 [info] [Trace - 12:54:09 AM] Sending notification 'textDocument/didChange'.
2025-01-29 00:54:09.637 [info] [Trace - 12:54:09 AM] Sending notification 'textDocument/didChange'.
2025-01-29 00:54:09.664 [info] [Trace - 12:54:09 AM] Sending notification 'textDocument/didChange'.
2025-01-29 00:54:10.049 [info] [Trace - 12:54:10 AM] Sending notification 'textDocument/didChange'.
2025-01-29 00:54:10.799 [info] [Trace - 12:54:10 AM] Sending notification 'textDocument/didChange'.
2025-01-29 00:54:10.880 [info] [Trace - 12:54:10 AM] Sending notification 'textDocument/didChange'.
2025-01-29 00:54:11.077 [info] [Trace - 12:54:11 AM] Sending notification 'textDocument/didChange'.
2025-01-29 00:54:11.203 [info] [Trace - 12:54:11 AM] Sending notification 'textDocument/didChange'.
2025-01-29 00:54:11.263 [info] [Trace - 12:54:11 AM] Sending notification 'textDocument/didChange'.
2025-01-29 00:54:11.419 [info] [Trace - 12:54:11 AM] Sending notification 'textDocument/didChange'.
2025-01-29 00:54:11.516 [info] [Trace - 12:54:11 AM] Sending notification 'textDocument/didChange'.
2025-01-29 00:54:15.551 [info] [Trace - 12:54:15 AM] Sending notification 'textDocument/didChange'.
2025-01-29 00:54:15.615 [info] [Trace - 12:54:15 AM] Sending notification 'textDocument/didChange'.
2025-01-29 00:54:18.684 [info] [Trace - 12:54:18 AM] Sending notification 'textDocument/didChange'.
2025-01-29 00:54:25.408 [info] [Trace - 12:54:25 AM] Sending notification 'textDocument/didChange'.
2025-01-29 00:54:25.546 [info] [Trace - 12:54:25 AM] Sending notification 'textDocument/didChange'.
2025-01-29 00:54:26.444 [info] [Trace - 12:54:26 AM] Sending notification 'textDocument/didChange'.
2025-01-29 00:54:27.787 [info] [Trace - 12:54:27 AM] Sending notification 'textDocument/didChange'.
2025-01-29 00:54:27.870 [info] [Trace - 12:54:27 AM] Sending notification 'textDocument/didChange'.
2025-01-29 00:54:28.880 [info] [Trace - 12:54:28 AM] Sending notification 'textDocument/didChange'.
2025-01-29 00:54:30.176 [info] [Trace - 12:54:30 AM] Sending notification 'textDocument/didChange'.
2025-01-29 00:54:30.375 [info] [Trace - 12:54:30 AM] Sending notification 'textDocument/didChange'.
2025-01-29 00:54:30.523 [info] [Trace - 12:54:30 AM] Sending notification 'textDocument/didChange'.
2025-01-29 00:54:31.115 [info] [Trace - 12:54:31 AM] Sending notification 'textDocument/didChange'.
2025-01-29 00:54:31.316 [info] [Trace - 12:54:31 AM] Sending notification 'textDocument/didChange'.
2025-01-29 00:54:31.520 [info] [Trace - 12:54:31 AM] Sending notification 'textDocument/didChange'.
2025-01-29 00:54:33.014 [info] [Trace - 12:54:33 AM] Sending notification 'textDocument/didChange'.
2025-01-29 00:54:58.767 [info] [Trace - 12:54:58 AM] Sending notification 'textDocument/didChange'.
2025-01-29 00:54:58.822 [info] [Trace - 12:54:58 AM] Sending notification 'textDocument/didChange'.
2025-01-29 00:55:03.974 [info] [Trace - 12:55:03 AM] Sending notification 'textDocument/didChange'.
2025-01-29 00:55:05.248 [info] [Trace - 12:55:05 AM] Sending notification 'textDocument/didChange'.
2025-01-29 00:55:05.457 [info] [Trace - 12:55:05 AM] Sending notification 'textDocument/didChange'.
2025-01-29 00:55:08.455 [info] [Trace - 12:55:08 AM] Sending notification 'textDocument/didChange'.
2025-01-29 00:55:08.534 [info] [Trace - 12:55:08 AM] Sending notification 'textDocument/didChange'.
2025-01-29 00:55:08.806 [info] [Trace - 12:55:08 AM] Sending notification 'textDocument/didChange'.
2025-01-29 00:55:09.195 [info] [Trace - 12:55:09 AM] Sending notification 'textDocument/didChange'.
2025-01-29 00:55:09.466 [info] [Trace - 12:55:09 AM] Sending notification 'textDocument/didChange'.
2025-01-29 00:55:09.761 [info] [Trace - 12:55:09 AM] Sending notification 'textDocument/didChange'.
2025-01-29 00:55:09.872 [info] [Trace - 12:55:09 AM] Sending notification 'textDocument/didChange'.
2025-01-29 00:55:10.170 [info] [Trace - 12:55:10 AM] Sending notification 'textDocument/didChange'.
2025-01-29 00:55:15.106 [info] [Trace - 12:55:15 AM] Sending notification 'textDocument/didChange'.
2025-01-29 00:55:16.342 [info] [Trace - 12:55:16 AM] Sending notification 'textDocument/didChange'.
2025-01-29 00:55:19.181 [info] [Trace - 12:55:19 AM] Sending notification 'textDocument/didChange'.
2025-01-29 00:55:19.261 [info] [Trace - 12:55:19 AM] Sending notification 'textDocument/didChange'.
2025-01-29 00:55:19.748 [info] [Trace - 12:55:19 AM] Sending notification 'textDocument/didChange'.
2025-01-29 00:55:20.536 [info] [Trace - 12:55:20 AM] Sending notification 'textDocument/didChange'.
2025-01-29 00:55:21.059 [info] [Trace - 12:55:21 AM] Sending notification 'textDocument/didChange'.
2025-01-29 00:55:22.125 [info] [Trace - 12:55:22 AM] Sending notification 'textDocument/didChange'.
2025-01-29 00:55:24.343 [info] [Trace - 12:55:24 AM] Sending notification 'textDocument/didChange'.
2025-01-29 00:55:24.471 [info] [Trace - 12:55:24 AM] Sending notification 'textDocument/didChange'.
2025-01-29 00:55:24.763 [info] [Trace - 12:55:24 AM] Sending notification 'textDocument/didChange'.
2025-01-29 00:55:25.341 [info] [Trace - 12:55:25 AM] Sending notification 'textDocument/didChange'.
2025-01-29 00:55:25.867 [info] [Trace - 12:55:25 AM] Sending notification 'textDocument/didChange'.
2025-01-29 00:55:28.236 [info] [Trace - 12:55:28 AM] Sending notification 'textDocument/didChange'.
2025-01-29 00:55:29.151 [info] [Trace - 12:55:29 AM] Sending notification 'textDocument/didChange'.
2025-01-29 00:55:32.057 [info] [Trace - 12:55:32 AM] Sending notification 'textDocument/didChange'.
2025-01-29 00:55:32.947 [info] [Trace - 12:55:32 AM] Sending notification 'textDocument/didChange'.
2025-01-29 00:55:38.821 [info] [Trace - 12:55:38 AM] Sending notification 'textDocument/didChange'.
2025-01-29 00:55:39.005 [info] [Trace - 12:55:39 AM] Sending notification 'textDocument/didChange'.
2025-01-29 00:55:55.486 [info] [Trace - 12:55:55 AM] Sending notification 'textDocument/didChange'.
2025-01-29 00:56:26.298 [info] [Trace - 12:56:26 AM] Sending notification 'textDocument/didChange'.
2025-01-29 00:56:26.428 [info] [Trace - 12:56:26 AM] Sending notification 'textDocument/didChange'.
2025-01-29 00:56:26.568 [info] [Trace - 12:56:26 AM] Sending notification 'textDocument/didChange'.
2025-01-29 00:56:26.784 [info] [Trace - 12:56:26 AM] Sending notification 'textDocument/didChange'.
2025-01-29 00:56:26.983 [info] [Trace - 12:56:26 AM] Sending notification 'textDocument/didChange'.
2025-01-29 00:56:27.137 [info] [Trace - 12:56:27 AM] Sending notification 'textDocument/didChange'.
2025-01-29 00:56:27.359 [info] [Trace - 12:56:27 AM] Sending notification 'textDocument/didChange'.
2025-01-29 00:56:27.423 [info] [Trace - 12:56:27 AM] Sending notification 'textDocument/didChange'.
2025-01-29 00:56:27.498 [info] [Trace - 12:56:27 AM] Sending notification 'textDocument/didChange'.
2025-01-29 00:57:51.769 [info] [Trace - 12:57:51 AM] Sending notification 'textDocument/didChange'.
2025-01-29 00:57:52.207 [info] [Trace - 12:57:52 AM] Sending notification 'textDocument/didChange'.
2025-01-29 00:57:52.367 [info] [Trace - 12:57:52 AM] Sending notification 'textDocument/didChange'.
2025-01-29 00:57:52.496 [info] [Trace - 12:57:52 AM] Sending notification 'textDocument/didChange'.
2025-01-29 00:57:52.838 [info] [Trace - 12:57:52 AM] Sending notification 'textDocument/didChange'.
2025-01-29 00:58:03.992 [info] [Trace - 12:58:03 AM] Sending notification 'textDocument/didChange'.
2025-01-29 00:58:05.013 [info] [Trace - 12:58:05 AM] Sending notification 'textDocument/didChange'.
2025-01-29 00:58:08.937 [info] [Trace - 12:58:08 AM] Sending notification 'textDocument/didChange'.
2025-01-29 00:58:08.967 [info] [Trace - 12:58:08 AM] Sending notification 'textDocument/didChange'.
2025-01-29 00:58:09.092 [info] [Trace - 12:58:09 AM] Sending notification 'textDocument/didChange'.
2025-01-29 00:58:09.912 [info] [Trace - 12:58:09 AM] Sending notification 'textDocument/didChange'.
2025-01-29 00:58:10.086 [info] [Trace - 12:58:10 AM] Sending notification 'textDocument/didChange'.
2025-01-29 00:58:10.274 [info] [Trace - 12:58:10 AM] Sending notification 'textDocument/didChange'.
2025-01-29 00:58:10.577 [info] [Trace - 12:58:10 AM] Sending notification 'textDocument/didChange'.
2025-01-29 00:58:12.819 [info] [Trace - 12:58:12 AM] Sending notification 'textDocument/didChange'.
2025-01-29 00:58:12.988 [info] [Trace - 12:58:12 AM] Sending notification 'textDocument/didChange'.
2025-01-29 00:58:15.792 [info] [Trace - 12:58:15 AM] Sending notification 'textDocument/didChange'.
2025-01-29 00:58:19.414 [info] [Trace - 12:58:19 AM] Sending notification 'textDocument/didChange'.
2025-01-29 00:58:20.373 [info] [Trace - 12:58:20 AM] Sending notification 'textDocument/didChange'.
2025-01-29 00:58:21.236 [info] [Trace - 12:58:21 AM] Sending notification 'textDocument/didChange'.
2025-01-29 00:58:21.275 [info] [Trace - 12:58:21 AM] Sending notification 'textDocument/didChange'.
2025-01-29 00:58:21.360 [info] [Trace - 12:58:21 AM] Sending notification 'textDocument/didChange'.
2025-01-29 00:58:23.116 [info] [Trace - 12:58:23 AM] Sending notification 'textDocument/didChange'.
2025-01-29 00:58:23.205 [info] [Trace - 12:58:23 AM] Sending notification 'textDocument/didChange'.
2025-01-29 00:58:24.605 [info] [Trace - 12:58:24 AM] Sending notification 'textDocument/didChange'.
2025-01-29 00:58:24.703 [info] [Trace - 12:58:24 AM] Sending notification 'textDocument/didChange'.
2025-01-29 00:58:25.006 [info] [Trace - 12:58:25 AM] Sending notification 'textDocument/didChange'.
2025-01-29 00:58:25.119 [info] [Trace - 12:58:25 AM] Sending notification 'textDocument/didChange'.
2025-01-29 00:58:26.914 [info] [Trace - 12:58:26 AM] Sending notification 'textDocument/didChange'.
2025-01-29 00:58:27.046 [info] [Trace - 12:58:27 AM] Sending notification 'textDocument/didChange'.
2025-01-29 00:58:27.192 [info] [Trace - 12:58:27 AM] Sending notification 'textDocument/didChange'.
2025-01-29 00:58:29.126 [info] [Trace - 12:58:29 AM] Sending notification 'textDocument/didChange'.
2025-01-29 00:58:29.306 [info] [Trace - 12:58:29 AM] Sending notification 'textDocument/didChange'.
2025-01-29 00:58:29.463 [info] [Trace - 12:58:29 AM] Sending notification 'textDocument/didChange'.
2025-01-29 00:58:29.968 [info] [Trace - 12:58:29 AM] Sending notification 'textDocument/didChange'.
2025-01-29 00:58:30.104 [info] [Trace - 12:58:30 AM] Sending notification 'textDocument/didChange'.
2025-01-29 00:58:30.274 [info] [Trace - 12:58:30 AM] Sending notification 'textDocument/didChange'.
2025-01-29 00:58:30.514 [info] [Trace - 12:58:30 AM] Sending notification 'textDocument/didChange'.
2025-01-29 00:58:30.624 [info] [Trace - 12:58:30 AM] Sending notification 'textDocument/didChange'.
2025-01-29 00:58:30.902 [info] [Trace - 12:58:30 AM] Sending notification 'textDocument/didChange'.
2025-01-29 00:58:31.051 [info] [Trace - 12:58:31 AM] Sending notification 'textDocument/didChange'.
2025-01-29 00:58:31.192 [info] [Trace - 12:58:31 AM] Sending notification 'textDocument/didChange'.
2025-01-29 00:58:31.338 [info] [Trace - 12:58:31 AM] Sending notification 'textDocument/didChange'.
2025-01-29 00:58:31.482 [info] [Trace - 12:58:31 AM] Sending notification 'textDocument/didChange'.
2025-01-29 00:58:31.636 [info] [Trace - 12:58:31 AM] Sending notification 'textDocument/didChange'.
2025-01-29 00:58:31.788 [info] [Trace - 12:58:31 AM] Sending notification 'textDocument/didChange'.
2025-01-29 00:58:31.976 [info] [Trace - 12:58:31 AM] Sending notification 'textDocument/didChange'.
2025-01-29 00:58:32.106 [info] [Trace - 12:58:32 AM] Sending notification 'textDocument/didChange'.
2025-01-29 00:58:32.239 [info] [Trace - 12:58:32 AM] Sending notification 'textDocument/didChange'.
2025-01-29 00:58:33.657 [info] [Trace - 12:58:33 AM] Sending notification 'textDocument/didChange'.
2025-01-29 00:58:33.962 [info] [Trace - 12:58:33 AM] Sending notification 'textDocument/didChange'.
2025-01-29 00:58:37.089 [info] [Trace - 12:58:37 AM] Sending notification 'textDocument/didChange'.
2025-01-29 00:58:42.014 [info] [Trace - 12:58:42 AM] Sending notification 'textDocument/didChange'.
2025-01-29 00:58:42.140 [info] [Trace - 12:58:42 AM] Sending notification 'textDocument/didChange'.
2025-01-29 00:58:42.439 [info] [Trace - 12:58:42 AM] Sending notification 'textDocument/didChange'.
2025-01-29 00:58:42.518 [info] [Trace - 12:58:42 AM] Sending notification 'textDocument/didChange'.
2025-01-29 00:58:42.761 [info] [Trace - 12:58:42 AM] Sending notification 'textDocument/didChange'.
2025-01-29 00:58:46.568 [info] [Trace - 12:58:46 AM] Sending notification 'textDocument/didChange'.
2025-01-29 00:58:47.608 [info] [Trace - 12:58:47 AM] Sending notification 'textDocument/didChange'.
2025-01-29 00:59:34.874 [info] [Trace - 12:59:34 AM] Sending notification 'textDocument/didChange'.
2025-01-29 00:59:35.489 [info] [Trace - 12:59:35 AM] Sending notification 'textDocument/didChange'.
2025-01-29 00:59:41.096 [info] [Trace - 12:59:41 AM] Sending notification 'textDocument/didChange'.
2025-01-29 00:59:41.403 [info] [Trace - 12:59:41 AM] Sending notification 'textDocument/didChange'.
2025-01-29 00:59:41.647 [info] [Trace - 12:59:41 AM] Sending notification 'textDocument/didChange'.
2025-01-29 00:59:42.298 [info] [Trace - 12:59:42 AM] Sending notification 'textDocument/didChange'.
2025-01-29 00:59:42.377 [info] [Trace - 12:59:42 AM] Sending notification 'textDocument/didChange'.
2025-01-29 00:59:42.506 [info] [Trace - 12:59:42 AM] Sending notification 'textDocument/didChange'.
2025-01-29 00:59:45.499 [info] [Trace - 12:59:45 AM] Sending notification 'textDocument/didChange'.
2025-01-29 00:59:45.634 [info] [Trace - 12:59:45 AM] Sending notification 'textDocument/didChange'.
2025-01-29 00:59:45.744 [info] [Trace - 12:59:45 AM] Sending notification 'textDocument/didChange'.
2025-01-29 00:59:45.966 [info] [Trace - 12:59:45 AM] Sending notification 'textDocument/didChange'.
2025-01-29 00:59:46.114 [info] [Trace - 12:59:46 AM] Sending notification 'textDocument/didChange'.
2025-01-29 00:59:46.379 [info] [Trace - 12:59:46 AM] Sending notification 'textDocument/didChange'.
2025-01-29 00:59:47.662 [info] [Trace - 12:59:47 AM] Sending notification 'textDocument/didChange'.
2025-01-29 00:59:48.050 [info] [Trace - 12:59:48 AM] Sending notification 'textDocument/didChange'.
2025-01-29 00:59:48.201 [info] [Trace - 12:59:48 AM] Sending notification 'textDocument/didChange'.
2025-01-29 00:59:48.285 [info] [Trace - 12:59:48 AM] Sending notification 'textDocument/didChange'.
2025-01-29 00:59:49.007 [info] [Trace - 12:59:49 AM] Sending notification 'textDocument/didChange'.
2025-01-29 00:59:49.106 [info] [Trace - 12:59:49 AM] Sending notification 'textDocument/didChange'.
2025-01-29 00:59:49.241 [info] [Trace - 12:59:49 AM] Sending notification 'textDocument/didChange'.
2025-01-29 00:59:49.802 [info] [Trace - 12:59:49 AM] Sending notification 'textDocument/didChange'.
2025-01-29 00:59:50.162 [info] [Trace - 12:59:50 AM] Sending notification 'textDocument/didChange'.
2025-01-29 00:59:50.577 [info] [Trace - 12:59:50 AM] Sending notification 'textDocument/didChange'.
2025-01-29 00:59:52.077 [info] [Trace - 12:59:52 AM] Sending notification 'textDocument/didChange'.
2025-01-29 00:59:54.265 [info] [Trace - 12:59:54 AM] Sending notification 'textDocument/didChange'.
2025-01-29 00:59:55.190 [info] [Trace - 12:59:55 AM] Sending notification 'textDocument/didChange'.
2025-01-29 00:59:57.493 [info] [Trace - 12:59:57 AM] Sending notification 'textDocument/didChange'.
2025-01-29 01:00:32.537 [info] [Trace - 1:00:32 AM] Sending notification 'textDocument/didChange'.
2025-01-29 01:00:32.846 [info] [Trace - 1:00:32 AM] Sending notification 'textDocument/didChange'.
2025-01-29 01:00:33.783 [info] [Trace - 1:00:33 AM] Sending notification 'textDocument/didChange'.
2025-01-29 01:00:51.084 [info] [Trace - 1:00:51 AM] Sending notification 'textDocument/didChange'.
2025-01-29 01:00:51.171 [info] [Trace - 1:00:51 AM] Sending notification 'textDocument/didChange'.
2025-01-29 01:00:52.112 [info] [Trace - 1:00:52 AM] Sending notification 'textDocument/didChange'.
2025-01-29 01:02:23.714 [info] [Trace - 1:02:23 AM] Sending notification 'textDocument/didChange'.
2025-01-29 01:02:23.918 [info] [Trace - 1:02:23 AM] Sending notification 'textDocument/didChange'.
2025-01-29 01:02:24.003 [info] [Trace - 1:02:24 AM] Sending notification 'textDocument/didChange'.
2025-01-29 01:02:24.479 [info] [Trace - 1:02:24 AM] Sending notification 'textDocument/didChange'.
2025-01-29 01:02:49.664 [info] [Trace - 1:02:49 AM] Sending notification 'textDocument/didChange'.
2025-01-29 01:02:49.796 [info] [Trace - 1:02:49 AM] Sending notification 'textDocument/didChange'.
2025-01-29 01:02:49.938 [info] [Trace - 1:02:49 AM] Sending notification 'textDocument/didChange'.
2025-01-29 01:02:49.944 [info] [Trace - 1:02:49 AM] Sending notification 'textDocument/didChange'.
2025-01-29 01:02:50.036 [info] [Trace - 1:02:50 AM] Sending notification 'textDocument/didChange'.
2025-01-29 01:03:08.171 [info] [Trace - 1:03:08 AM] Sending notification 'textDocument/didOpen'.
2025-01-29 01:03:08.206 [info] [Trace - 1:03:08 AM] Sending notification 'textDocument/didClose'.
2025-01-29 01:05:52.760 [info] [Trace - 1:05:52 AM] Sending notification 'textDocument/didChange'.
2025-01-29 01:05:53.035 [info] [Trace - 1:05:53 AM] Sending notification 'textDocument/didChange'.
2025-01-29 01:05:53.683 [info] [Trace - 1:05:53 AM] Sending notification 'textDocument/didChange'.
2025-01-29 01:05:55.126 [info] [Trace - 1:05:55 AM] Sending notification 'textDocument/didChange'.
2025-01-29 01:05:55.287 [info] [Trace - 1:05:55 AM] Sending notification 'textDocument/didChange'.
2025-01-29 01:05:55.727 [info] [Trace - 1:05:55 AM] Sending notification 'textDocument/didChange'.
2025-01-29 01:05:57.125 [info] [Trace - 1:05:57 AM] Sending notification 'textDocument/didChange'.
2025-01-29 01:05:57.336 [info] [Trace - 1:05:57 AM] Sending notification 'textDocument/didChange'.
2025-01-29 01:05:58.710 [info] [Trace - 1:05:58 AM] Sending notification 'textDocument/didChange'.
2025-01-29 01:06:29.547 [info] [Trace - 1:06:29 AM] Sending notification 'textDocument/didChange'.
2025-01-29 01:06:36.658 [info] [Trace - 1:06:36 AM] Sending notification 'textDocument/didChange'.
2025-01-29 01:06:37.849 [info] [Trace - 1:06:37 AM] Sending notification 'textDocument/didChange'.
2025-01-29 01:06:38.003 [info] [Trace - 1:06:38 AM] Sending notification 'textDocument/didChange'.
2025-01-29 01:06:38.133 [info] [Trace - 1:06:38 AM] Sending notification 'textDocument/didChange'.
2025-01-29 01:06:38.262 [info] [Trace - 1:06:38 AM] Sending notification 'textDocument/didChange'.
2025-01-29 01:06:38.492 [info] [Trace - 1:06:38 AM] Sending notification 'textDocument/didChange'.
2025-01-29 01:06:40.668 [info] [Trace - 1:06:40 AM] Sending notification 'textDocument/didChange'.
2025-01-29 01:06:41.029 [info] [Trace - 1:06:41 AM] Sending notification 'textDocument/didChange'.
2025-01-29 01:06:42.439 [info] [Trace - 1:06:42 AM] Sending notification 'textDocument/didChange'.
2025-01-29 01:06:43.449 [info] [Trace - 1:06:43 AM] Sending notification 'textDocument/didChange'.
2025-01-29 01:06:44.499 [info] [Trace - 1:06:44 AM] Sending notification 'textDocument/didChange'.
2025-01-29 01:06:44.585 [info] [Trace - 1:06:44 AM] Sending notification 'textDocument/didOpen'.
2025-01-29 01:06:44.588 [info] [Trace - 1:06:44 AM] Sending notification 'textDocument/didClose'.
2025-01-29 01:06:56.918 [info] [Trace - 1:06:56 AM] Sending notification 'textDocument/didChange'.
2025-01-29 01:06:57.509 [info] [Trace - 1:06:57 AM] Sending notification 'textDocument/didChange'.
2025-01-29 01:06:58.557 [info] [Trace - 1:06:58 AM] Sending notification 'textDocument/didChange'.
2025-01-29 01:06:59.131 [info] [Trace - 1:06:59 AM] Sending notification 'textDocument/didChange'.
2025-01-29 01:06:59.832 [info] [Trace - 1:06:59 AM] Sending notification 'textDocument/didChange'.
2025-01-29 01:07:02.106 [info] [Trace - 1:07:02 AM] Sending notification 'textDocument/didChange'.
2025-01-29 01:07:03.116 [info] [Trace - 1:07:03 AM] Sending notification 'textDocument/didChange'.
2025-01-29 01:07:03.768 [info] [Trace - 1:07:03 AM] Sending notification 'textDocument/didChange'.
2025-01-29 01:07:04.334 [info] [Trace - 1:07:04 AM] Sending notification 'textDocument/didChange'.
2025-01-29 01:07:07.772 [info] [Trace - 1:07:07 AM] Sending notification 'textDocument/didChange'.
2025-01-29 01:07:10.148 [info] [Trace - 1:07:10 AM] Sending notification 'textDocument/didChange'.
2025-01-29 01:07:10.242 [info] [Trace - 1:07:10 AM] Sending notification 'textDocument/didChange'.
2025-01-29 01:07:10.796 [info] [Trace - 1:07:10 AM] Sending notification 'textDocument/didChange'.
2025-01-29 01:07:12.293 [info] [Trace - 1:07:12 AM] Sending notification 'textDocument/didChange'.
2025-01-29 01:07:12.391 [info] [Trace - 1:07:12 AM] Sending notification 'textDocument/didChange'.
2025-01-29 01:07:13.184 [info] [Trace - 1:07:13 AM] Sending notification 'textDocument/didChange'.
2025-01-29 01:07:13.584 [info] [Trace - 1:07:13 AM] Sending notification 'textDocument/didChange'.
2025-01-29 01:07:15.029 [info] [Trace - 1:07:15 AM] Sending notification 'textDocument/didChange'.
2025-01-29 01:10:51.152 [info] [Trace - 1:10:51 AM] Sending notification 'textDocument/didChange'.
2025-01-29 01:10:51.213 [info] [Trace - 1:10:51 AM] Sending notification 'textDocument/didChange'.
2025-01-29 01:10:52.464 [info] [Trace - 1:10:52 AM] Sending notification 'textDocument/didChange'.
2025-01-29 01:10:52.614 [info] [Trace - 1:10:52 AM] Sending notification 'textDocument/didChange'.
2025-01-29 01:22:49.638 [info] [Trace - 1:22:49 AM] Sending notification 'textDocument/didChange'.
2025-01-29 01:23:22.042 [info] [Trace - 1:23:22 AM] Sending notification 'textDocument/didChange'.
2025-01-29 01:23:55.840 [info] [Trace - 1:23:55 AM] Sending notification 'textDocument/didChange'.
2025-01-29 01:23:56.025 [info] [Trace - 1:23:56 AM] Sending notification 'textDocument/didChange'.
2025-01-29 01:23:56.956 [info] [Trace - 1:23:56 AM] Sending notification 'textDocument/didChange'.
2025-01-29 01:23:57.704 [info] [Trace - 1:23:57 AM] Sending notification 'textDocument/didOpen'.
2025-01-29 01:23:57.742 [info] [Trace - 1:23:57 AM] Sending notification 'textDocument/didClose'.
2025-01-29 01:23:58.281 [info] [Trace - 1:23:58 AM] Sending notification 'textDocument/didOpen'.
2025-01-29 01:24:05.770 [info] [Trace - 1:24:05 AM] Sending notification 'textDocument/didOpen'.
2025-01-29 01:24:05.772 [info] [Trace - 1:24:05 AM] Sending notification 'textDocument/didClose'.
2025-01-29 01:24:07.987 [info] [Trace - 1:24:07 AM] Sending notification 'textDocument/didOpen'.
2025-01-29 01:24:15.732 [info] [Trace - 1:24:15 AM] Sending notification 'textDocument/didClose'.
2025-01-29 01:24:17.387 [info] [Trace - 1:24:17 AM] Sending notification 'textDocument/didClose'.
2025-01-29 01:25:30.553 [info] [Trace - 1:25:30 AM] Sending notification 'textDocument/didChange'.
2025-01-29 01:25:31.018 [info] [Trace - 1:25:31 AM] Sending notification 'textDocument/didOpen'.
2025-01-29 01:25:31.022 [info] [Trace - 1:25:31 AM] Sending notification 'textDocument/didClose'.
2025-01-29 01:26:50.260 [info] [Trace - 1:26:50 AM] Sending notification 'textDocument/didChange'.
2025-01-29 01:27:06.266 [info] [Trace - 1:27:06 AM] Sending notification 'textDocument/didChange'.
2025-01-29 01:27:22.870 [info] [Trace - 1:27:22 AM] Sending notification 'textDocument/didChange'.
2025-01-29 01:27:39.224 [info] [Trace - 1:27:39 AM] Sending notification 'textDocument/didChange'.
2025-01-29 01:28:02.388 [info] [Trace - 1:28:02 AM] Sending notification 'textDocument/didChange'.
2025-01-29 01:28:26.447 [info] [Trace - 1:28:26 AM] Sending notification 'textDocument/didChange'.
2025-01-29 01:28:42.616 [info] [Trace - 1:28:42 AM] Sending notification 'textDocument/didChange'.
2025-01-29 01:28:58.611 [info] [Trace - 1:28:58 AM] Sending notification 'textDocument/didChange'.
2025-01-29 01:29:11.415 [info] [Trace - 1:29:11 AM] Sending notification 'textDocument/didChange'.
2025-01-29 01:29:27.947 [info] [Trace - 1:29:27 AM] Sending notification 'textDocument/didChange'.
2025-01-29 01:29:32.399 [info] [Trace - 1:29:32 AM] Sending notification 'textDocument/didChange'.
2025-01-29 01:30:20.606 [info] [Trace - 1:30:20 AM] Sending notification 'textDocument/didChange'.
2025-01-29 01:31:15.655 [info] [Trace - 1:31:15 AM] Sending notification 'textDocument/didChange'.
2025-01-29 01:31:17.671 [info] [Trace - 1:31:17 AM] Sending notification 'textDocument/didChange'.
2025-01-29 01:31:30.499 [info] [Trace - 1:31:30 AM] Sending notification 'textDocument/didChange'.
2025-01-29 01:31:30.717 [info] [Trace - 1:31:30 AM] Sending notification 'textDocument/didChange'.
2025-01-29 01:31:30.874 [info] [Trace - 1:31:30 AM] Sending notification 'textDocument/didChange'.
2025-01-29 01:31:30.973 [info] [Trace - 1:31:30 AM] Sending notification 'textDocument/didChange'.
2025-01-29 01:31:43.375 [info] [Trace - 1:31:43 AM] Sending notification 'textDocument/didChange'.
2025-01-29 01:31:43.526 [info] [Trace - 1:31:43 AM] Sending notification 'textDocument/didChange'.
2025-01-29 01:32:06.418 [info] [Trace - 1:32:06 AM] Sending notification 'textDocument/didChange'.
2025-01-29 01:32:07.605 [info] [Trace - 1:32:07 AM] Sending notification 'textDocument/didChange'.
2025-01-29 01:32:07.997 [info] [Trace - 1:32:07 AM] Sending notification 'textDocument/didChange'.
2025-01-29 01:32:08.298 [info] [Trace - 1:32:08 AM] Sending notification 'textDocument/didChange'.
2025-01-29 01:33:58.037 [info] [Trace - 1:33:58 AM] Sending notification 'textDocument/didChange'.
2025-01-29 01:33:58.239 [info] [Trace - 1:33:58 AM] Sending notification 'textDocument/didChange'.
2025-01-29 01:34:35.235 [info] [Trace - 1:34:35 AM] Sending notification 'textDocument/didChange'.
2025-01-29 01:34:45.709 [info] [Trace - 1:34:45 AM] Sending notification 'textDocument/didChange'.
2025-01-29 01:34:46.788 [info] [Trace - 1:34:46 AM] Sending notification 'textDocument/didChange'.
2025-01-29 01:34:47.508 [info] [Trace - 1:34:47 AM] Sending notification 'textDocument/didChange'.
2025-01-29 01:35:05.899 [info] [Trace - 1:35:05 AM] Sending notification 'textDocument/didChange'.
2025-01-29 01:35:06.834 [info] [Trace - 1:35:06 AM] Sending notification 'textDocument/didChange'.
2025-01-29 01:35:07.349 [info] [Trace - 1:35:07 AM] Sending notification 'textDocument/didChange'.
2025-01-29 01:35:24.578 [info] [Trace - 1:35:24 AM] Sending notification 'textDocument/didChange'.
2025-01-29 01:35:25.478 [info] [Trace - 1:35:25 AM] Sending notification 'textDocument/didChange'.
2025-01-29 01:35:26.039 [info] [Trace - 1:35:26 AM] Sending notification 'textDocument/didChange'.
2025-01-29 01:35:26.330 [info] [Trace - 1:35:26 AM] Sending notification 'textDocument/didChange'.
2025-01-29 01:36:01.900 [info] [Trace - 1:36:01 AM] Sending notification 'textDocument/didChange'.
2025-01-29 01:36:02.843 [info] [Trace - 1:36:02 AM] Sending notification 'textDocument/didChange'.
2025-01-29 01:36:03.529 [info] [Trace - 1:36:03 AM] Sending notification 'textDocument/didChange'.
2025-01-29 01:36:17.852 [info] [Trace - 1:36:17 AM] Sending notification 'textDocument/didChange'.
2025-01-29 01:36:18.738 [info] [Trace - 1:36:18 AM] Sending notification 'textDocument/didChange'.
2025-01-29 01:36:21.348 [info] [Trace - 1:36:21 AM] Sending notification 'textDocument/didChange'.
2025-01-29 01:36:22.448 [info] [Trace - 1:36:22 AM] Sending notification 'textDocument/didChange'.
2025-01-29 01:36:22.805 [info] [Trace - 1:36:22 AM] Sending notification 'textDocument/didChange'.
2025-01-29 01:36:45.627 [info] [Trace - 1:36:45 AM] Sending notification 'textDocument/didChange'.
2025-01-29 01:36:46.422 [info] [Trace - 1:36:46 AM] Sending notification 'textDocument/didChange'.
2025-01-29 01:36:47.127 [info] [Trace - 1:36:47 AM] Sending notification 'textDocument/didChange'.
2025-01-29 01:36:47.643 [info] [Trace - 1:36:47 AM] Sending notification 'textDocument/didChange'.
2025-01-29 01:36:47.896 [info] [Trace - 1:36:47 AM] Sending notification 'textDocument/didChange'.
2025-01-29 01:37:04.794 [info] [Trace - 1:37:04 AM] Sending notification 'textDocument/didChange'.
2025-01-29 01:37:04.944 [info] [Trace - 1:37:04 AM] Sending notification 'textDocument/didChange'.
2025-01-29 01:37:05.544 [info] [Trace - 1:37:05 AM] Sending notification 'textDocument/didChange'.
2025-01-29 01:37:05.671 [info] [Trace - 1:37:05 AM] Sending notification 'textDocument/didChange'.
2025-01-29 01:37:06.076 [info] [Trace - 1:37:06 AM] Sending notification 'textDocument/didChange'.
2025-01-29 01:37:10.050 [info] [Trace - 1:37:10 AM] Sending notification 'textDocument/didChange'.
2025-01-29 01:37:11.406 [info] [Trace - 1:37:11 AM] Sending notification 'textDocument/didChange'.
