(VSCode) 2025-01-29 00:12:09.270 [INFO]: No proxy settings found
(VSCode) 2025-01-29 00:12:11.139 [INFO]: Checking network connection...
(VSCode) 2025-01-29 00:12:11.212 [INFO]: Creating manager directory: /tmp/a64845c4-771c-4c9e-8a2c-f9516c7b702f/codeium/manager
(VSCode) 2025-01-29 00:12:11.805 [INFO]: No Network Issue connecting to https://server.codeium.com/healthz
(VSCode) 2025-01-29 00:12:12.064 [INFO]: Using cached LS with valid crc32: /home/zefixed/.vscode/extensions/codeium.codeium-1.30.18/dist/1922b6ec8869ef782574fa5f5951f1c5e172c7b6/language_server_linux_x64
(VSCode) 2025-01-29 00:12:12.075 [INFO]: Language server started
2025/01/29 00:12:12 maxprocs: Leaving GOMAXPROCS=8: CPU quota undefined
I0129 00:12:12.217166 70956 main.go:568] [Language Server Manager] Setting GOMAXPROCS to 8
I0129 00:12:12.217263 70956 main.go:707] [Language Server Manager] Release 1.30.18 (1922b6ec8869ef782574fa5f5951f1c5e172c7b6)
I0129 00:12:12.217303 70956 main.go:786] [Language Server Manager] Starting language server manager with pid 70956
I0129 00:12:12.217420 70956 main.go:123] [Language Server Manager] Manager acquired its lock file /tmp/a64845c4-771c-4c9e-8a2c-f9516c7b702f/codeium/manager/locks/manager.lock
I0129 00:12:12.218104 70956 main.go:264] [Language Server Manager] Waiting for random port file in /tmp/a64845c4-771c-4c9e-8a2c-f9516c7b702f/codeium/manager/child_random_port_1738098732217537893_5933808704306271800 to be created
2025/01/29 00:12:12 maxprocs: Leaving GOMAXPROCS=8: CPU quota undefined
I0129 00:12:12.364610 70969 main.go:568] Setting GOMAXPROCS to 4
I0129 00:12:12.364799 70969 main.go:780] Starting language server process with pid 70969
I0129 00:12:12.364853 70969 server.go:220] Language server will attempt to listen on host 127.0.0.1
I0129 00:12:12.365013 70969 server.go:227] Language server listening on random port at 43917
I0129 00:12:12.963872 70969 unleash.go:92] Initializing Unleash
I0129 00:12:13.530359 70969 unleash.go:112] Successfully initialized Unleash
I0129 00:12:13.530632 70969 server.go:297] Extension server port not specified; skipping extension server client creation
I0129 00:12:13.558009 70969 web_server.go:258] Chat Web Server listening at ws://127.0.0.1:34911
E0129 00:12:13.593312 70969 client_manager.go:275] Metadata is nil when trying to refresh user JWT
I0129 00:12:13.594191 70969 server.go:528] Successfully created API server client
I0129 00:12:13.663395 70969 server.go:546] Successfully initialized tokenizer
I0129 00:12:13.947771 70969 server.go:721] Local search is enabled, will index local files.
I0129 00:12:13.947815 70969 server.go:725] Using 2 indexer workers
I0129 00:12:13.950854 70969 sqlite_faiss_db_client.go:64] Successfully created embedding search database in 2ms
I0129 00:12:13.951238 70969 indexer.go:213] Using 4 embed workers
I0129 00:12:13.951296 70969 search_provider.go:274] Successfully created and started indexer
I0129 00:12:13.951339 70969 search_provider.go:304] Successfully created embedding search provider
I0129 00:12:13.957028 70969 server.go:813] Successfully created completion provider
I0129 00:12:13.957081 70969 server.go:862] Child process attempting to acquire lock file /tmp/a64845c4-771c-4c9e-8a2c-f9516c7b702f/codeium/manager/locks/child_lock_1738098732217581265_8661214901460872591
I0129 00:12:13.957161 70969 server.go:870] Child process acquired lock file /tmp/a64845c4-771c-4c9e-8a2c-f9516c7b702f/codeium/manager/locks/child_lock_1738098732217581265_8661214901460872591
I0129 00:12:13.966817 70969 server.go:356] LSP listening on random port at 33175
33175
I0129 00:12:14.025360 70956 main.go:300] [Language Server Manager] Found random server port 43917
I0129 00:12:14.025448 70956 main.go:301] [Language Server Manager] Found random lsp port 33175
I0129 00:12:14.025476 70956 main.go:308] [Language Server Manager] Attempting to connect to language server at 127.0.0.1:43917
I0129 00:12:14.038839 70956 main.go:177] [Language Server Manager] Fixing language server port at 43917
I0129 00:12:14.038863 70956 main.go:360] [Language Server Manager] Successfully connected to new language server at 127.0.0.1:43917
(VSCode) 2025-01-29 00:12:14.095 [INFO]: Found language server running on port 43917
(VSCode) 2025-01-29 00:12:26.670 [ERROR]: [invalid_argument] validation error:
 - metadata.api_key: value length must be at least 1 characters [string.min_len]: validation error:
 - metadata.api_key: value length must be at least 1 characters [string.min_len]
(VSCode) 2025-01-29 00:12:26.705 [INFO]: openAllTextDocuments took 7.4649480000007316ms
(VSCode) 2025-01-29 00:12:44.020 [INFO]: Disposing language server process
(VSCode) 2025-01-29 00:12:44.021 [INFO]: Deleting manager directory: /tmp/a64845c4-771c-4c9e-8a2c-f9516c7b702f/codeium/manager
(VSCode) 2025-01-29 00:12:44.022 [INFO]: Successfully disposed language server
W0129 00:12:44.024313 70956 main.go:127] [Language Server Manager] Got signal terminated, shutting down
