(VSCode) 2025-01-29 00:14:14.716 [INFO]: No proxy settings found
(VSCode) 2025-01-29 00:14:16.760 [INFO]: Checking network connection...
(VSCode) 2025-01-29 00:14:17.423 [INFO]: No Network Issue connecting to https://server.codeium.com/healthz
(VSCode) 2025-01-29 00:14:17.687 [INFO]: Creating manager directory: /tmp/93ff6e26-c5b3-4fd2-ac60-7982285c86ca/codeium/manager
(VSCode) 2025-01-29 00:14:18.720 [INFO]: Using cached LS with valid crc32: /home/zefixed/.vscode/extensions/codeium.codeium-1.30.18/dist/1922b6ec8869ef782574fa5f5951f1c5e172c7b6/language_server_linux_x64
(VSCode) 2025-01-29 00:14:18.738 [INFO]: Language server started
2025/01/29 00:14:18 maxprocs: Leaving GOMAXPROCS=8: CPU quota undefined
I0129 00:14:18.894139 72918 main.go:568] [Language Server Manager] Setting GOMAXPROCS to 8
I0129 00:14:18.894209 72918 main.go:707] [Language Server Manager] Release 1.30.18 (1922b6ec8869ef782574fa5f5951f1c5e172c7b6)
I0129 00:14:18.894240 72918 main.go:786] [Language Server Manager] Starting language server manager with pid 72918
I0129 00:14:18.894336 72918 main.go:123] [Language Server Manager] Manager acquired its lock file /tmp/93ff6e26-c5b3-4fd2-ac60-7982285c86ca/codeium/manager/locks/manager.lock
I0129 00:14:18.895605 72918 main.go:264] [Language Server Manager] Waiting for random port file in /tmp/93ff6e26-c5b3-4fd2-ac60-7982285c86ca/codeium/manager/child_random_port_1738098858894438541_1743027380926453299 to be created
2025/01/29 00:14:18 maxprocs: Leaving GOMAXPROCS=8: CPU quota undefined
I0129 00:14:19.078722 72935 main.go:568] Setting GOMAXPROCS to 4
I0129 00:14:19.078954 72935 main.go:780] Starting language server process with pid 72935
I0129 00:14:19.079030 72935 server.go:220] Language server will attempt to listen on host 127.0.0.1
I0129 00:14:19.079213 72935 server.go:227] Language server listening on random port at 37715
I0129 00:14:19.666917 72935 unleash.go:92] Initializing Unleash
I0129 00:14:20.219127 72935 unleash.go:112] Successfully initialized Unleash
I0129 00:14:20.219805 72935 server.go:297] Extension server port not specified; skipping extension server client creation
I0129 00:14:20.243653 72935 web_server.go:258] Chat Web Server listening at ws://127.0.0.1:41405
E0129 00:14:20.268351 72935 client_manager.go:275] Metadata is nil when trying to refresh user JWT
I0129 00:14:20.269036 72935 server.go:528] Successfully created API server client
I0129 00:14:20.311231 72935 server.go:546] Successfully initialized tokenizer
I0129 00:14:20.559972 72935 server.go:721] Local search is enabled, will index local files.
I0129 00:14:20.560004 72935 server.go:725] Using 2 indexer workers
I0129 00:14:20.562859 72935 sqlite_faiss_db_client.go:64] Successfully created embedding search database in 2ms
I0129 00:14:20.563194 72935 indexer.go:213] Using 4 embed workers
I0129 00:14:20.563336 72935 search_provider.go:274] Successfully created and started indexer
I0129 00:14:20.563453 72935 search_provider.go:304] Successfully created embedding search provider
I0129 00:14:20.574139 72935 server.go:813] Successfully created completion provider
I0129 00:14:20.578658 72935 server.go:862] Child process attempting to acquire lock file /tmp/93ff6e26-c5b3-4fd2-ac60-7982285c86ca/codeium/manager/locks/child_lock_1738098858894499444_7747010399875992437
I0129 00:14:20.578782 72935 server.go:870] Child process acquired lock file /tmp/93ff6e26-c5b3-4fd2-ac60-7982285c86ca/codeium/manager/locks/child_lock_1738098858894499444_7747010399875992437
I0129 00:14:20.588608 72935 server.go:356] LSP listening on random port at 42821
42821
I0129 00:14:20.607961 72918 main.go:300] [Language Server Manager] Found random server port 37715
I0129 00:14:20.608000 72918 main.go:301] [Language Server Manager] Found random lsp port 42821
I0129 00:14:20.608027 72918 main.go:308] [Language Server Manager] Attempting to connect to language server at 127.0.0.1:37715
I0129 00:14:20.620564 72918 main.go:177] [Language Server Manager] Fixing language server port at 37715
I0129 00:14:20.620591 72918 main.go:360] [Language Server Manager] Successfully connected to new language server at 127.0.0.1:37715
(VSCode) 2025-01-29 00:14:20.657 [INFO]: Found language server running on port 37715
I0129 00:14:20.677720 72935 utils.go:228] Analyzing workspace files for /home/zefixed/Documents/python/lzparser
I0129 00:14:20.678726 72935 utils.go:282] Done analyzing workspace files for /home/zefixed/Documents/python/lzparser
I0129 00:14:20.683139 72935 lazy_model.go:31] Successfully created embedding store
(VSCode) 2025-01-29 00:14:21.031 [INFO]: openAllTextDocuments took 11.625802000000476ms
(VSCode) 2025-01-29 00:15:28.907 [INFO]: Disposing language server process
(VSCode) 2025-01-29 00:15:28.907 [INFO]: Deleting manager directory: /tmp/93ff6e26-c5b3-4fd2-ac60-7982285c86ca/codeium/manager
(VSCode) 2025-01-29 00:15:28.908 [INFO]: Successfully disposed language server
W0129 00:15:28.907416 72918 main.go:127] [Language Server Manager] Got signal terminated, shutting down
I0129 00:15:28.969076 72935 server.go:1035] Exit requested on language server process 72935
I0129 00:15:28.969277 72935 server.go:1012] Language server shutting down
I0129 00:15:28.980802 72918 cmd_wrapper.go:271] [Language Server Manager] LanguageServer exited with: success
(VSCode) 2025-01-29 00:15:28.984 [INFO]: Language server exited with code 0
(VSCode) 2025-01-29 00:15:29.232 [ERROR]: [unavailable] connect ECONNREFUSED 127.0.0.1:37715
(VSCode) 2025-01-29 00:15:29.727 [ERROR]: [unavailable] connect ECONNREFUSED 127.0.0.1:37715
(VSCode) 2025-01-29 00:15:29.986 [ERROR]: connect ECONNREFUSED 127.0.0.1:41405
(VSCode) 2025-01-29 00:15:29.987 [ERROR]: connect ECONNREFUSED 127.0.0.1:41405
(VSCode) 2025-01-29 00:15:30.003 [ERROR]: connect ECONNREFUSED 127.0.0.1:41405
(VSCode) 2025-01-29 00:15:30.012 [ERROR]: connect ECONNREFUSED 127.0.0.1:41405
(VSCode) 2025-01-29 00:15:30.229 [ERROR]: [unavailable] connect ECONNREFUSED 127.0.0.1:37715
(VSCode) 2025-01-29 00:15:30.730 [ERROR]: [unavailable] connect ECONNREFUSED 127.0.0.1:37715
