2025-01-29 00:07:37.845 [info] Reading sessions from keychain...
2025-01-29 00:07:37.845 [info] Getting sessions for all scopes...
2025-01-29 00:07:37.845 [info] Getting sessions for all scopes...
2025-01-29 00:07:37.865 [info] Getting sessions for all scopes...
2025-01-29 00:07:37.866 [info] Getting sessions for all scopes...
2025-01-29 00:07:37.866 [info] Getting sessions for all scopes...
2025-01-29 00:07:37.866 [info] Getting sessions for all scopes...
2025-01-29 00:07:37.866 [info] Getting sessions for all scopes...
2025-01-29 00:07:37.871 [info] Got 0 sessions for ...
2025-01-29 00:07:37.871 [info] Got 0 sessions for ...
2025-01-29 00:07:37.871 [info] Got 0 sessions for ...
2025-01-29 00:07:37.871 [info] Got 0 sessions for ...
2025-01-29 00:07:37.871 [info] Got 0 sessions for ...
2025-01-29 00:07:37.871 [info] Got 0 sessions for ...
2025-01-29 00:07:37.871 [info] Got 0 sessions for ...
2025-01-29 00:07:39.270 [info] Getting sessions for all scopes...
2025-01-29 00:07:39.270 [info] Got 0 sessions for ...
2025-01-29 00:07:43.620 [info] Getting sessions for user:email...
2025-01-29 00:07:43.620 [info] Got 0 sessions for user:email...
2025-01-29 00:07:44.843 [info] Logging in with 'any' account...
2025-01-29 00:07:44.843 [info] Logging in for the following scopes: user:email
2025-01-29 00:07:44.890 [info] Trying without local server... (user:email)
2025-01-29 00:07:54.694 [info] Exchanging code for token...
2025-01-29 00:07:55.018 [info] Token exchange success!
2025-01-29 00:07:55.020 [info] Getting user info...
2025-01-29 00:07:55.382 [info] Got account info!
2025-01-29 00:07:55.384 [info] Storing 1 sessions...
2025-01-29 00:08:05.901 [info] Reading sessions from keychain...
2025-01-29 00:08:05.901 [info] Stored 1 sessions!
2025-01-29 00:08:05.901 [info] Login success!
2025-01-29 00:08:05.996 [info] Getting sessions for all scopes...
2025-01-29 00:08:05.996 [info] Getting sessions for user:email...
2025-01-29 00:08:05.997 [info] Got stored sessions!
2025-01-29 00:08:05.997 [info] Got 1 verified sessions.
2025-01-29 00:08:05.997 [info] Got 1 sessions for ...
2025-01-29 00:08:05.997 [info] Got 1 sessions for user:email...
2025-01-29 00:08:37.002 [info] Getting sessions for read:user,repo,user:email,workflow...
2025-01-29 00:08:37.002 [info] Got 0 sessions for read:user,repo,user:email,workflow...
